#
# A fatal error has been detected by the Java Runtime Environment:
#
#  SIGBUS (0xa) at pc=0x00000001012aff5c, pid=73555, tid=259
#
# JRE version: Java(TM) SE Runtime Environment 18.9 (11.0.17+10) (build 11.0.17+10-LTS-269)
# Java VM: Java HotSpot(TM) 64-Bit Server VM 18.9 (11.0.17+10-LTS-269, mixed mode, tiered, compressed oops, g1 gc, bsd-aarch64)
# Problematic frame:
# V  [libjvm.dylib+0x43f5c]  _ZN9Assembler3subEP12RegisterImplS1_j+0x3c
#
# No core dump will be written. Core dumps have been disabled. To enable core dumping, try "ulimit -c unlimited" before starting Java again
#
# If you would like to submit a bug report, please visit:
#   https://bugreport.java.com/bugreport/crash.jsp
#

---------------  S U M M A R Y ------------

Command Line: -Dfile.encoding=UTF-8 -Duser.country=GB -Duser.language=en -Duser.variant duke.Duke

Host: Mac14,2 arm64 1 MHz, 8 cores, 16G, Darwin 21.6.0
Time: Fri Sep 15 15:01:52 2023 +08 elapsed time: 0.526113 seconds (0d 0h 0m 0s)

---------------  T H R E A D  ---------------

Current thread (0x0000000146bf6800):  JavaThread "Thread-2" [_thread_in_vm, id=259, stack(0x000000016f140000,0x000000016f93c000)]

Stack: [0x000000016f140000,0x000000016f93c000],  sp=0x000000016f936a30,  free space=8154k
Native frames: (J=compiled Java code, j=interpreted, Vv=VM code, C=native code)
V  [libjvm.dylib+0x43f5c]  _ZN9Assembler3subEP12RegisterImplS1_j+0x3c
V  [libjvm.dylib+0x5b3550]  _ZN13SharedRuntime15gen_i2c_adapterEP14MacroAssembleriiPK9BasicTypePK9VMRegPair+0x90
V  [libjvm.dylib+0x5b39a0]  _ZN13SharedRuntime23generate_i2c2i_adaptersEP14MacroAssembleriiPK9BasicTypePK9VMRegPairP18AdapterFingerPrint+0x40
V  [libjvm.dylib+0x5ae3e4]  _ZN21AdapterHandlerLibrary12get_adapter0ERK12methodHandle+0x224
V  [libjvm.dylib+0x5ae0a8]  _ZN21AdapterHandlerLibrary11get_adapterERK12methodHandle+0x20
V  [libjvm.dylib+0x4e882c]  _ZN6Method13make_adaptersERK12methodHandleP6Thread+0x1c
V  [libjvm.dylib+0x2fd100]  _ZN13InstanceKlass12link_methodsEP6Thread+0x84
V  [libjvm.dylib+0x2fc7fc]  _ZN13InstanceKlass15link_class_implEbP6Thread+0x2bc
V  [libjvm.dylib+0x2fc9c0]  _ZN13InstanceKlass15initialize_implEP6Thread+0x58
V  [libjvm.dylib+0x44e718]  _ZN12LinkResolver19resolve_static_callER8CallInfoRK8LinkInfobP6Thread+0x7c
V  [libjvm.dylib+0x450024]  _ZN12LinkResolver20resolve_invokestaticER8CallInfoRK18constantPoolHandleiP6Thread+0x44
V  [libjvm.dylib+0x30fc04]  _ZN18InterpreterRuntime14resolve_invokeEP10JavaThreadN9Bytecodes4CodeE+0x1f0
V  [libjvm.dylib+0x3101b8]  _ZN18InterpreterRuntime18resolve_from_cacheEP10JavaThreadN9Bytecodes4CodeE+0x6c
j  com.sun.glass.ui.Application.lambda$run$1(Ljava/lang/Runnable;)V+0
j  com.sun.glass.ui.Application$$Lambda$68.run()V+4
j  com.sun.glass.ui.mac.MacApplication.lambda$runLoop$3(Ljava/lang/Runnable;)V+12
j  com.sun.glass.ui.mac.MacApplication$$Lambda$69.run()V+8
v  ~StubRoutines::call_stub
V  [libjvm.dylib+0x315c98]  _ZN9JavaCalls11call_helperEP9JavaValueRK12methodHandleP17JavaCallArgumentsP6Thread+0x224
V  [libjvm.dylib+0x35b22c]  _ZL20jni_invoke_nonstaticP7JNIEnv_P9JavaValueP8_jobject11JNICallTypeP10_jmethodIDP18JNI_ArgumentPusherP6Thread+0x284
V  [libjvm.dylib+0x35feb0]  jni_CallVoidMethod+0x188
C  [libglass.dylib+0xadd0]  -[GlassApplication applicationWillFinishLaunching:]+0x1b8
C  [CoreFoundation+0x7951c]  __CFNOTIFICATIONCENTER_IS_CALLING_OUT_TO_AN_OBSERVER__+0x1c
C  [CoreFoundation+0x11dc18]  ___CFXRegistrationPost_block_invoke+0x34
C  [CoreFoundation+0x11db84]  _CFXRegistrationPost+0x1c8
C  [CoreFoundation+0x481c0]  _CFXNotificationPost+0x2dc
C  [Foundation+0x9c98]  -[NSNotificationCenter postNotificationName:object:userInfo:]+0x60
C  [AppKit+0x322b4]  -[NSApplication finishLaunching]+0x168
C  [AppKit+0x31eb0]  -[NSApplication run]+0x124
C  [libglass.dylib+0xcc1c]  -[GlassApplication runLoop:]+0x7cc
C  [Foundation+0x84f94]  __NSThreadPerformPerform+0xd4
C  [CoreFoundation+0x85044]  __CFRUNLOOP_IS_CALLING_OUT_TO_A_SOURCE0_PERFORM_FUNCTION__+0x1c
C  [CoreFoundation+0x84f90]  __CFRunLoopDoSource0+0xd0
C  [CoreFoundation+0x84c90]  __CFRunLoopDoSources0+0x10c
C  [CoreFoundation+0x83610]  __CFRunLoopRun+0x33c
C  [CoreFoundation+0x82b34]  CFRunLoopRunSpecific+0x258
C  [libjli.dylib+0x7400]  CreateExecutionEnvironment+0x190
C  [libjli.dylib+0x3a1c]  JLI_Launch+0x464
C  [java+0xc34]  main+0x184
C  0x000000010067d08c

Java frames: (J=compiled Java code, j=interpreted, Vv=VM code)
j  com.sun.glass.ui.Application.lambda$run$1(Ljava/lang/Runnable;)V+0
j  com.sun.glass.ui.Application$$Lambda$68.run()V+4
j  com.sun.glass.ui.mac.MacApplication.lambda$runLoop$3(Ljava/lang/Runnable;)V+12
j  com.sun.glass.ui.mac.MacApplication$$Lambda$69.run()V+8
v  ~StubRoutines::call_stub

siginfo: si_signo: 10 (SIGBUS), si_code: 1 (BUS_ADRALN), si_addr: 0x00000001094d5980

Register to memory mapping:

 x0=0x000000016f936a30 is pointing into the stack for thread: 0x0000000146bf6800
 x1=0x000000000000001f is an unknown value
 x2=0x0000000000000009 is an unknown value
 x3=0x0000000000000005 is an unknown value
 x4=0x0000000000000006 is an unknown value
 x5=0x0000000000000004 is an unknown value
 x6=0x00000001012aff7c: _ZN9Assembler3subEP12RegisterImplS1_S1_NS_10shift_kindEj+0 in /Users/cleontan/Downloads/jdk-11.0.17.jdk/Contents/Home/lib/server/libjvm.dylib at 0x000000010126c000
 x7=0x0 is NULL
 x8=0x000000016f936df0 is pointing into the stack for thread: 0x0000000146bf6800
 x9=0x00000000d10123e8 is an unknown value
x10=0x000000016f936ec0 is pointing into the stack for thread: 0x0000000146bf6800
x11=0x00000001094d5980 is at code_begin+0 in 
[CodeBlob (0x00000001094d5910)]
Framesize: 0
BufferBlob (0x00000001094d5910) used for adapters
x12=0x00000000d345dffb is an unknown value
x13=0x000000005345d800 is an unknown value
x14=0x0000000053400000 is an unknown value
x15=0x0000000101a9c268: _ZN9vmSymbols8_symbolsE+0x318 in /Users/cleontan/Downloads/jdk-11.0.17.jdk/Contents/Home/lib/server/libjvm.dylib at 0x000000010126c000
x16=0x00000001c2a50630: bsearch+0 in /usr/lib/system/libsystem_c.dylib at 0x00000001c2a48000
x17=0x00000000000008fd is an unknown value
x18=0x00000006cf301cb8 is an oop: java.lang.Object 
{0x00000006cf301cb8} - klass: 'java/lang/Object'
x19=0x000000016f936df0 is pointing into the stack for thread: 0x0000000146bf6800
x20=0x0000000000000008 is an unknown value
x21=0x0000000145f74a20 points into unknown readable memory: 0x0000000b0000000c | 0c 00 00 00 0b 00 00 00
x22=0x0000000000000016 is an unknown value
x23=0x0000000000000021 is an unknown value
x24=0x0000000000000004 is an unknown value
x25=0x0000000101926358: sp+0 in /Users/cleontan/Downloads/jdk-11.0.17.jdk/Contents/Home/lib/server/libjvm.dylib at 0x000000010126c000
x26=0x00000001094dee90 is pointing to an (unnamed) stub routine
x27=0x0000000145f74a80 points into unknown readable memory: 0x0000000000000003 | 03 00 00 00 00 00 00 00
x28=0x0000000146bf6800 is a thread


Registers:
 x0=0x000000016f936a30  x1=0x000000000000001f  x2=0x0000000000000009  x3=0x0000000000000005
 x4=0x0000000000000006  x5=0x0000000000000004  x6=0x00000001012aff7c  x7=0x0000000000000000
 x8=0x000000016f936df0  x9=0x00000000d10123e8 x10=0x000000016f936ec0 x11=0x00000001094d5980
x12=0x00000000d345dffb x13=0x000000005345d800 x14=0x0000000053400000 x15=0x0000000101a9c268
x16=0x00000001c2a50630 x17=0x00000000000008fd x18=0x00000006cf301cb8 x19=0x000000016f936df0
x20=0x0000000000000008 x21=0x0000000145f74a20 x22=0x0000000000000016 x23=0x0000000000000021
x24=0x0000000000000004 x25=0x0000000101926358 x26=0x00000001094dee90 x27=0x0000000145f74a80
x28=0x0000000146bf6800  fp=0x000000016f936a40  lr=0x00000001012aff48  sp=0x000000016f936a30
pc=0x00000001012aff5c cpsr=0x0000000060001000
Top of Stack: (sp=0x000000016f936a30)
0x000000016f936a30:   00000000d10123e8 000000016f936df0
0x000000016f936a40:   000000016f936b60 000000010181f550
0x000000016f936a50:   000000016f936ac0 0000600002da0ea0
0x000000016f936a60:   0000000000000000 0000000000000000
0x000000016f936a70:   00000020ffffffff 0000000000000001
0x000000016f936a80:   000000016f9370b0 000000021b5e4000
0x000000016f936a90:   0000000000000000 000000021c21cb38
0x000000016f936aa0:   000000016f936df0 0000600001fa4100
0x000000016f936ab0:   000000016f936af0 e77b8001c2c17084
0x000000016f936ac0:   0000000000000004 00006000018a4000
0x000000016f936ad0:   00006000018a4000 0000000000000001
0x000000016f936ae0:   00006000018a4000 0000600001fa4100
0x000000016f936af0:   000000016f936d50 a7018001c2d2d594
0x000000016f936b00:   0120400000220197 000000006869776e
0x000000016f936b10:   0000000146bf6800 000000016f936e68
0x000000016f936b20:   00000001094dee90 0000000101a84000
0x000000016f936b30:   0000000145f74a20 0000000000000012
0x000000016f936b40:   0000000145f74a80 000000016f936df0
0x000000016f936b50:   0000000000000016 0000600000dae780
0x000000016f936b60:   000000016f936dc0 000000010181f9a0
0x000000016f936b70:   000000016f936bb0 0000000145f74a80
0x000000016f936b80:   0120400000220197 0000000000000000
0x000000016f936b90:   0000000000000001 00000001094d5980
0x000000016f936ba0:   00006000023fd020 0000000000000000
0x000000016f936bb0:   000000016f936bf0 b74b800100000016
0x000000016f936bc0:   0000000000000000 00000001005f4000
0x000000016f936bd0:   0000000000000001 0000000000000000
0x000000016f936be0:   00000001005f4238 0000000000000007
0x000000016f936bf0:   000000000000000e 0000000000000000
0x000000016f936c00:   0000000000000001 00000001005f4000
0x000000016f936c10:   0000000000000000 0000000000000020
0x000000016f936c20:   000000016f936c80 cc470001c29961e0 

Instructions: (pc=0x00000001012aff5c)
0x00000001012afe5c:   e8 17 9f 1a a1 02 08 4b e0 43 00 91 82 02 80 52
0x00000001012afe6c:   03 02 80 52 60 f8 ff 97 00 0f 40 f9 a8 33 00 f0
0x00000001012afe7c:   1f 20 03 d5 19 ad 41 f9 3f 03 16 eb fa 03 80 52
0x00000001012afe8c:   41 03 96 1a 22 01 80 52 a3 00 80 52 56 f8 ff 97
0x00000001012afe9c:   00 0f 40 f9 3f 03 17 eb 41 03 97 1a 82 00 80 52
0x00000001012afeac:   03 00 80 52 50 f8 ff 97 f3 03 00 b9 e0 03 18 aa
0x00000001012afebc:   81 00 80 52 62 01 80 52 e3 03 17 aa e4 03 16 aa
0x00000001012afecc:   e5 03 15 aa 06 00 80 52 e7 03 14 aa 27 fd ff 97
0x00000001012afedc:   e8 0f 40 f9 09 0d 40 f9 29 01 40 b9 0a 05 40 f9
0x00000001012afeec:   4b 09 40 f9 69 01 00 b9 49 09 40 f9 29 11 00 91
0x00000001012afefc:   49 09 00 f9 1f 0d 00 f9 fd 7b 46 a9 f4 4f 45 a9
0x00000001012aff0c:   f6 57 44 a9 f8 5f 43 a9 fa 67 42 a9 ff c3 01 91
0x00000001012aff1c:   c0 03 5f d6 ff 83 00 d1 fd 7b 01 a9 fd 43 00 91
0x00000001012aff2c:   ff 03 00 b9 e0 07 00 f9 e8 03 00 91 08 0c 00 f9
0x00000001012aff3c:   c4 00 80 52 85 00 80 52 3e 83 01 94 e8 07 40 f9
0x00000001012aff4c:   09 0d 40 f9 29 01 40 b9 0a 05 40 f9 4b 09 40 f9
0x00000001012aff5c:   69 01 00 b9 49 09 40 f9 29 11 00 91 49 09 00 f9
0x00000001012aff6c:   1f 0d 00 f9 fd 7b 41 a9 ff 83 00 91 c0 03 5f d6
0x00000001012aff7c:   ff 43 01 d1 f8 5f 01 a9 f6 57 02 a9 f4 4f 03 a9
0x00000001012aff8c:   fd 7b 04 a9 fd 03 01 91 f3 03 05 aa f4 03 04 aa
0x00000001012aff9c:   f5 03 03 aa f6 03 02 aa f7 03 00 aa ff 03 00 b9
0x00000001012affac:   e0 07 00 f9 e8 03 00 91 08 0c 00 f9 a8 33 00 f0
0x00000001012affbc:   1f 20 03 d5 18 35 42 f9 1f 03 01 eb e8 17 9f 1a
0x00000001012affcc:   21 00 08 4b e0 03 00 91 82 00 80 52 03 00 80 52
0x00000001012affdc:   05 f8 ff 97 e0 0e 40 f9 1f 03 16 eb e8 17 9f 1a
0x00000001012affec:   c1 02 08 4b 22 01 80 52 a3 00 80 52 fe f7 ff 97
0x00000001012afffc:   e0 0e 40 f9 1f 03 15 eb e8 17 9f 1a a1 02 08 4b
0x00000001012b000c:   82 02 80 52 03 02 80 52 f7 f7 ff 97 e0 03 17 aa
0x00000001012b001c:   61 01 80 52 e2 03 14 aa e3 03 13 aa 24 00 80 52
0x00000001012b002c:   45 00 80 52 2a fa ff 97 e8 07 40 f9 09 0d 40 f9
0x00000001012b003c:   29 01 40 b9 0a 05 40 f9 4b 09 40 f9 69 01 00 b9
0x00000001012b004c:   49 09 40 f9 29 11 00 91 49 09 00 f9 1f 0d 00 f9 


Stack slot to memory mapping:
stack at sp + 0 slots: 0x00000000d10123e8 is an unknown value
stack at sp + 1 slots: 0x000000016f936df0 is pointing into the stack for thread: 0x0000000146bf6800
stack at sp + 2 slots: 0x000000016f936b60 is pointing into the stack for thread: 0x0000000146bf6800
stack at sp + 3 slots: 0x000000010181f550: _ZN13SharedRuntime15gen_i2c_adapterEP14MacroAssembleriiPK9BasicTypePK9VMRegPair+0x90 in /Users/cleontan/Downloads/jdk-11.0.17.jdk/Contents/Home/lib/server/libjvm.dylib at 0x000000010126c000
stack at sp + 4 slots: 0x000000016f936ac0 is pointing into the stack for thread: 0x0000000146bf6800
stack at sp + 5 slots: 0x0000600002da0ea0 points into unknown readable memory: 0x010000021b5e2351 | 51 23 5e 1b 02 00 00 01
stack at sp + 6 slots: 0x0 is NULL
stack at sp + 7 slots: 0x0 is NULL


---------------  P R O C E S S  ---------------

Threads class SMR info:
_java_thread_list=0x00006000023c40c0, length=13, elements={
0x000000014680d000, 0x0000000146913000, 0x0000000147018800, 0x000000014604c000,
0x0000000146011000, 0x000000014604d000, 0x000000014604e000, 0x000000014604f000,
0x000000014705a800, 0x0000000127892800, 0x0000000127938000, 0x0000000146256800,
0x0000000146bf6800
}

Java Threads: ( => current thread )
  0x000000014680d000 JavaThread "main" [_thread_blocked, id=10499, stack(0x000000016f9c8000,0x000000016fbcb000)]
  0x0000000146913000 JavaThread "Reference Handler" daemon [_thread_blocked, id=18691, stack(0x000000017081c000,0x0000000170a1f000)]
  0x0000000147018800 JavaThread "Finalizer" daemon [_thread_blocked, id=18435, stack(0x0000000170a28000,0x0000000170c2b000)]
  0x000000014604c000 JavaThread "Signal Dispatcher" daemon [_thread_blocked, id=15875, stack(0x0000000170d4c000,0x0000000170f4f000)]
  0x0000000146011000 JavaThread "Service Thread" daemon [_thread_blocked, id=21763, stack(0x0000000170f58000,0x000000017115b000)]
  0x000000014604d000 JavaThread "C2 CompilerThread0" daemon [_thread_blocked, id=22531, stack(0x0000000171164000,0x0000000171367000)]
  0x000000014604e000 JavaThread "C1 CompilerThread0" daemon [_thread_blocked, id=23043, stack(0x0000000171370000,0x0000000171573000)]
  0x000000014604f000 JavaThread "Sweeper thread" daemon [_thread_blocked, id=42499, stack(0x000000017157c000,0x000000017177f000)]
  0x000000014705a800 JavaThread "Common-Cleaner" daemon [_thread_blocked, id=41731, stack(0x0000000171994000,0x0000000171b97000)]
  0x0000000127892800 JavaThread "JavaFX-Launcher" [_thread_blocked, id=41219, stack(0x0000000171ba0000,0x0000000171da3000)]
  0x0000000127938000 JavaThread "QuantumRenderer-0" daemon [_thread_blocked, id=40963, stack(0x0000000171dac000,0x0000000171faf000)]
  0x0000000146256800 JavaThread "InvokeLaterDispatcher" daemon [_thread_blocked, id=37127, stack(0x0000000171fb8000,0x00000001721bb000)]
=>0x0000000146bf6800 JavaThread "Thread-2" [_thread_in_native, id=259, stack(0x000000016f140000,0x000000016f93c000)]

Other Threads:
  0x000000014600e000 VMThread "VM Thread" [stack: 0x0000000170610000,0x0000000170813000] [id=18947]
  0x000000012786a800 WatcherThread [stack: 0x0000000171788000,0x000000017198b000] [id=23299]
  0x000000014680e000 GCTaskThread "GC Thread#0" [stack: 0x000000016fbd4000,0x000000016fdd7000] [id=21507]
  0x0000000146851000 ConcurrentGCThread "G1 Main Marker" [stack: 0x000000016fde0000,0x000000016ffe3000] [id=21251]
  0x0000000146851800 ConcurrentGCThread "G1 Conc#0" [stack: 0x000000016ffec000,0x00000001701ef000] [id=20483]
  0x00000001468f2800 ConcurrentGCThread "G1 Refine#0" [stack: 0x00000001701f8000,0x00000001703fb000] [id=20227]
  0x0000000146012800 ConcurrentGCThread "G1 Young RemSet Sampling" [stack: 0x0000000170404000,0x0000000170607000] [id=19715]

Threads with active compile tasks:

VM state:not at safepoint (normal execution)

VM Mutex/Monitor currently owned by a thread:  ([mutex/lock_event])
[0x0000600000dae780] AdapterHandlerLibrary_lock - owner thread: 0x0000000146bf6800

Heap address: 0x00000006c0000000, size: 4096 MB, Compressed Oops mode: Zero based, Oop shift amount: 3
Narrow klass base: 0x0000000800000000, Narrow klass shift: 0
Compressed class space size: 1073741824 Address: 0x0000000800000000

Heap:
 garbage-first heap   total 262144K, used 12288K [0x00000006c0000000, 0x00000007c0000000)
  region size 1024K, 13 young (13312K), 0 survivors (0K)
 Metaspace       used 10564K, capacity 10880K, committed 11264K, reserved 1058816K
  class space    used 1045K, capacity 1162K, committed 1280K, reserved 1048576K
Heap Regions: E=young(eden), S=young(survivor), O=old, HS=humongous(starts), HC=humongous(continues), CS=collection set, F=free, A=archive, TAMS=top-at-mark-start (previous, next)
|   0|0x00000006c0000000, 0x00000006c0000000, 0x00000006c0100000|  0%| F|  |TAMS 0x00000006c0000000, 0x00000006c0000000| Untracked 
|   1|0x00000006c0100000, 0x00000006c0100000, 0x00000006c0200000|  0%| F|  |TAMS 0x00000006c0100000, 0x00000006c0100000| Untracked 
|   2|0x00000006c0200000, 0x00000006c0200000, 0x00000006c0300000|  0%| F|  |TAMS 0x00000006c0200000, 0x00000006c0200000| Untracked 
|   3|0x00000006c0300000, 0x00000006c0300000, 0x00000006c0400000|  0%| F|  |TAMS 0x00000006c0300000, 0x00000006c0300000| Untracked 
|   4|0x00000006c0400000, 0x00000006c0400000, 0x00000006c0500000|  0%| F|  |TAMS 0x00000006c0400000, 0x00000006c0400000| Untracked 
|   5|0x00000006c0500000, 0x00000006c0500000, 0x00000006c0600000|  0%| F|  |TAMS 0x00000006c0500000, 0x00000006c0500000| Untracked 
|   6|0x00000006c0600000, 0x00000006c0600000, 0x00000006c0700000|  0%| F|  |TAMS 0x00000006c0600000, 0x00000006c0600000| Untracked 
|   7|0x00000006c0700000, 0x00000006c0700000, 0x00000006c0800000|  0%| F|  |TAMS 0x00000006c0700000, 0x00000006c0700000| Untracked 
|   8|0x00000006c0800000, 0x00000006c0800000, 0x00000006c0900000|  0%| F|  |TAMS 0x00000006c0800000, 0x00000006c0800000| Untracked 
|   9|0x00000006c0900000, 0x00000006c0900000, 0x00000006c0a00000|  0%| F|  |TAMS 0x00000006c0900000, 0x00000006c0900000| Untracked 
|  10|0x00000006c0a00000, 0x00000006c0a00000, 0x00000006c0b00000|  0%| F|  |TAMS 0x00000006c0a00000, 0x00000006c0a00000| Untracked 
|  11|0x00000006c0b00000, 0x00000006c0b00000, 0x00000006c0c00000|  0%| F|  |TAMS 0x00000006c0b00000, 0x00000006c0b00000| Untracked 
|  12|0x00000006c0c00000, 0x00000006c0c00000, 0x00000006c0d00000|  0%| F|  |TAMS 0x00000006c0c00000, 0x00000006c0c00000| Untracked 
|  13|0x00000006c0d00000, 0x00000006c0d00000, 0x00000006c0e00000|  0%| F|  |TAMS 0x00000006c0d00000, 0x00000006c0d00000| Untracked 
|  14|0x00000006c0e00000, 0x00000006c0e00000, 0x00000006c0f00000|  0%| F|  |TAMS 0x00000006c0e00000, 0x00000006c0e00000| Untracked 
|  15|0x00000006c0f00000, 0x00000006c0f00000, 0x00000006c1000000|  0%| F|  |TAMS 0x00000006c0f00000, 0x00000006c0f00000| Untracked 
|  16|0x00000006c1000000, 0x00000006c1000000, 0x00000006c1100000|  0%| F|  |TAMS 0x00000006c1000000, 0x00000006c1000000| Untracked 
|  17|0x00000006c1100000, 0x00000006c1100000, 0x00000006c1200000|  0%| F|  |TAMS 0x00000006c1100000, 0x00000006c1100000| Untracked 
|  18|0x00000006c1200000, 0x00000006c1200000, 0x00000006c1300000|  0%| F|  |TAMS 0x00000006c1200000, 0x00000006c1200000| Untracked 
|  19|0x00000006c1300000, 0x00000006c1300000, 0x00000006c1400000|  0%| F|  |TAMS 0x00000006c1300000, 0x00000006c1300000| Untracked 
|  20|0x00000006c1400000, 0x00000006c1400000, 0x00000006c1500000|  0%| F|  |TAMS 0x00000006c1400000, 0x00000006c1400000| Untracked 
|  21|0x00000006c1500000, 0x00000006c1500000, 0x00000006c1600000|  0%| F|  |TAMS 0x00000006c1500000, 0x00000006c1500000| Untracked 
|  22|0x00000006c1600000, 0x00000006c1600000, 0x00000006c1700000|  0%| F|  |TAMS 0x00000006c1600000, 0x00000006c1600000| Untracked 
|  23|0x00000006c1700000, 0x00000006c1700000, 0x00000006c1800000|  0%| F|  |TAMS 0x00000006c1700000, 0x00000006c1700000| Untracked 
|  24|0x00000006c1800000, 0x00000006c1800000, 0x00000006c1900000|  0%| F|  |TAMS 0x00000006c1800000, 0x00000006c1800000| Untracked 
|  25|0x00000006c1900000, 0x00000006c1900000, 0x00000006c1a00000|  0%| F|  |TAMS 0x00000006c1900000, 0x00000006c1900000| Untracked 
|  26|0x00000006c1a00000, 0x00000006c1a00000, 0x00000006c1b00000|  0%| F|  |TAMS 0x00000006c1a00000, 0x00000006c1a00000| Untracked 
|  27|0x00000006c1b00000, 0x00000006c1b00000, 0x00000006c1c00000|  0%| F|  |TAMS 0x00000006c1b00000, 0x00000006c1b00000| Untracked 
|  28|0x00000006c1c00000, 0x00000006c1c00000, 0x00000006c1d00000|  0%| F|  |TAMS 0x00000006c1c00000, 0x00000006c1c00000| Untracked 
|  29|0x00000006c1d00000, 0x00000006c1d00000, 0x00000006c1e00000|  0%| F|  |TAMS 0x00000006c1d00000, 0x00000006c1d00000| Untracked 
|  30|0x00000006c1e00000, 0x00000006c1e00000, 0x00000006c1f00000|  0%| F|  |TAMS 0x00000006c1e00000, 0x00000006c1e00000| Untracked 
|  31|0x00000006c1f00000, 0x00000006c1f00000, 0x00000006c2000000|  0%| F|  |TAMS 0x00000006c1f00000, 0x00000006c1f00000| Untracked 
|  32|0x00000006c2000000, 0x00000006c2000000, 0x00000006c2100000|  0%| F|  |TAMS 0x00000006c2000000, 0x00000006c2000000| Untracked 
|  33|0x00000006c2100000, 0x00000006c2100000, 0x00000006c2200000|  0%| F|  |TAMS 0x00000006c2100000, 0x00000006c2100000| Untracked 
|  34|0x00000006c2200000, 0x00000006c2200000, 0x00000006c2300000|  0%| F|  |TAMS 0x00000006c2200000, 0x00000006c2200000| Untracked 
|  35|0x00000006c2300000, 0x00000006c2300000, 0x00000006c2400000|  0%| F|  |TAMS 0x00000006c2300000, 0x00000006c2300000| Untracked 
|  36|0x00000006c2400000, 0x00000006c2400000, 0x00000006c2500000|  0%| F|  |TAMS 0x00000006c2400000, 0x00000006c2400000| Untracked 
|  37|0x00000006c2500000, 0x00000006c2500000, 0x00000006c2600000|  0%| F|  |TAMS 0x00000006c2500000, 0x00000006c2500000| Untracked 
|  38|0x00000006c2600000, 0x00000006c2600000, 0x00000006c2700000|  0%| F|  |TAMS 0x00000006c2600000, 0x00000006c2600000| Untracked 
|  39|0x00000006c2700000, 0x00000006c2700000, 0x00000006c2800000|  0%| F|  |TAMS 0x00000006c2700000, 0x00000006c2700000| Untracked 
|  40|0x00000006c2800000, 0x00000006c2800000, 0x00000006c2900000|  0%| F|  |TAMS 0x00000006c2800000, 0x00000006c2800000| Untracked 
|  41|0x00000006c2900000, 0x00000006c2900000, 0x00000006c2a00000|  0%| F|  |TAMS 0x00000006c2900000, 0x00000006c2900000| Untracked 
|  42|0x00000006c2a00000, 0x00000006c2a00000, 0x00000006c2b00000|  0%| F|  |TAMS 0x00000006c2a00000, 0x00000006c2a00000| Untracked 
|  43|0x00000006c2b00000, 0x00000006c2b00000, 0x00000006c2c00000|  0%| F|  |TAMS 0x00000006c2b00000, 0x00000006c2b00000| Untracked 
|  44|0x00000006c2c00000, 0x00000006c2c00000, 0x00000006c2d00000|  0%| F|  |TAMS 0x00000006c2c00000, 0x00000006c2c00000| Untracked 
|  45|0x00000006c2d00000, 0x00000006c2d00000, 0x00000006c2e00000|  0%| F|  |TAMS 0x00000006c2d00000, 0x00000006c2d00000| Untracked 
|  46|0x00000006c2e00000, 0x00000006c2e00000, 0x00000006c2f00000|  0%| F|  |TAMS 0x00000006c2e00000, 0x00000006c2e00000| Untracked 
|  47|0x00000006c2f00000, 0x00000006c2f00000, 0x00000006c3000000|  0%| F|  |TAMS 0x00000006c2f00000, 0x00000006c2f00000| Untracked 
|  48|0x00000006c3000000, 0x00000006c3000000, 0x00000006c3100000|  0%| F|  |TAMS 0x00000006c3000000, 0x00000006c3000000| Untracked 
|  49|0x00000006c3100000, 0x00000006c3100000, 0x00000006c3200000|  0%| F|  |TAMS 0x00000006c3100000, 0x00000006c3100000| Untracked 
|  50|0x00000006c3200000, 0x00000006c3200000, 0x00000006c3300000|  0%| F|  |TAMS 0x00000006c3200000, 0x00000006c3200000| Untracked 
|  51|0x00000006c3300000, 0x00000006c3300000, 0x00000006c3400000|  0%| F|  |TAMS 0x00000006c3300000, 0x00000006c3300000| Untracked 
|  52|0x00000006c3400000, 0x00000006c3400000, 0x00000006c3500000|  0%| F|  |TAMS 0x00000006c3400000, 0x00000006c3400000| Untracked 
|  53|0x00000006c3500000, 0x00000006c3500000, 0x00000006c3600000|  0%| F|  |TAMS 0x00000006c3500000, 0x00000006c3500000| Untracked 
|  54|0x00000006c3600000, 0x00000006c3600000, 0x00000006c3700000|  0%| F|  |TAMS 0x00000006c3600000, 0x00000006c3600000| Untracked 
|  55|0x00000006c3700000, 0x00000006c3700000, 0x00000006c3800000|  0%| F|  |TAMS 0x00000006c3700000, 0x00000006c3700000| Untracked 
|  56|0x00000006c3800000, 0x00000006c3800000, 0x00000006c3900000|  0%| F|  |TAMS 0x00000006c3800000, 0x00000006c3800000| Untracked 
|  57|0x00000006c3900000, 0x00000006c3900000, 0x00000006c3a00000|  0%| F|  |TAMS 0x00000006c3900000, 0x00000006c3900000| Untracked 
|  58|0x00000006c3a00000, 0x00000006c3a00000, 0x00000006c3b00000|  0%| F|  |TAMS 0x00000006c3a00000, 0x00000006c3a00000| Untracked 
|  59|0x00000006c3b00000, 0x00000006c3b00000, 0x00000006c3c00000|  0%| F|  |TAMS 0x00000006c3b00000, 0x00000006c3b00000| Untracked 
|  60|0x00000006c3c00000, 0x00000006c3c00000, 0x00000006c3d00000|  0%| F|  |TAMS 0x00000006c3c00000, 0x00000006c3c00000| Untracked 
|  61|0x00000006c3d00000, 0x00000006c3d00000, 0x00000006c3e00000|  0%| F|  |TAMS 0x00000006c3d00000, 0x00000006c3d00000| Untracked 
|  62|0x00000006c3e00000, 0x00000006c3e00000, 0x00000006c3f00000|  0%| F|  |TAMS 0x00000006c3e00000, 0x00000006c3e00000| Untracked 
|  63|0x00000006c3f00000, 0x00000006c3f00000, 0x00000006c4000000|  0%| F|  |TAMS 0x00000006c3f00000, 0x00000006c3f00000| Untracked 
|  64|0x00000006c4000000, 0x00000006c4000000, 0x00000006c4100000|  0%| F|  |TAMS 0x00000006c4000000, 0x00000006c4000000| Untracked 
|  65|0x00000006c4100000, 0x00000006c4100000, 0x00000006c4200000|  0%| F|  |TAMS 0x00000006c4100000, 0x00000006c4100000| Untracked 
|  66|0x00000006c4200000, 0x00000006c4200000, 0x00000006c4300000|  0%| F|  |TAMS 0x00000006c4200000, 0x00000006c4200000| Untracked 
|  67|0x00000006c4300000, 0x00000006c4300000, 0x00000006c4400000|  0%| F|  |TAMS 0x00000006c4300000, 0x00000006c4300000| Untracked 
|  68|0x00000006c4400000, 0x00000006c4400000, 0x00000006c4500000|  0%| F|  |TAMS 0x00000006c4400000, 0x00000006c4400000| Untracked 
|  69|0x00000006c4500000, 0x00000006c4500000, 0x00000006c4600000|  0%| F|  |TAMS 0x00000006c4500000, 0x00000006c4500000| Untracked 
|  70|0x00000006c4600000, 0x00000006c4600000, 0x00000006c4700000|  0%| F|  |TAMS 0x00000006c4600000, 0x00000006c4600000| Untracked 
|  71|0x00000006c4700000, 0x00000006c4700000, 0x00000006c4800000|  0%| F|  |TAMS 0x00000006c4700000, 0x00000006c4700000| Untracked 
|  72|0x00000006c4800000, 0x00000006c4800000, 0x00000006c4900000|  0%| F|  |TAMS 0x00000006c4800000, 0x00000006c4800000| Untracked 
|  73|0x00000006c4900000, 0x00000006c4900000, 0x00000006c4a00000|  0%| F|  |TAMS 0x00000006c4900000, 0x00000006c4900000| Untracked 
|  74|0x00000006c4a00000, 0x00000006c4a00000, 0x00000006c4b00000|  0%| F|  |TAMS 0x00000006c4a00000, 0x00000006c4a00000| Untracked 
|  75|0x00000006c4b00000, 0x00000006c4b00000, 0x00000006c4c00000|  0%| F|  |TAMS 0x00000006c4b00000, 0x00000006c4b00000| Untracked 
|  76|0x00000006c4c00000, 0x00000006c4c00000, 0x00000006c4d00000|  0%| F|  |TAMS 0x00000006c4c00000, 0x00000006c4c00000| Untracked 
|  77|0x00000006c4d00000, 0x00000006c4d00000, 0x00000006c4e00000|  0%| F|  |TAMS 0x00000006c4d00000, 0x00000006c4d00000| Untracked 
|  78|0x00000006c4e00000, 0x00000006c4e00000, 0x00000006c4f00000|  0%| F|  |TAMS 0x00000006c4e00000, 0x00000006c4e00000| Untracked 
|  79|0x00000006c4f00000, 0x00000006c4f00000, 0x00000006c5000000|  0%| F|  |TAMS 0x00000006c4f00000, 0x00000006c4f00000| Untracked 
|  80|0x00000006c5000000, 0x00000006c5000000, 0x00000006c5100000|  0%| F|  |TAMS 0x00000006c5000000, 0x00000006c5000000| Untracked 
|  81|0x00000006c5100000, 0x00000006c5100000, 0x00000006c5200000|  0%| F|  |TAMS 0x00000006c5100000, 0x00000006c5100000| Untracked 
|  82|0x00000006c5200000, 0x00000006c5200000, 0x00000006c5300000|  0%| F|  |TAMS 0x00000006c5200000, 0x00000006c5200000| Untracked 
|  83|0x00000006c5300000, 0x00000006c5300000, 0x00000006c5400000|  0%| F|  |TAMS 0x00000006c5300000, 0x00000006c5300000| Untracked 
|  84|0x00000006c5400000, 0x00000006c5400000, 0x00000006c5500000|  0%| F|  |TAMS 0x00000006c5400000, 0x00000006c5400000| Untracked 
|  85|0x00000006c5500000, 0x00000006c5500000, 0x00000006c5600000|  0%| F|  |TAMS 0x00000006c5500000, 0x00000006c5500000| Untracked 
|  86|0x00000006c5600000, 0x00000006c5600000, 0x00000006c5700000|  0%| F|  |TAMS 0x00000006c5600000, 0x00000006c5600000| Untracked 
|  87|0x00000006c5700000, 0x00000006c5700000, 0x00000006c5800000|  0%| F|  |TAMS 0x00000006c5700000, 0x00000006c5700000| Untracked 
|  88|0x00000006c5800000, 0x00000006c5800000, 0x00000006c5900000|  0%| F|  |TAMS 0x00000006c5800000, 0x00000006c5800000| Untracked 
|  89|0x00000006c5900000, 0x00000006c5900000, 0x00000006c5a00000|  0%| F|  |TAMS 0x00000006c5900000, 0x00000006c5900000| Untracked 
|  90|0x00000006c5a00000, 0x00000006c5a00000, 0x00000006c5b00000|  0%| F|  |TAMS 0x00000006c5a00000, 0x00000006c5a00000| Untracked 
|  91|0x00000006c5b00000, 0x00000006c5b00000, 0x00000006c5c00000|  0%| F|  |TAMS 0x00000006c5b00000, 0x00000006c5b00000| Untracked 
|  92|0x00000006c5c00000, 0x00000006c5c00000, 0x00000006c5d00000|  0%| F|  |TAMS 0x00000006c5c00000, 0x00000006c5c00000| Untracked 
|  93|0x00000006c5d00000, 0x00000006c5d00000, 0x00000006c5e00000|  0%| F|  |TAMS 0x00000006c5d00000, 0x00000006c5d00000| Untracked 
|  94|0x00000006c5e00000, 0x00000006c5e00000, 0x00000006c5f00000|  0%| F|  |TAMS 0x00000006c5e00000, 0x00000006c5e00000| Untracked 
|  95|0x00000006c5f00000, 0x00000006c5f00000, 0x00000006c6000000|  0%| F|  |TAMS 0x00000006c5f00000, 0x00000006c5f00000| Untracked 
|  96|0x00000006c6000000, 0x00000006c6000000, 0x00000006c6100000|  0%| F|  |TAMS 0x00000006c6000000, 0x00000006c6000000| Untracked 
|  97|0x00000006c6100000, 0x00000006c6100000, 0x00000006c6200000|  0%| F|  |TAMS 0x00000006c6100000, 0x00000006c6100000| Untracked 
|  98|0x00000006c6200000, 0x00000006c6200000, 0x00000006c6300000|  0%| F|  |TAMS 0x00000006c6200000, 0x00000006c6200000| Untracked 
|  99|0x00000006c6300000, 0x00000006c6300000, 0x00000006c6400000|  0%| F|  |TAMS 0x00000006c6300000, 0x00000006c6300000| Untracked 
| 100|0x00000006c6400000, 0x00000006c6400000, 0x00000006c6500000|  0%| F|  |TAMS 0x00000006c6400000, 0x00000006c6400000| Untracked 
| 101|0x00000006c6500000, 0x00000006c6500000, 0x00000006c6600000|  0%| F|  |TAMS 0x00000006c6500000, 0x00000006c6500000| Untracked 
| 102|0x00000006c6600000, 0x00000006c6600000, 0x00000006c6700000|  0%| F|  |TAMS 0x00000006c6600000, 0x00000006c6600000| Untracked 
| 103|0x00000006c6700000, 0x00000006c6700000, 0x00000006c6800000|  0%| F|  |TAMS 0x00000006c6700000, 0x00000006c6700000| Untracked 
| 104|0x00000006c6800000, 0x00000006c6800000, 0x00000006c6900000|  0%| F|  |TAMS 0x00000006c6800000, 0x00000006c6800000| Untracked 
| 105|0x00000006c6900000, 0x00000006c6900000, 0x00000006c6a00000|  0%| F|  |TAMS 0x00000006c6900000, 0x00000006c6900000| Untracked 
| 106|0x00000006c6a00000, 0x00000006c6a00000, 0x00000006c6b00000|  0%| F|  |TAMS 0x00000006c6a00000, 0x00000006c6a00000| Untracked 
| 107|0x00000006c6b00000, 0x00000006c6b00000, 0x00000006c6c00000|  0%| F|  |TAMS 0x00000006c6b00000, 0x00000006c6b00000| Untracked 
| 108|0x00000006c6c00000, 0x00000006c6c00000, 0x00000006c6d00000|  0%| F|  |TAMS 0x00000006c6c00000, 0x00000006c6c00000| Untracked 
| 109|0x00000006c6d00000, 0x00000006c6d00000, 0x00000006c6e00000|  0%| F|  |TAMS 0x00000006c6d00000, 0x00000006c6d00000| Untracked 
| 110|0x00000006c6e00000, 0x00000006c6e00000, 0x00000006c6f00000|  0%| F|  |TAMS 0x00000006c6e00000, 0x00000006c6e00000| Untracked 
| 111|0x00000006c6f00000, 0x00000006c6f00000, 0x00000006c7000000|  0%| F|  |TAMS 0x00000006c6f00000, 0x00000006c6f00000| Untracked 
| 112|0x00000006c7000000, 0x00000006c7000000, 0x00000006c7100000|  0%| F|  |TAMS 0x00000006c7000000, 0x00000006c7000000| Untracked 
| 113|0x00000006c7100000, 0x00000006c7100000, 0x00000006c7200000|  0%| F|  |TAMS 0x00000006c7100000, 0x00000006c7100000| Untracked 
| 114|0x00000006c7200000, 0x00000006c7200000, 0x00000006c7300000|  0%| F|  |TAMS 0x00000006c7200000, 0x00000006c7200000| Untracked 
| 115|0x00000006c7300000, 0x00000006c7300000, 0x00000006c7400000|  0%| F|  |TAMS 0x00000006c7300000, 0x00000006c7300000| Untracked 
| 116|0x00000006c7400000, 0x00000006c7400000, 0x00000006c7500000|  0%| F|  |TAMS 0x00000006c7400000, 0x00000006c7400000| Untracked 
| 117|0x00000006c7500000, 0x00000006c7500000, 0x00000006c7600000|  0%| F|  |TAMS 0x00000006c7500000, 0x00000006c7500000| Untracked 
| 118|0x00000006c7600000, 0x00000006c7600000, 0x00000006c7700000|  0%| F|  |TAMS 0x00000006c7600000, 0x00000006c7600000| Untracked 
| 119|0x00000006c7700000, 0x00000006c7700000, 0x00000006c7800000|  0%| F|  |TAMS 0x00000006c7700000, 0x00000006c7700000| Untracked 
| 120|0x00000006c7800000, 0x00000006c7800000, 0x00000006c7900000|  0%| F|  |TAMS 0x00000006c7800000, 0x00000006c7800000| Untracked 
| 121|0x00000006c7900000, 0x00000006c7900000, 0x00000006c7a00000|  0%| F|  |TAMS 0x00000006c7900000, 0x00000006c7900000| Untracked 
| 122|0x00000006c7a00000, 0x00000006c7a00000, 0x00000006c7b00000|  0%| F|  |TAMS 0x00000006c7a00000, 0x00000006c7a00000| Untracked 
| 123|0x00000006c7b00000, 0x00000006c7b00000, 0x00000006c7c00000|  0%| F|  |TAMS 0x00000006c7b00000, 0x00000006c7b00000| Untracked 
| 124|0x00000006c7c00000, 0x00000006c7c00000, 0x00000006c7d00000|  0%| F|  |TAMS 0x00000006c7c00000, 0x00000006c7c00000| Untracked 
| 125|0x00000006c7d00000, 0x00000006c7d00000, 0x00000006c7e00000|  0%| F|  |TAMS 0x00000006c7d00000, 0x00000006c7d00000| Untracked 
| 126|0x00000006c7e00000, 0x00000006c7e00000, 0x00000006c7f00000|  0%| F|  |TAMS 0x00000006c7e00000, 0x00000006c7e00000| Untracked 
| 127|0x00000006c7f00000, 0x00000006c7f00000, 0x00000006c8000000|  0%| F|  |TAMS 0x00000006c7f00000, 0x00000006c7f00000| Untracked 
| 128|0x00000006c8000000, 0x00000006c8000000, 0x00000006c8100000|  0%| F|  |TAMS 0x00000006c8000000, 0x00000006c8000000| Untracked 
| 129|0x00000006c8100000, 0x00000006c8100000, 0x00000006c8200000|  0%| F|  |TAMS 0x00000006c8100000, 0x00000006c8100000| Untracked 
| 130|0x00000006c8200000, 0x00000006c8200000, 0x00000006c8300000|  0%| F|  |TAMS 0x00000006c8200000, 0x00000006c8200000| Untracked 
| 131|0x00000006c8300000, 0x00000006c8300000, 0x00000006c8400000|  0%| F|  |TAMS 0x00000006c8300000, 0x00000006c8300000| Untracked 
| 132|0x00000006c8400000, 0x00000006c8400000, 0x00000006c8500000|  0%| F|  |TAMS 0x00000006c8400000, 0x00000006c8400000| Untracked 
| 133|0x00000006c8500000, 0x00000006c8500000, 0x00000006c8600000|  0%| F|  |TAMS 0x00000006c8500000, 0x00000006c8500000| Untracked 
| 134|0x00000006c8600000, 0x00000006c8600000, 0x00000006c8700000|  0%| F|  |TAMS 0x00000006c8600000, 0x00000006c8600000| Untracked 
| 135|0x00000006c8700000, 0x00000006c8700000, 0x00000006c8800000|  0%| F|  |TAMS 0x00000006c8700000, 0x00000006c8700000| Untracked 
| 136|0x00000006c8800000, 0x00000006c8800000, 0x00000006c8900000|  0%| F|  |TAMS 0x00000006c8800000, 0x00000006c8800000| Untracked 
| 137|0x00000006c8900000, 0x00000006c8900000, 0x00000006c8a00000|  0%| F|  |TAMS 0x00000006c8900000, 0x00000006c8900000| Untracked 
| 138|0x00000006c8a00000, 0x00000006c8a00000, 0x00000006c8b00000|  0%| F|  |TAMS 0x00000006c8a00000, 0x00000006c8a00000| Untracked 
| 139|0x00000006c8b00000, 0x00000006c8b00000, 0x00000006c8c00000|  0%| F|  |TAMS 0x00000006c8b00000, 0x00000006c8b00000| Untracked 
| 140|0x00000006c8c00000, 0x00000006c8c00000, 0x00000006c8d00000|  0%| F|  |TAMS 0x00000006c8c00000, 0x00000006c8c00000| Untracked 
| 141|0x00000006c8d00000, 0x00000006c8d00000, 0x00000006c8e00000|  0%| F|  |TAMS 0x00000006c8d00000, 0x00000006c8d00000| Untracked 
| 142|0x00000006c8e00000, 0x00000006c8e00000, 0x00000006c8f00000|  0%| F|  |TAMS 0x00000006c8e00000, 0x00000006c8e00000| Untracked 
| 143|0x00000006c8f00000, 0x00000006c8f00000, 0x00000006c9000000|  0%| F|  |TAMS 0x00000006c8f00000, 0x00000006c8f00000| Untracked 
| 144|0x00000006c9000000, 0x00000006c9000000, 0x00000006c9100000|  0%| F|  |TAMS 0x00000006c9000000, 0x00000006c9000000| Untracked 
| 145|0x00000006c9100000, 0x00000006c9100000, 0x00000006c9200000|  0%| F|  |TAMS 0x00000006c9100000, 0x00000006c9100000| Untracked 
| 146|0x00000006c9200000, 0x00000006c9200000, 0x00000006c9300000|  0%| F|  |TAMS 0x00000006c9200000, 0x00000006c9200000| Untracked 
| 147|0x00000006c9300000, 0x00000006c9300000, 0x00000006c9400000|  0%| F|  |TAMS 0x00000006c9300000, 0x00000006c9300000| Untracked 
| 148|0x00000006c9400000, 0x00000006c9400000, 0x00000006c9500000|  0%| F|  |TAMS 0x00000006c9400000, 0x00000006c9400000| Untracked 
| 149|0x00000006c9500000, 0x00000006c9500000, 0x00000006c9600000|  0%| F|  |TAMS 0x00000006c9500000, 0x00000006c9500000| Untracked 
| 150|0x00000006c9600000, 0x00000006c9600000, 0x00000006c9700000|  0%| F|  |TAMS 0x00000006c9600000, 0x00000006c9600000| Untracked 
| 151|0x00000006c9700000, 0x00000006c9700000, 0x00000006c9800000|  0%| F|  |TAMS 0x00000006c9700000, 0x00000006c9700000| Untracked 
| 152|0x00000006c9800000, 0x00000006c9800000, 0x00000006c9900000|  0%| F|  |TAMS 0x00000006c9800000, 0x00000006c9800000| Untracked 
| 153|0x00000006c9900000, 0x00000006c9900000, 0x00000006c9a00000|  0%| F|  |TAMS 0x00000006c9900000, 0x00000006c9900000| Untracked 
| 154|0x00000006c9a00000, 0x00000006c9a00000, 0x00000006c9b00000|  0%| F|  |TAMS 0x00000006c9a00000, 0x00000006c9a00000| Untracked 
| 155|0x00000006c9b00000, 0x00000006c9b00000, 0x00000006c9c00000|  0%| F|  |TAMS 0x00000006c9b00000, 0x00000006c9b00000| Untracked 
| 156|0x00000006c9c00000, 0x00000006c9c00000, 0x00000006c9d00000|  0%| F|  |TAMS 0x00000006c9c00000, 0x00000006c9c00000| Untracked 
| 157|0x00000006c9d00000, 0x00000006c9d00000, 0x00000006c9e00000|  0%| F|  |TAMS 0x00000006c9d00000, 0x00000006c9d00000| Untracked 
| 158|0x00000006c9e00000, 0x00000006c9e00000, 0x00000006c9f00000|  0%| F|  |TAMS 0x00000006c9e00000, 0x00000006c9e00000| Untracked 
| 159|0x00000006c9f00000, 0x00000006c9f00000, 0x00000006ca000000|  0%| F|  |TAMS 0x00000006c9f00000, 0x00000006c9f00000| Untracked 
| 160|0x00000006ca000000, 0x00000006ca000000, 0x00000006ca100000|  0%| F|  |TAMS 0x00000006ca000000, 0x00000006ca000000| Untracked 
| 161|0x00000006ca100000, 0x00000006ca100000, 0x00000006ca200000|  0%| F|  |TAMS 0x00000006ca100000, 0x00000006ca100000| Untracked 
| 162|0x00000006ca200000, 0x00000006ca200000, 0x00000006ca300000|  0%| F|  |TAMS 0x00000006ca200000, 0x00000006ca200000| Untracked 
| 163|0x00000006ca300000, 0x00000006ca300000, 0x00000006ca400000|  0%| F|  |TAMS 0x00000006ca300000, 0x00000006ca300000| Untracked 
| 164|0x00000006ca400000, 0x00000006ca400000, 0x00000006ca500000|  0%| F|  |TAMS 0x00000006ca400000, 0x00000006ca400000| Untracked 
| 165|0x00000006ca500000, 0x00000006ca500000, 0x00000006ca600000|  0%| F|  |TAMS 0x00000006ca500000, 0x00000006ca500000| Untracked 
| 166|0x00000006ca600000, 0x00000006ca600000, 0x00000006ca700000|  0%| F|  |TAMS 0x00000006ca600000, 0x00000006ca600000| Untracked 
| 167|0x00000006ca700000, 0x00000006ca700000, 0x00000006ca800000|  0%| F|  |TAMS 0x00000006ca700000, 0x00000006ca700000| Untracked 
| 168|0x00000006ca800000, 0x00000006ca800000, 0x00000006ca900000|  0%| F|  |TAMS 0x00000006ca800000, 0x00000006ca800000| Untracked 
| 169|0x00000006ca900000, 0x00000006ca900000, 0x00000006caa00000|  0%| F|  |TAMS 0x00000006ca900000, 0x00000006ca900000| Untracked 
| 170|0x00000006caa00000, 0x00000006caa00000, 0x00000006cab00000|  0%| F|  |TAMS 0x00000006caa00000, 0x00000006caa00000| Untracked 
| 171|0x00000006cab00000, 0x00000006cab00000, 0x00000006cac00000|  0%| F|  |TAMS 0x00000006cab00000, 0x00000006cab00000| Untracked 
| 172|0x00000006cac00000, 0x00000006cac00000, 0x00000006cad00000|  0%| F|  |TAMS 0x00000006cac00000, 0x00000006cac00000| Untracked 
| 173|0x00000006cad00000, 0x00000006cad00000, 0x00000006cae00000|  0%| F|  |TAMS 0x00000006cad00000, 0x00000006cad00000| Untracked 
| 174|0x00000006cae00000, 0x00000006cae00000, 0x00000006caf00000|  0%| F|  |TAMS 0x00000006cae00000, 0x00000006cae00000| Untracked 
| 175|0x00000006caf00000, 0x00000006caf00000, 0x00000006cb000000|  0%| F|  |TAMS 0x00000006caf00000, 0x00000006caf00000| Untracked 
| 176|0x00000006cb000000, 0x00000006cb000000, 0x00000006cb100000|  0%| F|  |TAMS 0x00000006cb000000, 0x00000006cb000000| Untracked 
| 177|0x00000006cb100000, 0x00000006cb100000, 0x00000006cb200000|  0%| F|  |TAMS 0x00000006cb100000, 0x00000006cb100000| Untracked 
| 178|0x00000006cb200000, 0x00000006cb200000, 0x00000006cb300000|  0%| F|  |TAMS 0x00000006cb200000, 0x00000006cb200000| Untracked 
| 179|0x00000006cb300000, 0x00000006cb300000, 0x00000006cb400000|  0%| F|  |TAMS 0x00000006cb300000, 0x00000006cb300000| Untracked 
| 180|0x00000006cb400000, 0x00000006cb400000, 0x00000006cb500000|  0%| F|  |TAMS 0x00000006cb400000, 0x00000006cb400000| Untracked 
| 181|0x00000006cb500000, 0x00000006cb500000, 0x00000006cb600000|  0%| F|  |TAMS 0x00000006cb500000, 0x00000006cb500000| Untracked 
| 182|0x00000006cb600000, 0x00000006cb600000, 0x00000006cb700000|  0%| F|  |TAMS 0x00000006cb600000, 0x00000006cb600000| Untracked 
| 183|0x00000006cb700000, 0x00000006cb700000, 0x00000006cb800000|  0%| F|  |TAMS 0x00000006cb700000, 0x00000006cb700000| Untracked 
| 184|0x00000006cb800000, 0x00000006cb800000, 0x00000006cb900000|  0%| F|  |TAMS 0x00000006cb800000, 0x00000006cb800000| Untracked 
| 185|0x00000006cb900000, 0x00000006cb900000, 0x00000006cba00000|  0%| F|  |TAMS 0x00000006cb900000, 0x00000006cb900000| Untracked 
| 186|0x00000006cba00000, 0x00000006cba00000, 0x00000006cbb00000|  0%| F|  |TAMS 0x00000006cba00000, 0x00000006cba00000| Untracked 
| 187|0x00000006cbb00000, 0x00000006cbb00000, 0x00000006cbc00000|  0%| F|  |TAMS 0x00000006cbb00000, 0x00000006cbb00000| Untracked 
| 188|0x00000006cbc00000, 0x00000006cbc00000, 0x00000006cbd00000|  0%| F|  |TAMS 0x00000006cbc00000, 0x00000006cbc00000| Untracked 
| 189|0x00000006cbd00000, 0x00000006cbd00000, 0x00000006cbe00000|  0%| F|  |TAMS 0x00000006cbd00000, 0x00000006cbd00000| Untracked 
| 190|0x00000006cbe00000, 0x00000006cbe00000, 0x00000006cbf00000|  0%| F|  |TAMS 0x00000006cbe00000, 0x00000006cbe00000| Untracked 
| 191|0x00000006cbf00000, 0x00000006cbf00000, 0x00000006cc000000|  0%| F|  |TAMS 0x00000006cbf00000, 0x00000006cbf00000| Untracked 
| 192|0x00000006cc000000, 0x00000006cc000000, 0x00000006cc100000|  0%| F|  |TAMS 0x00000006cc000000, 0x00000006cc000000| Untracked 
| 193|0x00000006cc100000, 0x00000006cc100000, 0x00000006cc200000|  0%| F|  |TAMS 0x00000006cc100000, 0x00000006cc100000| Untracked 
| 194|0x00000006cc200000, 0x00000006cc200000, 0x00000006cc300000|  0%| F|  |TAMS 0x00000006cc200000, 0x00000006cc200000| Untracked 
| 195|0x00000006cc300000, 0x00000006cc300000, 0x00000006cc400000|  0%| F|  |TAMS 0x00000006cc300000, 0x00000006cc300000| Untracked 
| 196|0x00000006cc400000, 0x00000006cc400000, 0x00000006cc500000|  0%| F|  |TAMS 0x00000006cc400000, 0x00000006cc400000| Untracked 
| 197|0x00000006cc500000, 0x00000006cc500000, 0x00000006cc600000|  0%| F|  |TAMS 0x00000006cc500000, 0x00000006cc500000| Untracked 
| 198|0x00000006cc600000, 0x00000006cc600000, 0x00000006cc700000|  0%| F|  |TAMS 0x00000006cc600000, 0x00000006cc600000| Untracked 
| 199|0x00000006cc700000, 0x00000006cc700000, 0x00000006cc800000|  0%| F|  |TAMS 0x00000006cc700000, 0x00000006cc700000| Untracked 
| 200|0x00000006cc800000, 0x00000006cc800000, 0x00000006cc900000|  0%| F|  |TAMS 0x00000006cc800000, 0x00000006cc800000| Untracked 
| 201|0x00000006cc900000, 0x00000006cc900000, 0x00000006cca00000|  0%| F|  |TAMS 0x00000006cc900000, 0x00000006cc900000| Untracked 
| 202|0x00000006cca00000, 0x00000006cca00000, 0x00000006ccb00000|  0%| F|  |TAMS 0x00000006cca00000, 0x00000006cca00000| Untracked 
| 203|0x00000006ccb00000, 0x00000006ccb00000, 0x00000006ccc00000|  0%| F|  |TAMS 0x00000006ccb00000, 0x00000006ccb00000| Untracked 
| 204|0x00000006ccc00000, 0x00000006ccc00000, 0x00000006ccd00000|  0%| F|  |TAMS 0x00000006ccc00000, 0x00000006ccc00000| Untracked 
| 205|0x00000006ccd00000, 0x00000006ccd00000, 0x00000006cce00000|  0%| F|  |TAMS 0x00000006ccd00000, 0x00000006ccd00000| Untracked 
| 206|0x00000006cce00000, 0x00000006cce00000, 0x00000006ccf00000|  0%| F|  |TAMS 0x00000006cce00000, 0x00000006cce00000| Untracked 
| 207|0x00000006ccf00000, 0x00000006ccf00000, 0x00000006cd000000|  0%| F|  |TAMS 0x00000006ccf00000, 0x00000006ccf00000| Untracked 
| 208|0x00000006cd000000, 0x00000006cd000000, 0x00000006cd100000|  0%| F|  |TAMS 0x00000006cd000000, 0x00000006cd000000| Untracked 
| 209|0x00000006cd100000, 0x00000006cd100000, 0x00000006cd200000|  0%| F|  |TAMS 0x00000006cd100000, 0x00000006cd100000| Untracked 
| 210|0x00000006cd200000, 0x00000006cd200000, 0x00000006cd300000|  0%| F|  |TAMS 0x00000006cd200000, 0x00000006cd200000| Untracked 
| 211|0x00000006cd300000, 0x00000006cd300000, 0x00000006cd400000|  0%| F|  |TAMS 0x00000006cd300000, 0x00000006cd300000| Untracked 
| 212|0x00000006cd400000, 0x00000006cd400000, 0x00000006cd500000|  0%| F|  |TAMS 0x00000006cd400000, 0x00000006cd400000| Untracked 
| 213|0x00000006cd500000, 0x00000006cd500000, 0x00000006cd600000|  0%| F|  |TAMS 0x00000006cd500000, 0x00000006cd500000| Untracked 
| 214|0x00000006cd600000, 0x00000006cd600000, 0x00000006cd700000|  0%| F|  |TAMS 0x00000006cd600000, 0x00000006cd600000| Untracked 
| 215|0x00000006cd700000, 0x00000006cd700000, 0x00000006cd800000|  0%| F|  |TAMS 0x00000006cd700000, 0x00000006cd700000| Untracked 
| 216|0x00000006cd800000, 0x00000006cd800000, 0x00000006cd900000|  0%| F|  |TAMS 0x00000006cd800000, 0x00000006cd800000| Untracked 
| 217|0x00000006cd900000, 0x00000006cd900000, 0x00000006cda00000|  0%| F|  |TAMS 0x00000006cd900000, 0x00000006cd900000| Untracked 
| 218|0x00000006cda00000, 0x00000006cda00000, 0x00000006cdb00000|  0%| F|  |TAMS 0x00000006cda00000, 0x00000006cda00000| Untracked 
| 219|0x00000006cdb00000, 0x00000006cdb00000, 0x00000006cdc00000|  0%| F|  |TAMS 0x00000006cdb00000, 0x00000006cdb00000| Untracked 
| 220|0x00000006cdc00000, 0x00000006cdc00000, 0x00000006cdd00000|  0%| F|  |TAMS 0x00000006cdc00000, 0x00000006cdc00000| Untracked 
| 221|0x00000006cdd00000, 0x00000006cdd00000, 0x00000006cde00000|  0%| F|  |TAMS 0x00000006cdd00000, 0x00000006cdd00000| Untracked 
| 222|0x00000006cde00000, 0x00000006cde00000, 0x00000006cdf00000|  0%| F|  |TAMS 0x00000006cde00000, 0x00000006cde00000| Untracked 
| 223|0x00000006cdf00000, 0x00000006cdf00000, 0x00000006ce000000|  0%| F|  |TAMS 0x00000006cdf00000, 0x00000006cdf00000| Untracked 
| 224|0x00000006ce000000, 0x00000006ce000000, 0x00000006ce100000|  0%| F|  |TAMS 0x00000006ce000000, 0x00000006ce000000| Untracked 
| 225|0x00000006ce100000, 0x00000006ce100000, 0x00000006ce200000|  0%| F|  |TAMS 0x00000006ce100000, 0x00000006ce100000| Untracked 
| 226|0x00000006ce200000, 0x00000006ce200000, 0x00000006ce300000|  0%| F|  |TAMS 0x00000006ce200000, 0x00000006ce200000| Untracked 
| 227|0x00000006ce300000, 0x00000006ce300000, 0x00000006ce400000|  0%| F|  |TAMS 0x00000006ce300000, 0x00000006ce300000| Untracked 
| 228|0x00000006ce400000, 0x00000006ce400000, 0x00000006ce500000|  0%| F|  |TAMS 0x00000006ce400000, 0x00000006ce400000| Untracked 
| 229|0x00000006ce500000, 0x00000006ce500000, 0x00000006ce600000|  0%| F|  |TAMS 0x00000006ce500000, 0x00000006ce500000| Untracked 
| 230|0x00000006ce600000, 0x00000006ce600000, 0x00000006ce700000|  0%| F|  |TAMS 0x00000006ce600000, 0x00000006ce600000| Untracked 
| 231|0x00000006ce700000, 0x00000006ce700000, 0x00000006ce800000|  0%| F|  |TAMS 0x00000006ce700000, 0x00000006ce700000| Untracked 
| 232|0x00000006ce800000, 0x00000006ce800000, 0x00000006ce900000|  0%| F|  |TAMS 0x00000006ce800000, 0x00000006ce800000| Untracked 
| 233|0x00000006ce900000, 0x00000006ce900000, 0x00000006cea00000|  0%| F|  |TAMS 0x00000006ce900000, 0x00000006ce900000| Untracked 
| 234|0x00000006cea00000, 0x00000006cea00000, 0x00000006ceb00000|  0%| F|  |TAMS 0x00000006cea00000, 0x00000006cea00000| Untracked 
| 235|0x00000006ceb00000, 0x00000006ceb00000, 0x00000006cec00000|  0%| F|  |TAMS 0x00000006ceb00000, 0x00000006ceb00000| Untracked 
| 236|0x00000006cec00000, 0x00000006cec00000, 0x00000006ced00000|  0%| F|  |TAMS 0x00000006cec00000, 0x00000006cec00000| Untracked 
| 237|0x00000006ced00000, 0x00000006ced00000, 0x00000006cee00000|  0%| F|  |TAMS 0x00000006ced00000, 0x00000006ced00000| Untracked 
| 238|0x00000006cee00000, 0x00000006cee00000, 0x00000006cef00000|  0%| F|  |TAMS 0x00000006cee00000, 0x00000006cee00000| Untracked 
| 239|0x00000006cef00000, 0x00000006cef00000, 0x00000006cf000000|  0%| F|  |TAMS 0x00000006cef00000, 0x00000006cef00000| Untracked 
| 240|0x00000006cf000000, 0x00000006cf000000, 0x00000006cf100000|  0%| F|  |TAMS 0x00000006cf000000, 0x00000006cf000000| Untracked 
| 241|0x00000006cf100000, 0x00000006cf100000, 0x00000006cf200000|  0%| F|  |TAMS 0x00000006cf100000, 0x00000006cf100000| Untracked 
| 242|0x00000006cf200000, 0x00000006cf200000, 0x00000006cf300000|  0%| F|  |TAMS 0x00000006cf200000, 0x00000006cf200000| Untracked 
| 243|0x00000006cf300000, 0x00000006cf3f6480, 0x00000006cf400000| 96%| E|  |TAMS 0x00000006cf300000, 0x00000006cf300000| Complete 
| 244|0x00000006cf400000, 0x00000006cf500000, 0x00000006cf500000|100%| E|CS|TAMS 0x00000006cf400000, 0x00000006cf400000| Complete 
| 245|0x00000006cf500000, 0x00000006cf600000, 0x00000006cf600000|100%| E|CS|TAMS 0x00000006cf500000, 0x00000006cf500000| Complete 
| 246|0x00000006cf600000, 0x00000006cf700000, 0x00000006cf700000|100%| E|CS|TAMS 0x00000006cf600000, 0x00000006cf600000| Complete 
| 247|0x00000006cf700000, 0x00000006cf800000, 0x00000006cf800000|100%| E|CS|TAMS 0x00000006cf700000, 0x00000006cf700000| Complete 
| 248|0x00000006cf800000, 0x00000006cf900000, 0x00000006cf900000|100%| E|CS|TAMS 0x00000006cf800000, 0x00000006cf800000| Complete 
| 249|0x00000006cf900000, 0x00000006cfa00000, 0x00000006cfa00000|100%| E|CS|TAMS 0x00000006cf900000, 0x00000006cf900000| Complete 
| 250|0x00000006cfa00000, 0x00000006cfb00000, 0x00000006cfb00000|100%| E|CS|TAMS 0x00000006cfa00000, 0x00000006cfa00000| Complete 
| 251|0x00000006cfb00000, 0x00000006cfc00000, 0x00000006cfc00000|100%| E|CS|TAMS 0x00000006cfb00000, 0x00000006cfb00000| Complete 
| 252|0x00000006cfc00000, 0x00000006cfd00000, 0x00000006cfd00000|100%| E|CS|TAMS 0x00000006cfc00000, 0x00000006cfc00000| Complete 
| 253|0x00000006cfd00000, 0x00000006cfe00000, 0x00000006cfe00000|100%| E|CS|TAMS 0x00000006cfd00000, 0x00000006cfd00000| Complete 
| 254|0x00000006cfe00000, 0x00000006cff00000, 0x00000006cff00000|100%| E|CS|TAMS 0x00000006cfe00000, 0x00000006cfe00000| Complete 
| 255|0x00000006cff00000, 0x00000006d0000000, 0x00000006d0000000|100%| E|CS|TAMS 0x00000006cff00000, 0x00000006cff00000| Complete 

Card table byte_map: [0x00000001184b0000,0x0000000118cb0000] _byte_map_base: 0x0000000114eb0000

Marking Bits (Prev, Next): (CMBitMap*) 0x000000014680ea18, (CMBitMap*) 0x000000014680ea50
 Prev Bits: [0x00000001194b0000, 0x000000011d4b0000)
 Next Bits: [0x000000011d4b0000, 0x00000001214b0000)

Polling page: 0x0000000100650000

Metaspace:

Usage:
  Non-class:      9.49 MB capacity,     9.30 MB ( 98%) used,   172.41 KB (  2%) free+waste,    26.88 KB ( <1%) overhead. 
      Class:      1.13 MB capacity,     1.02 MB ( 90%) used,   101.31 KB (  9%) free+waste,    15.12 KB (  1%) overhead. 
       Both:     10.62 MB capacity,    10.32 MB ( 97%) used,   273.72 KB (  3%) free+waste,    42.00 KB ( <1%) overhead. 

Virtual space:
  Non-class space:       10.00 MB reserved,       9.75 MB ( 98%) committed 
      Class space:        1.00 GB reserved,       1.25 MB ( <1%) committed 
             Both:        1.01 GB reserved,      11.00 MB (  1%) committed 

Chunk freelists:
   Non-Class:  3.25 KB
       Class:  0 bytes
        Both:  3.25 KB

CodeHeap 'non-profiled nmethods': size=120032Kb used=258Kb max_used=258Kb free=119773Kb
 bounds [0x0000000110f78000, 0x00000001111e8000, 0x00000001184b0000]
CodeHeap 'profiled nmethods': size=120016Kb used=1587Kb max_used=1587Kb free=118428Kb
 bounds [0x0000000109a44000, 0x0000000109cb4000, 0x0000000110f78000]
CodeHeap 'non-nmethods': size=5712Kb used=1052Kb max_used=1083Kb free=4659Kb
 bounds [0x00000001094b0000, 0x0000000109720000, 0x0000000109a44000]
 total_blobs=1252 nmethods=799 adapters=369
 compilation: enabled
              stopped_count=0, restarted_count=0
 full_count=0

Compilation events (10 events):
Event: 0.344 Thread 0x000000014604d000 nmethod 796 0x0000000110fb6110 code [0x0000000110fb6400, 0x0000000110fb7470]
Event: 0.344 Thread 0x000000014604d000  798       4       java.lang.String::getBytes (44 bytes)
Event: 0.344 Thread 0x000000014604d000 nmethod 798 0x0000000110fb7b90 code [0x0000000110fb7d40, 0x0000000110fb7eb0]
Event: 0.344 Thread 0x000000014604d000  797       4       java.lang.AbstractStringBuilder::append (45 bytes)
Event: 0.347 Thread 0x000000014604d000 nmethod 797 0x0000000110fb8010 code [0x0000000110fb8240, 0x0000000110fb87f0]
Event: 0.460 Thread 0x000000014604e000  799       3       java.security.CodeSource::getCertificates (98 bytes)
Event: 0.461 Thread 0x000000014604e000 nmethod 799 0x0000000109bcc510 code [0x0000000109bcc7c0, 0x0000000109bcd4f0]
Event: 0.461 Thread 0x000000014604e000  800       3       java.util.Objects::hash (5 bytes)
Event: 0.461 Thread 0x000000014604e000 nmethod 800 0x0000000109bcd810 code [0x0000000109bcd9c0, 0x0000000109bcdb40]
Event: 0.525 Thread 0x000000014604e000  801       3       java.util.zip.ZipFile::getZipEntry (325 bytes)

GC Heap History (0 events):
No events

Deoptimization events (3 events):
Event: 0.062 Thread 0x000000014680d000 Uncommon trap: reason=unstable_if action=reinterpret pc=0x0000000110f7c130 method=java.lang.String.hashCode()I @ 14 c2
Event: 0.148 Thread 0x0000000127892800 Uncommon trap: reason=unstable_if action=reinterpret pc=0x0000000110f7e340 method=java.lang.String.isLatin1()Z @ 10 c2
Event: 0.220 Thread 0x0000000127938000 Uncommon trap: reason=unstable_if action=reinterpret pc=0x0000000110f9c6f0 method=java.lang.String.startsWith(Ljava/lang/String;I)Z @ 1 c2

Classes redefined (0 events):
No events

Internal exceptions (10 events):
Event: 0.141 Thread 0x0000000127892800 Exception <a 'java/lang/NoSuchMethodError'{0x00000006cfaaa900}: java.lang.invoke.DirectMethodHandle$Holder.invokeStatic(Ljava/lang/Object;I)Ljava/lang/Object;> (0x00000006cfaaa900) thrown at [open/src/hotspot/share/interpreter/linkResolver.cpp, line 772]
Event: 0.141 Thread 0x0000000127892800 Exception <a 'java/lang/NoSuchMethodError'{0x00000006cfaae510}: java.lang.invoke.Invokers$Holder.linkToTargetMethod(ILjava/lang/Object;)Ljava/lang/Object;> (0x00000006cfaae510) thrown at [open/src/hotspot/share/interpreter/linkResolver.cpp, line 772]
Event: 0.143 Thread 0x0000000127892800 Exception <a 'java/lang/NoSuchMethodError'{0x00000006cfab4730}: java.lang.invoke.DirectMethodHandle$Holder.invokeStatic(Ljava/lang/Object;Ljava/lang/Object;I)I> (0x00000006cfab4730) thrown at [open/src/hotspot/share/interpreter/linkResolver.cpp, line 772]
Event: 0.143 Thread 0x0000000127892800 Exception <a 'java/lang/NoSuchMethodError'{0x00000006cfabd530}: java.lang.invoke.DirectMethodHandle$Holder.invokeStatic(Ljava/lang/Object;III)I> (0x00000006cfabd530) thrown at [open/src/hotspot/share/interpreter/linkResolver.cpp, line 772]
Event: 0.143 Thread 0x0000000127892800 Exception <a 'java/lang/NoSuchMethodError'{0x00000006cfac56a0}: java.lang.invoke.DirectMethodHandle$Holder.invokeSpecialIFC(Ljava/lang/Object;Ljava/lang/Object;Ljava/lang/Object;I)I> (0x00000006cfac56a0) thrown at [open/src/hotspot/share/interpreter/linkR
Event: 0.160 Thread 0x0000000127892800 Exception <a 'java/lang/NoSuchMethodError'{0x00000006cf9afd10}: java.lang.invoke.DirectMethodHandle$Holder.invokeStatic(Ljava/lang/Object;Ljava/lang/Object;Ljava/lang/Object;Ljava/lang/Object;Ljava/lang/Object;Ljava/lang/Object;Ljava/lang/Object;Ljava/lan
Event: 0.161 Thread 0x0000000127892800 Exception <a 'java/lang/NoSuchMethodError'{0x00000006cf9c9a40}: java.lang.invoke.DirectMethodHandle$Holder.invokeStatic(Ljava/lang/Object;Ljava/lang/Object;Ljava/lang/Object;Ljava/lang/Object;Ljava/lang/Object;Ljava/lang/Object;Ljava/lang/Object;Ljava/lan
Event: 0.162 Thread 0x0000000127892800 Exception <a 'java/lang/NoSuchMethodError'{0x00000006cf9e4790}: java.lang.invoke.DirectMethodHandle$Holder.invokeStatic(Ljava/lang/Object;Ljava/lang/Object;Ljava/lang/Object;Ljava/lang/Object;Ljava/lang/Object;Ljava/lang/Object;Ljava/lang/Object;Ljava/lan
Event: 0.297 Thread 0x0000000127892800 Exception <a 'java/lang/NoSuchMethodError'{0x00000006cf79b9a8}: java.lang.invoke.DirectMethodHandle$Holder.invokeStaticInit(Ljava/lang/Object;Ljava/lang/Object;Ljava/lang/Object;)I> (0x00000006cf79b9a8) thrown at [open/src/hotspot/share/interpreter/linkRe
Event: 0.298 Thread 0x0000000127892800 Exception <a 'java/lang/NoSuchMethodError'{0x00000006cf7a6ed0}: java.lang.invoke.DirectMethodHandle$Holder.invokeSpecial(Ljava/lang/Object;Ljava/lang/Object;)V> (0x00000006cf7a6ed0) thrown at [open/src/hotspot/share/interpreter/linkResolver.cpp, line 772]

Events (10 events):
Event: 0.523 loading class com/sun/glass/ui/EventLoop done
Event: 0.523 loading class com/sun/glass/ui/EventLoop
Event: 0.523 loading class com/sun/glass/ui/EventLoop done
Event: 0.523 loading class java/util/concurrent/LinkedBlockingDeque$Node
Event: 0.523 loading class java/util/concurrent/LinkedBlockingDeque$Node done
Event: 0.524 loading class com/sun/glass/ui/InvokeLaterDispatcher$Future
Event: 0.524 loading class com/sun/glass/ui/InvokeLaterDispatcher$Future done
Event: 0.524 Executing VM operation: RevokeBias
Event: 0.525 Executing VM operation: RevokeBias done
Event: 0.525 Thread 0x0000000146c23800 Thread exited: 0x0000000146c23800


Dynamic libraries:
0x00000001005fc000 	/Users/cleontan/Downloads/jdk-11.0.17.jdk/Contents/Home/lib/jli/libjli.dylib
0x00000001d956f000 	/System/Library/Frameworks/Cocoa.framework/Versions/A/Cocoa
0x00000001c5779000 	/System/Library/Frameworks/AppKit.framework/Versions/C/AppKit
0x00000001c8c90000 	/System/Library/Frameworks/CoreData.framework/Versions/A/CoreData
0x00000001c3ad4000 	/System/Library/Frameworks/Foundation.framework/Versions/C/Foundation
0x00000001cd6ec000 	/usr/lib/libSystem.B.dylib
0x00000001c6632000 	/System/Library/PrivateFrameworks/UIFoundation.framework/Versions/A/UIFoundation
0x00000001d373b000 	/System/Library/PrivateFrameworks/RemoteViewServices.framework/Versions/A/RemoteViewServices
0x00000001cbbac000 	/System/Library/PrivateFrameworks/XCTTargetBootstrap.framework/Versions/A/XCTTargetBootstrap
0x00000001cf42c000 	/System/Library/PrivateFrameworks/InternationalSupport.framework/Versions/A/InternationalSupport
0x00000001cf4b5000 	/System/Library/PrivateFrameworks/UserActivity.framework/Versions/A/UserActivity
0x00000001ce923000 	/usr/lib/libspindump.dylib
0x00000001c68a3000 	/System/Library/Frameworks/UniformTypeIdentifiers.framework/Versions/A/UniformTypeIdentifiers
0x00000001ca0f4000 	/usr/lib/libapp_launch_measurement.dylib
0x00000001c961c000 	/System/Library/PrivateFrameworks/CoreAnalytics.framework/Versions/A/CoreAnalytics
0x00000001ca0f7000 	/System/Library/PrivateFrameworks/CoreAutoLayout.framework/Versions/A/CoreAutoLayout
0x00000001cb49b000 	/System/Library/Frameworks/Metal.framework/Versions/A/Metal
0x00000001cc214000 	/usr/lib/liblangid.dylib
0x00000001cbbb1000 	/System/Library/PrivateFrameworks/CoreSVG.framework/Versions/A/CoreSVG
0x00000001c7d3a000 	/System/Library/PrivateFrameworks/SkyLight.framework/Versions/A/SkyLight
0x00000001c8116000 	/System/Library/Frameworks/CoreGraphics.framework/Versions/A/CoreGraphics
0x00000001d3e07000 	/System/Library/Frameworks/Accelerate.framework/Versions/A/Accelerate
0x00000001ce39a000 	/System/Library/PrivateFrameworks/IconServices.framework/Versions/A/IconServices
0x00000001cb47d000 	/System/Library/Frameworks/IOSurface.framework/Versions/A/IOSurface
0x00000001c964d000 	/usr/lib/libDiagnosticMessagesClient.dylib
0x00000001cd635000 	/usr/lib/libz.1.dylib
0x00000001d730c000 	/System/Library/Frameworks/ApplicationServices.framework/Versions/A/ApplicationServices
0x00000001cbb94000 	/System/Library/PrivateFrameworks/DFRFoundation.framework/Versions/A/DFRFoundation
0x00000001c5009000 	/usr/lib/libicucore.A.dylib
0x00000001d02da000 	/System/Library/Frameworks/AudioToolbox.framework/Versions/A/AudioToolbox
0x00000001cf438000 	/System/Library/PrivateFrameworks/DataDetectorsCore.framework/Versions/A/DataDetectorsCore
0x00000001e5e58000 	/System/Library/PrivateFrameworks/TextInput.framework/Versions/A/TextInput
0x00000001c7caf000 	/usr/lib/libMobileGestalt.dylib
0x00000001cb860000 	/System/Library/Frameworks/Carbon.framework/Versions/A/Frameworks/HIToolbox.framework/Versions/A/HIToolbox
0x00000001c9acd000 	/System/Library/Frameworks/QuartzCore.framework/Versions/A/QuartzCore
0x00000001c4c8a000 	/System/Library/Frameworks/Security.framework/Versions/A/Security
0x00000001d377b000 	/System/Library/Frameworks/Carbon.framework/Versions/A/Frameworks/SpeechRecognition.framework/Versions/A/SpeechRecognition
0x00000001c9e49000 	/System/Library/PrivateFrameworks/CoreUI.framework/Versions/A/CoreUI
0x00000001c4566000 	/System/Library/Frameworks/CoreAudio.framework/Versions/A/CoreAudio
0x00000001c9741000 	/System/Library/Frameworks/DiskArbitration.framework/Versions/A/DiskArbitration
0x00000001ced2d000 	/System/Library/PrivateFrameworks/MultitouchSupport.framework/Versions/A/MultitouchSupport
0x00000001c7cad000 	/usr/lib/libenergytrace.dylib
0x00000001c5641000 	/System/Library/Frameworks/IOKit.framework/Versions/A/IOKit
0x00000001d3b6a000 	/System/Library/Frameworks/CoreServices.framework/Versions/A/CoreServices
0x00000001ca084000 	/System/Library/PrivateFrameworks/PerformanceAnalysis.framework/Versions/A/PerformanceAnalysis
0x00000002242ff000 	/System/Library/Frameworks/OpenGL.framework/Versions/A/OpenGL
0x00000001ccc87000 	/System/Library/PrivateFrameworks/MobileKeyBag.framework/Versions/A/MobileKeyBag
0x00000001c2a07000 	/usr/lib/libobjc.A.dylib
0x00000001c8724000 	/System/Library/Frameworks/ColorSync.framework/Versions/A/ColorSync
0x00000001c2bd0000 	/System/Library/Frameworks/CoreFoundation.framework/Versions/A/CoreFoundation
0x00000001cbe30000 	/System/Library/Frameworks/CoreImage.framework/Versions/A/CoreImage
0x00000001c438a000 	/System/Library/Frameworks/CoreText.framework/Versions/A/CoreText
0x00000001cbbe1000 	/System/Library/Frameworks/ImageIO.framework/Versions/A/ImageIO
0x00000001cd6f2000 	/System/Library/PrivateFrameworks/SoftLinking.framework/Versions/A/SoftLinking
0x00000001ca142000 	/usr/lib/libxml2.2.dylib
0x00000001c2aca000 	/usr/lib/libc++.1.dylib
0x00000001cd98b000 	/usr/lib/libcompression.dylib
0x00000001cf388000 	/System/Library/PrivateFrameworks/TextureIO.framework/Versions/A/TextureIO
0x00000001ce0b3000 	/usr/lib/libate.dylib
0x00000001cd6e6000 	/usr/lib/system/libcache.dylib
0x00000001cd6a4000 	/usr/lib/system/libcommonCrypto.dylib
0x00000001cd6cd000 	/usr/lib/system/libcompiler_rt.dylib
0x00000001cd6c4000 	/usr/lib/system/libcopyfile.dylib
0x00000001c290b000 	/usr/lib/system/libcorecrypto.dylib
0x00000001c29c0000 	/usr/lib/system/libdispatch.dylib
0x00000001c2b8e000 	/usr/lib/system/libdyld.dylib
0x00000001cd6dc000 	/usr/lib/system/libkeymgr.dylib
0x00000001cd67f000 	/usr/lib/system/libmacho.dylib
0x00000001ccd6f000 	/usr/lib/system/libquarantine.dylib
0x00000001cd6d9000 	/usr/lib/system/libremovefile.dylib
0x00000001c7d06000 	/usr/lib/system/libsystem_asl.dylib
0x00000001c28ad000 	/usr/lib/system/libsystem_blocks.dylib
0x00000001c2a48000 	/usr/lib/system/libsystem_c.dylib
0x00000001cd6d1000 	/usr/lib/system/libsystem_collections.dylib
0x00000001cc204000 	/usr/lib/system/libsystem_configuration.dylib
0x00000001cb45e000 	/usr/lib/system/libsystem_containermanager.dylib
0x00000001cd3dc000 	/usr/lib/system/libsystem_coreservices.dylib
0x00000001c52bf000 	/usr/lib/system/libsystem_darwin.dylib
0x00000001cd6dd000 	/usr/lib/system/libsystem_dnssd.dylib
0x00000001c2a45000 	/usr/lib/system/libsystem_featureflags.dylib
0x00000001c2ba3000 	/usr/lib/system/libsystem_info.dylib
0x00000001cd647000 	/usr/lib/system/libsystem_m.dylib
0x00000001c2995000 	/usr/lib/system/libsystem_malloc.dylib
0x00000001c7c94000 	/usr/lib/system/libsystem_networkextension.dylib
0x00000001c5718000 	/usr/lib/system/libsystem_notify.dylib
0x00000001d3a41000 	/usr/lib/system/libsystem_product_info_filter.dylib
0x00000001cc209000 	/usr/lib/system/libsystem_sandbox.dylib
0x00000001cd6d6000 	/usr/lib/system/libsystem_secinit.dylib
0x00000001c2b49000 	/usr/lib/system/libsystem_kernel.dylib
0x00000001c2b9b000 	/usr/lib/system/libsystem_platform.dylib
0x00000001c2b81000 	/usr/lib/system/libsystem_pthread.dylib
0x00000001c946a000 	/usr/lib/system/libsystem_symptoms.dylib
0x00000001c28f1000 	/usr/lib/system/libsystem_trace.dylib
0x00000001cd6b1000 	/usr/lib/system/libunwind.dylib
0x00000001c28af000 	/usr/lib/system/libxpc.dylib
0x00000001c2b31000 	/usr/lib/libc++abi.dylib
0x00000001cd6bc000 	/usr/lib/liboah.dylib
0x00000001cdf78000 	/usr/lib/liblzma.5.dylib
0x00000001c37c7000 	/System/Library/Frameworks/SystemConfiguration.framework/Versions/A/SystemConfiguration
0x00000001cd6ee000 	/usr/lib/libfakelink.dylib
0x00000001c77df000 	/System/Library/Frameworks/CFNetwork.framework/Versions/A/CFNetwork
0x00000001cd834000 	/usr/lib/libarchive.2.dylib
0x00000001cc210000 	/System/Library/PrivateFrameworks/AppleSystemInfo.framework/Versions/A/AppleSystemInfo
0x00000001ccd9a000 	/usr/lib/libbsm.0.dylib
0x00000001c6d4c000 	/usr/lib/libnetwork.dylib
0x00000001cd688000 	/usr/lib/system/libkxld.dylib
0x00000001cc9b4000 	/System/Library/PrivateFrameworks/IOMobileFramebuffer.framework/Versions/A/IOMobileFramebuffer
0x00000002426e9000 	/usr/lib/libCoreEntitlements.dylib
0x00000001cd3be000 	/System/Library/PrivateFrameworks/AppleFSCompression.framework/Versions/A/AppleFSCompression
0x00000001ccd82000 	/usr/lib/libcoretls.dylib
0x00000001cdf91000 	/usr/lib/libcoretls_cfhelpers.dylib
0x00000001cd986000 	/usr/lib/libpam.2.dylib
0x00000001c9080000 	/usr/lib/libsqlite3.dylib
0x00000001cdffa000 	/usr/lib/libxar.1.dylib
0x00000001cd3cf000 	/usr/lib/libbz2.1.0.dylib
0x00000001cd6f3000 	/usr/lib/libpcap.A.dylib
0x00000001c9461000 	/usr/lib/libdns_services.dylib
0x00000001cd959000 	/usr/lib/libapple_nghttp2.dylib
0x00000001cd730000 	/usr/lib/libiconv.2.dylib
0x00000001cd67e000 	/usr/lib/libcharset.1.dylib
0x00000001ca0c0000 	/System/Library/Frameworks/CoreServices.framework/Versions/A/Frameworks/FSEvents.framework/Versions/A/FSEvents
0x00000001c52ca000 	/System/Library/Frameworks/CoreServices.framework/Versions/A/Frameworks/CarbonCore.framework/Versions/A/CarbonCore
0x00000001c96a1000 	/System/Library/Frameworks/CoreServices.framework/Versions/A/Frameworks/Metadata.framework/Versions/A/Metadata
0x00000001cd3e2000 	/System/Library/Frameworks/CoreServices.framework/Versions/A/Frameworks/OSServices.framework/Versions/A/OSServices
0x00000001cd8ba000 	/System/Library/Frameworks/CoreServices.framework/Versions/A/Frameworks/SearchKit.framework/Versions/A/SearchKit
0x00000001c93ef000 	/System/Library/Frameworks/CoreServices.framework/Versions/A/Frameworks/AE.framework/Versions/A/AE
0x00000001c3117000 	/System/Library/Frameworks/CoreServices.framework/Versions/A/Frameworks/LaunchServices.framework/Versions/A/LaunchServices
0x00000001cdf21000 	/System/Library/Frameworks/CoreServices.framework/Versions/A/Frameworks/DictionaryServices.framework/Versions/A/DictionaryServices
0x00000001ca0cd000 	/System/Library/Frameworks/CoreServices.framework/Versions/A/Frameworks/SharedFileList.framework/Versions/A/SharedFileList
0x00000001ccd72000 	/usr/lib/libCheckFix.dylib
0x00000001c7d1e000 	/System/Library/PrivateFrameworks/TCC.framework/Versions/A/TCC
0x00000001cc216000 	/System/Library/PrivateFrameworks/CoreNLP.framework/Versions/A/CoreNLP
0x00000001c9650000 	/System/Library/PrivateFrameworks/MetadataUtilities.framework/Versions/A/MetadataUtilities
0x00000001c3881000 	/usr/lib/libmecabra.dylib
0x00000001ccdab000 	/usr/lib/libmecab.dylib
0x00000001c384d000 	/usr/lib/libCRFSuite.dylib
0x00000001cce08000 	/usr/lib/libgermantok.dylib
0x00000001cd932000 	/usr/lib/libThaiTokenizer.dylib
0x00000001c9749000 	/System/Library/Frameworks/Accelerate.framework/Versions/A/Frameworks/vImage.framework/Versions/A/vImage
0x00000001d3b41000 	/System/Library/Frameworks/Accelerate.framework/Versions/A/Frameworks/vecLib.framework/Versions/A/vecLib
0x00000001ce03f000 	/System/Library/Frameworks/Accelerate.framework/Versions/A/Frameworks/vecLib.framework/Versions/A/libvMisc.dylib
0x00000001cc8bb000 	/System/Library/Frameworks/Accelerate.framework/Versions/A/Frameworks/vecLib.framework/Versions/A/libvDSP.dylib
0x00000001c34a2000 	/System/Library/Frameworks/Accelerate.framework/Versions/A/Frameworks/vecLib.framework/Versions/A/libBLAS.dylib
0x00000001cda5c000 	/System/Library/Frameworks/Accelerate.framework/Versions/A/Frameworks/vecLib.framework/Versions/A/libLAPACK.dylib
0x00000001cce0b000 	/System/Library/Frameworks/Accelerate.framework/Versions/A/Frameworks/vecLib.framework/Versions/A/libLinearAlgebra.dylib
0x00000001cd971000 	/System/Library/Frameworks/Accelerate.framework/Versions/A/Frameworks/vecLib.framework/Versions/A/libSparseBLAS.dylib
0x00000001cda57000 	/System/Library/Frameworks/Accelerate.framework/Versions/A/Frameworks/vecLib.framework/Versions/A/libQuadrature.dylib
0x00000001cc30f000 	/System/Library/Frameworks/Accelerate.framework/Versions/A/Frameworks/vecLib.framework/Versions/A/libBNNS.dylib
0x00000001c3760000 	/System/Library/Frameworks/Accelerate.framework/Versions/A/Frameworks/vecLib.framework/Versions/A/libSparse.dylib
0x00000001cc307000 	/System/Library/PrivateFrameworks/LinguisticData.framework/Versions/A/LinguisticData
0x00000001c3718000 	/System/Library/PrivateFrameworks/Lexicon.framework/Versions/A/Lexicon
0x00000001ce037000 	/usr/lib/libChineseTokenizer.dylib
0x00000001c3ec6000 	/System/Library/PrivateFrameworks/LanguageModeling.framework/Versions/A/LanguageModeling
0x00000001cd934000 	/System/Library/PrivateFrameworks/AppleSauce.framework/Versions/A/AppleSauce
0x00000001cc9a1000 	/System/Library/PrivateFrameworks/CoreEmoji.framework/Versions/A/CoreEmoji
0x00000001cd822000 	/usr/lib/libcmph.dylib
0x00000001ca0a0000 	/System/Library/Frameworks/OpenDirectory.framework/Versions/A/Frameworks/CFOpenDirectory.framework/Versions/A/CFOpenDirectory
0x00000001ca090000 	/System/Library/Frameworks/OpenDirectory.framework/Versions/A/OpenDirectory
0x00000001cdf93000 	/System/Library/PrivateFrameworks/APFS.framework/Versions/A/APFS
0x00000001cccc2000 	/System/Library/Frameworks/SecurityFoundation.framework/Versions/A/SecurityFoundation
0x00000001ce009000 	/usr/lib/libutil.dylib
0x00000001c5603000 	/System/Library/PrivateFrameworks/CoreServicesStore.framework/Versions/A/CoreServicesStore
0x00000001ce00d000 	/usr/lib/libxslt.1.dylib
0x00000001ccd56000 	/System/Library/PrivateFrameworks/BackgroundTaskManagement.framework/Versions/A/BackgroundTaskManagement
0x00000001cf2a9000 	/System/Library/Frameworks/ImageIO.framework/Versions/A/Resources/libRadiance.dylib
0x00000001cf2b2000 	/System/Library/Frameworks/ImageIO.framework/Versions/A/Resources/libJPEG.dylib
0x00000001cf205000 	/System/Library/Frameworks/ImageIO.framework/Versions/A/Resources/libPng.dylib
0x00000001cf227000 	/System/Library/Frameworks/ImageIO.framework/Versions/A/Resources/libTIFF.dylib
0x00000001cf30d000 	/System/Library/Frameworks/ImageIO.framework/Versions/A/Resources/libGIF.dylib
0x00000001cec3d000 	/System/Library/Frameworks/ImageIO.framework/Versions/A/Resources/libJP2.dylib
0x00000001ce35f000 	/usr/lib/libexpat.1.dylib
0x00000001cebf8000 	/System/Library/PrivateFrameworks/AppleJPEG.framework/Versions/A/AppleJPEG
0x00000001cb71c000 	/System/Library/PrivateFrameworks/FontServices.framework/libFontParser.dylib
0x00000001c9394000 	/System/Library/PrivateFrameworks/RunningBoardServices.framework/Versions/A/RunningBoardServices
0x00000001d9c46000 	/System/Library/PrivateFrameworks/IOSurfaceAccelerator.framework/Versions/A/IOSurfaceAccelerator
0x00000001ced29000 	/System/Library/PrivateFrameworks/WatchdogClient.framework/Versions/A/WatchdogClient
0x00000001c3fc6000 	/System/Library/Frameworks/CoreDisplay.framework/Versions/A/CoreDisplay
0x00000001cb606000 	/System/Library/Frameworks/CoreMedia.framework/Versions/A/CoreMedia
0x00000001cb491000 	/System/Library/PrivateFrameworks/IOAccelerator.framework/Versions/A/IOAccelerator
0x00000001ca230000 	/System/Library/Frameworks/CoreVideo.framework/Versions/A/CoreVideo
0x00000001cd984000 	/System/Library/Frameworks/MetalPerformanceShaders.framework/Versions/A/MetalPerformanceShaders
0x00000001ced68000 	/System/Library/Frameworks/VideoToolbox.framework/Versions/A/VideoToolbox
0x00000001c92d8000 	/System/Library/PrivateFrameworks/BaseBoard.framework/Versions/A/BaseBoard
0x00000001c9066000 	/System/Library/PrivateFrameworks/ProtocolBuffer.framework/Versions/A/ProtocolBuffer
0x00000001cf2a4000 	/System/Library/PrivateFrameworks/GPUWrangler.framework/Versions/A/GPUWrangler
0x00000001cf284000 	/System/Library/PrivateFrameworks/IOPresentment.framework/Versions/A/IOPresentment
0x00000001cf2ac000 	/System/Library/PrivateFrameworks/DSExternalDisplay.framework/Versions/A/DSExternalDisplay
0x00000002242f2000 	/System/Library/Frameworks/OpenGL.framework/Versions/A/Libraries/libCoreFSCache.dylib
0x000000022f1bc000 	/System/Library/PrivateFrameworks/GPUCompiler.framework/Versions/31001/Libraries/libGPUCompilerUtils.dylib
0x00000001cf312000 	/System/Library/PrivateFrameworks/CMCaptureCore.framework/Versions/A/CMCaptureCore
0x00000001ce910000 	/System/Library/PrivateFrameworks/AppServerSupport.framework/Versions/A/AppServerSupport
0x00000001d0b98000 	/System/Library/PrivateFrameworks/perfdata.framework/Versions/A/perfdata
0x00000001c40e6000 	/System/Library/PrivateFrameworks/AudioToolboxCore.framework/Versions/A/AudioToolboxCore
0x00000001cb5df000 	/System/Library/PrivateFrameworks/caulk.framework/Versions/A/caulk
0x00000001d048d000 	/usr/lib/libAudioStatistics.dylib
0x00000001e24ab000 	/System/Library/PrivateFrameworks/SystemPolicy.framework/Versions/A/SystemPolicy
0x00000001d06f9000 	/usr/lib/libSMC.dylib
0x00000001d944d000 	/System/Library/Frameworks/CoreMIDI.framework/Versions/A/CoreMIDI
0x00000001cf1d3000 	/usr/lib/libAudioToolboxUtility.dylib
0x00000001de60e000 	/System/Library/PrivateFrameworks/OSAServicesClient.framework/Versions/A/OSAServicesClient
0x00000001d0ba5000 	/usr/lib/libperfcheck.dylib
0x00000001e2fca000 	/usr/lib/libmis.dylib
0x0000000224354000 	/System/Library/Frameworks/OpenGL.framework/Versions/A/Libraries/libGLU.dylib
0x0000000224313000 	/System/Library/Frameworks/OpenGL.framework/Versions/A/Libraries/libGFXShared.dylib
0x0000000224500000 	/System/Library/Frameworks/OpenGL.framework/Versions/A/Libraries/libGL.dylib
0x000000022431c000 	/System/Library/Frameworks/OpenGL.framework/Versions/A/Libraries/libGLImage.dylib
0x0000000224310000 	/System/Library/Frameworks/OpenGL.framework/Versions/A/Libraries/libCVMSPluginSupport.dylib
0x00000002242f9000 	/System/Library/Frameworks/OpenGL.framework/Versions/A/Libraries/libCoreVMClient.dylib
0x00000001cc190000 	/System/Library/Frameworks/MetalPerformanceShaders.framework/Versions/A/Frameworks/MPSCore.framework/Versions/A/MPSCore
0x00000001cd331000 	/System/Library/Frameworks/MetalPerformanceShaders.framework/Versions/A/Frameworks/MPSImage.framework/Versions/A/MPSImage
0x00000001cce20000 	/System/Library/Frameworks/MetalPerformanceShaders.framework/Versions/A/Frameworks/MPSNeuralNetwork.framework/Versions/A/MPSNeuralNetwork
0x00000001cd259000 	/System/Library/Frameworks/MetalPerformanceShaders.framework/Versions/A/Frameworks/MPSMatrix.framework/Versions/A/MPSMatrix
0x00000001cd032000 	/System/Library/Frameworks/MetalPerformanceShaders.framework/Versions/A/Frameworks/MPSRayIntersector.framework/Versions/A/MPSRayIntersector
0x00000001cd28a000 	/System/Library/Frameworks/MetalPerformanceShaders.framework/Versions/A/Frameworks/MPSNDArray.framework/Versions/A/MPSNDArray
0x0000000226dfb000 	/System/Library/Frameworks/MetalPerformanceShaders.framework/Versions/A/Frameworks/MPSFunctions.framework/Versions/A/MPSFunctions
0x00000001c3378000 	/System/Library/PrivateFrameworks/MetalTools.framework/Versions/A/MetalTools
0x00000001cc20e000 	/System/Library/PrivateFrameworks/AggregateDictionary.framework/Versions/A/AggregateDictionary
0x00000001ce144000 	/usr/lib/libIOReport.dylib
0x00000001d8466000 	/System/Library/PrivateFrameworks/ASEProcessing.framework/Versions/A/ASEProcessing
0x00000001ce4b9000 	/System/Library/PrivateFrameworks/FaceCore.framework/Versions/A/FaceCore
0x00000001ce4ab000 	/System/Library/PrivateFrameworks/GraphVisualizer.framework/Versions/A/GraphVisualizer
0x000000022f0d3000 	/System/Library/PrivateFrameworks/FontServices.framework/Versions/A/FontServices
0x00000001ce8cc000 	/System/Library/PrivateFrameworks/OTSVG.framework/Versions/A/OTSVG
0x00000001c9df9000 	/System/Library/Frameworks/ApplicationServices.framework/Versions/A/Frameworks/ATS.framework/Versions/A/Resources/libFontRegistry.dylib
0x00000001ce919000 	/System/Library/PrivateFrameworks/FontServices.framework/libhvf.dylib
0x000000022f0d4000 	/System/Library/PrivateFrameworks/FontServices.framework/libXTFontStaticRegistryData.dylib
0x00000002246a1000 	/System/Library/Frameworks/OpenCL.framework/Versions/A/OpenCL
0x00000001ce313000 	/System/Library/PrivateFrameworks/AppleVA.framework/Versions/A/AppleVA
0x00000001d04b5000 	/System/Library/Frameworks/ApplicationServices.framework/Versions/A/Frameworks/ATS.framework/Versions/A/ATS
0x00000001c8823000 	/System/Library/Frameworks/ApplicationServices.framework/Versions/A/Frameworks/HIServices.framework/Versions/A/HIServices
0x00000001cf31c000 	/System/Library/Frameworks/ApplicationServices.framework/Versions/A/Frameworks/PrintCore.framework/Versions/A/PrintCore
0x00000001d084c000 	/System/Library/Frameworks/ApplicationServices.framework/Versions/A/Frameworks/QD.framework/Versions/A/QD
0x00000001d0844000 	/System/Library/Frameworks/ApplicationServices.framework/Versions/A/Frameworks/ColorSyncLegacy.framework/Versions/A/ColorSyncLegacy
0x00000001d04a1000 	/System/Library/Frameworks/ApplicationServices.framework/Versions/A/Frameworks/SpeechSynthesis.framework/Versions/A/SpeechSynthesis
0x00000001cf2dd000 	/System/Library/Frameworks/ApplicationServices.framework/Versions/A/Frameworks/ATSUI.framework/Versions/A/ATSUI
0x00000001d07d9000 	/usr/lib/libcups.2.dylib
0x00000001d0bb3000 	/System/Library/Frameworks/Kerberos.framework/Versions/A/Kerberos
0x00000001d0bc4000 	/System/Library/Frameworks/GSS.framework/Versions/A/GSS
0x00000001d0525000 	/usr/lib/libresolv.9.dylib
0x00000001ce928000 	/System/Library/PrivateFrameworks/Heimdal.framework/Versions/A/Heimdal
0x00000001d769c000 	/System/Library/Frameworks/Kerberos.framework/Versions/A/Libraries/libHeimdalProxy.dylib
0x00000001c9473000 	/System/Library/Frameworks/Network.framework/Versions/A/Network
0x00000001ce37a000 	/usr/lib/libheimdal-asn1.dylib
0x00000001d0c14000 	/System/Library/PrivateFrameworks/CommonAuth.framework/Versions/A/CommonAuth
0x00000001d041b000 	/System/Library/PrivateFrameworks/AudioSession.framework/Versions/A/AudioSession
0x00000001ce40c000 	/System/Library/PrivateFrameworks/MediaExperience.framework/Versions/A/MediaExperience
0x00000001d02a0000 	/System/Library/PrivateFrameworks/AudioSession.framework/libSessionUtility.dylib
0x00000001d0858000 	/System/Library/PrivateFrameworks/AudioResourceArbitration.framework/Versions/A/AudioResourceArbitration
0x00000001d4a1e000 	/System/Library/PrivateFrameworks/PowerLog.framework/Versions/A/PowerLog
0x00000001ce384000 	/System/Library/PrivateFrameworks/IconFoundation.framework/Versions/A/IconFoundation
0x00000001d3767000 	/System/Library/PrivateFrameworks/SpeechRecognitionCore.framework/Versions/A/SpeechRecognitionCore
0x000000010126c000 	/Users/cleontan/Downloads/jdk-11.0.17.jdk/Contents/Home/lib/server/libjvm.dylib
0x000000010072c000 	/Users/cleontan/Downloads/jdk-11.0.17.jdk/Contents/Home/lib/libverify.dylib
0x0000000100778000 	/Users/cleontan/Downloads/jdk-11.0.17.jdk/Contents/Home/lib/libjava.dylib
0x0000000100664000 	/Users/cleontan/Downloads/jdk-11.0.17.jdk/Contents/Home/lib/libjimage.dylib
0x000000010075c000 	/Users/cleontan/Downloads/jdk-11.0.17.jdk/Contents/Home/lib/libzip.dylib
0x00000001011e0000 	/Users/cleontan/Downloads/jdk-11.0.17.jdk/Contents/Home/lib/libnio.dylib
0x0000000101220000 	/Users/cleontan/Downloads/jdk-11.0.17.jdk/Contents/Home/lib/libnet.dylib
0x00000001011fc000 	/Users/cleontan/.openjfx/cache/17/libprism_es2.dylib
0x00000001c55c6000 	/System/Library/PrivateFrameworks/CoreServicesInternal.framework/Versions/A/CoreServicesInternal
0x000000022450a000 	/System/Library/Frameworks/OpenGL.framework/Versions/A/Resources/GLEngine.bundle/GLEngine
0x0000000224392000 	/System/Library/Frameworks/OpenGL.framework/Versions/A/Libraries/libGLProgrammability.dylib
0x0000000125cfc000 	/System/Library/Extensions/AppleMetalOpenGLRenderer.bundle/Contents/MacOS/AppleMetalOpenGLRenderer
0x0000000224679000 	/System/Library/Frameworks/OpenGL.framework/Versions/A/Resources/GLRendererFloat.bundle/GLRendererFloat
0x00000002251fb000 	/System/Library/Extensions/AGXMetalG14G.bundle/Contents/MacOS/AGXMetalG14G
0x00000001e2fe6000 	/System/Library/PrivateFrameworks/GPURawCounter.framework/Versions/A/GPURawCounter
0x00000001dd777000 	/System/Library/PrivateFrameworks/IOGPU.framework/Versions/A/IOGPU
0x000000012755c000 	/Users/cleontan/.openjfx/cache/17/libglass.dylib
0x00000001d4c76000 	/System/Library/Frameworks/FileProvider.framework/Versions/A/FileProvider
0x00000001c9240000 	/System/Library/Frameworks/Accounts.framework/Versions/A/Accounts
0x00000001d4dfa000 	/System/Library/PrivateFrameworks/GenerationalStorage.framework/Versions/A/GenerationalStorage
0x00000001d59bd000 	/System/Library/PrivateFrameworks/CoreSymbolication.framework/Versions/A/CoreSymbolication
0x00000001d4a12000 	/System/Library/PrivateFrameworks/SymptomDiagnosticReporter.framework/Versions/A/SymptomDiagnosticReporter
0x00000001c68b7000 	/System/Library/PrivateFrameworks/DesktopServicesPriv.framework/Versions/A/DesktopServicesPriv
0x00000001c5728000 	/usr/lib/libsandbox.1.dylib
0x00000001ca2be000 	/System/Library/PrivateFrameworks/UserManagement.framework/Versions/A/UserManagement
0x00000001d597a000 	/System/Library/PrivateFrameworks/DebugSymbols.framework/Versions/A/DebugSymbols
0x00000001d0837000 	/System/Library/PrivateFrameworks/NetAuth.framework/Versions/A/NetAuth
0x00000001d1758000 	/System/Library/PrivateFrameworks/Sharing.framework/Versions/A/Sharing
0x00000001ca28e000 	/System/Library/PrivateFrameworks/login.framework/Versions/A/Frameworks/loginsupport.framework/Versions/A/loginsupport
0x00000001d6bb1000 	/System/Library/PrivateFrameworks/Apple80211.framework/Versions/A/Apple80211
0x00000001cd415000 	/System/Library/PrivateFrameworks/AuthKit.framework/Versions/A/AuthKit
0x00000001cca9d000 	/System/Library/PrivateFrameworks/CoreUtils.framework/Versions/A/CoreUtils
0x00000001cc9c0000 	/System/Library/Frameworks/CoreWLAN.framework/Versions/A/CoreWLAN
0x00000001d18c8000 	/System/Library/Frameworks/IOBluetooth.framework/Versions/A/IOBluetooth
0x00000001d6c11000 	/System/Library/PrivateFrameworks/CoreWiFi.framework/Versions/A/CoreWiFi
0x00000001d555a000 	/System/Library/PrivateFrameworks/FrontBoardServices.framework/Versions/A/FrontBoardServices
0x00000001d55f2000 	/System/Library/PrivateFrameworks/BoardServices.framework/Versions/A/BoardServices
0x00000001cccb0000 	/System/Library/PrivateFrameworks/AssertionServices.framework/Versions/A/AssertionServices
0x00000001d6d8e000 	/System/Library/PrivateFrameworks/BackBoardServices.framework/Versions/A/BackBoardServices
0x00000001d0cab000 	/System/Library/PrivateFrameworks/CorePhoneNumbers.framework/Versions/A/CorePhoneNumbers
0x00000001d0552000 	/System/Library/PrivateFrameworks/MultiverseSupport.framework/Versions/A/MultiverseSupport
0x00000001d700f000 	/System/Library/PrivateFrameworks/RemoteServiceDiscovery.framework/Versions/A/RemoteServiceDiscovery
0x00000001d4b42000 	/System/Library/PrivateFrameworks/DiskManagement.framework/Versions/A/DiskManagement
0x00000001d4a45000 	/System/Library/PrivateFrameworks/AppleIDAuthSupport.framework/Versions/A/AppleIDAuthSupport
0x0000000229638000 	/System/Library/PrivateFrameworks/AAAFoundation.framework/Versions/A/AAAFoundation
0x00000001d0c8a000 	/System/Library/PrivateFrameworks/KeychainCircle.framework/Versions/A/KeychainCircle
0x00000001d701f000 	/System/Library/PrivateFrameworks/RemoteXPC.framework/Versions/A/RemoteXPC
0x00000001d4b0e000 	/System/Library/PrivateFrameworks/MediaKit.framework/Versions/A/MediaKit
0x00000001d4a52000 	/System/Library/Frameworks/DiscRecording.framework/Versions/A/DiscRecording
0x00000001ce28f000 	/usr/lib/libCoreStorage.dylib
0x00000001d708b000 	/usr/lib/libcsfde.dylib
0x00000001d199d000 	/System/Library/PrivateFrameworks/ProtectedCloudStorage.framework/Versions/A/ProtectedCloudStorage
0x00000001d7083000 	/System/Library/PrivateFrameworks/EFILogin.framework/Versions/A/EFILogin
0x00000001d4e21000 	/System/Library/PrivateFrameworks/OctagonTrust.framework/Versions/A/OctagonTrust
0x000000022e25a000 	/System/Library/PrivateFrameworks/CoreUtilsExtras.framework/Versions/A/CoreUtilsExtras
0x00000001d4977000 	/System/Library/Frameworks/CoreBluetooth.framework/Versions/A/CoreBluetooth
0x00000001d7721000 	/System/Library/Frameworks/AudioUnit.framework/Versions/A/AudioUnit
0x00000001ce287000 	/usr/lib/libMatch.1.dylib
0x00000001e74ce000 	/System/Library/Frameworks/Accelerate.framework/Versions/A/Frameworks/vImage.framework/Versions/A/Libraries/libCGInterfaces.dylib
0x00000001277dc000 	/usr/lib/libobjc-trampolines.dylib
0x00000001c9f88000 	/System/Library/PrivateFrameworks/ViewBridge.framework/Versions/A/ViewBridge


VM Arguments:
jvm_args: -Dfile.encoding=UTF-8 -Duser.country=GB -Duser.language=en -Duser.variant 
java_command: duke.Duke
java_class_path (initial): /Users/cleontan/Coding stuff/ip/build/classes/java/main:/Users/cleontan/Coding stuff/ip/build/resources/main:/Users/cleontan/.gradle/caches/modules-2/files-2.1/org.openjfx/javafx-fxml/17/9ba33b0d9c19e9dcfd76fe7d95748a933e09b3b/javafx-fxml-17-mac-aarch64.jar:/Users/cleontan/.gradle/caches/modules-2/files-2.1/org.openjfx/javafx-controls/17/2254b351c1e6ce2ac9adcd3480fed883cebbb08b/javafx-controls-17-mac-aarch64.jar:/Users/cleontan/.gradle/caches/modules-2/files-2.1/org.openjfx/javafx-controls/17/7116001b777530c89e5c7381d39a2c9268f71e7e/javafx-controls-17.jar:/Users/cleontan/.gradle/caches/modules-2/files-2.1/org.openjfx/javafx-graphics/17/b6326f61f7e0effbf733d62e83b8317eb8e768b4/javafx-graphics-17-mac-aarch64.jar:/Users/cleontan/.gradle/caches/modules-2/files-2.1/org.openjfx/javafx-graphics/17/616d987ba02a86196d7feca443677fff908d5737/javafx-graphics-17.jar:/Users/cleontan/.gradle/caches/modules-2/files-2.1/org.openjfx/javafx-base/17/d77b645fa3e1a6270783178541944e4b4a457cd2/javafx-base-17-mac-aarch64.jar:/Users/cleontan/.gradle/caches/modules-2/files-2.1/org.openjfx/javafx-base/17/1e6732190939254735dc2a88eca88c5c7ccc719d/javafx-base-17.jar
Launcher Type: SUN_STANDARD

[Global flags]
     intx CICompilerCount                          = 4                                         {product} {ergonomic}
     uint ConcGCThreads                            = 2                                         {product} {ergonomic}
     uint G1ConcRefinementThreads                  = 8                                         {product} {ergonomic}
   size_t G1HeapRegionSize                         = 1048576                                   {product} {ergonomic}
    uintx GCDrainStackTargetSize                   = 64                                        {product} {ergonomic}
   size_t InitialHeapSize                          = 268435456                                 {product} {ergonomic}
   size_t MarkStackSize                            = 4194304                                   {product} {ergonomic}
   size_t MaxHeapSize                              = 4294967296                                {product} {ergonomic}
   size_t MaxNewSize                               = 2576351232                                {product} {ergonomic}
   size_t MinHeapDeltaBytes                        = 1048576                                   {product} {ergonomic}
    uintx NonNMethodCodeHeapSize                   = 5836492                                {pd product} {ergonomic}
    uintx NonProfiledCodeHeapSize                  = 122910874                              {pd product} {ergonomic}
    uintx ProfiledCodeHeapSize                     = 122910874                              {pd product} {ergonomic}
    uintx ReservedCodeCacheSize                    = 251658240                              {pd product} {ergonomic}
     bool SegmentedCodeCache                       = true                                      {product} {ergonomic}
     bool UseCompressedClassPointers               = true                                 {lp64_product} {ergonomic}
     bool UseCompressedOops                        = true                                 {lp64_product} {ergonomic}
     bool UseG1GC                                  = true                                      {product} {ergonomic}

Logging:
Log output configuration:
 #0: stdout all=warning uptime,level,tags
 #1: stderr all=off uptime,level,tags

Environment Variables:
PATH=/Users/cleontan/.rvm/gems/ruby-3.0.0/bin:/Users/cleontan/.rvm/gems/ruby-3.0.0@global/bin:/Users/cleontan/.rvm/rubies/ruby-3.0.0/bin:/opt/homebrew/opt/ruby/bin:/opt/homebrew/opt/ruby/bin:/opt/homebrew/opt/ruby/bin:/opt/homebrew/bin:/opt/homebrew/sbin:/usr/local/bin:/usr/bin:/bin:/usr/sbin:/sbin:/Library/Apple/usr/bin:/Users/cleontan/.rvm/bin
SHELL=/bin/zsh

Signal Handlers:
SIGSEGV: [libjvm.dylib+0x684680], sa_mask[0]=11111111011111110111111111111111, sa_flags=SA_ONSTACK|SA_RESTART|SA_SIGINFO
SIGBUS: [libjvm.dylib+0x684680], sa_mask[0]=11111111011111110111111111111111, sa_flags=SA_RESTART|SA_SIGINFO
SIGFPE: [libjvm.dylib+0x684680], sa_mask[0]=11111111011111110111111111111111, sa_flags=SA_RESTART|SA_SIGINFO
SIGPIPE: [libjvm.dylib+0x5311e0], sa_mask[0]=11111111011111110111111111111111, sa_flags=SA_RESTART|SA_SIGINFO
SIGXFSZ: [libjvm.dylib+0x5311e0], sa_mask[0]=11111111011111110111111111111111, sa_flags=SA_RESTART|SA_SIGINFO
SIGILL: [libjvm.dylib+0x684680], sa_mask[0]=11111111011111110111111111111111, sa_flags=SA_RESTART|SA_SIGINFO
SIGUSR2: [libjvm.dylib+0x5317e0], sa_mask[0]=00100000000000000000000000000000, sa_flags=SA_RESTART|SA_SIGINFO
SIGHUP: [libjvm.dylib+0x52fea0], sa_mask[0]=11111111011111110111111111111111, sa_flags=SA_RESTART|SA_SIGINFO
SIGINT: [libjvm.dylib+0x52fea0], sa_mask[0]=11111111011111110111111111111111, sa_flags=SA_RESTART|SA_SIGINFO
SIGTERM: [libjvm.dylib+0x52fea0], sa_mask[0]=11111111011111110111111111111111, sa_flags=SA_RESTART|SA_SIGINFO
SIGQUIT: [libjvm.dylib+0x52fea0], sa_mask[0]=11111111011111110111111111111111, sa_flags=SA_RESTART|SA_SIGINFO


---------------  S Y S T E M  ---------------

OS:uname:Darwin 21.6.0 Darwin Kernel Version 21.6.0: Sat Jun 18 17:07:28 PDT 2022; root:xnu-8020.140.41~1/RELEASE_ARM64_T8110 arm64
rlimit: STACK 8176k, CORE 0k, NPROC 2666, NOFILE 10240, AS infinity, DATA infinity, FSIZE infinity
load average:10.79 14.16 14.03

CPU:total 8 (initial active 8) 0x61:0x0:0xda33d83d:0, simd, crc, lse

Memory: 16k page, physical 16777216k(75152k free)

vm_info: Java HotSpot(TM) 64-Bit Server VM (11.0.17+10-LTS-269) for bsd-aarch64 JRE (11.0.17+10-LTS-269), built on Sep 13 2022 19:05:53 by "mach5one" with gcc Apple LLVM 12.0.0 (clang-1200.0.32.29)

END.
