#
# A fatal error has been detected by the Java Runtime Environment:
#
#  SIGBUS (0xa) at pc=0x0000000110f9534c, pid=3545, tid=28423
#
# JRE version: Java(TM) SE Runtime Environment 18.9 (11.0.17+10) (build 11.0.17+10-LTS-269)
# Java VM: Java HotSpot(TM) 64-Bit Server VM 18.9 (11.0.17+10-LTS-269, mixed mode, tiered, compressed oops, g1 gc, bsd-aarch64)
# Problematic frame:
# J 2950  com.sun.glass.ui.mac.MacApplication._submitForLaterInvocation(Ljava/lang/Runnable;)V (0 bytes) @ 0x0000000110f9534c [0x0000000110f952c0+0x000000000000008c]
#
# No core dump will be written. Core dumps have been disabled. To enable core dumping, try "ulimit -c unlimited" before starting Java again
#
# If you would like to submit a bug report, please visit:
#   https://bugreport.java.com/bugreport/crash.jsp
# The crash happened outside the Java Virtual Machine in native code.
# See problematic frame for where to report the bug.
#

---------------  S U M M A R Y ------------

Command Line: -Dfile.encoding=UTF-8 -Duser.country=GB -Duser.language=en -Duser.variant duke.Duke

Host: Mac14,2 arm64 1 MHz, 8 cores, 16G, Darwin 21.6.0
Time: Tue Sep  5 22:00:04 2023 +08 elapsed time: 33.612811 seconds (0d 0h 0m 33s)

---------------  T H R E A D  ---------------

Current thread (0x00000001459be000):  JavaThread "InvokeLaterDispatcher" daemon [_thread_in_native, id=28423, stack(0x00000001721cc000,0x00000001723cf000)]

Stack: [0x00000001721cc000,0x00000001723cf000],  sp=0x00000001723ce920,  free space=2058k
Native frames: (J=compiled Java code, j=interpreted, Vv=VM code, C=native code)
J 2950  com.sun.glass.ui.mac.MacApplication._submitForLaterInvocation(Ljava/lang/Runnable;)V (0 bytes) @ 0x0000000110f9534c [0x0000000110f952c0+0x000000000000008c]
J 2880 c1 com.sun.glass.ui.mac.MacApplication.submitForLaterInvocation(Ljava/lang/Runnable;)V (6 bytes) @ 0x0000000109ebc6d8 [0x0000000109ebc640+0x0000000000000098]
j  com.sun.glass.ui.InvokeLaterDispatcher.run()V+82
v  ~StubRoutines::call_stub
V  [libjvm.dylib+0x315c98]  _ZN9JavaCalls11call_helperEP9JavaValueRK12methodHandleP17JavaCallArgumentsP6Thread+0x224
V  [libjvm.dylib+0x3150e8]  _ZN9JavaCalls12call_virtualEP9JavaValueP5KlassP6SymbolS5_P17JavaCallArgumentsP6Thread+0xec
V  [libjvm.dylib+0x3151ac]  _ZN9JavaCalls12call_virtualEP9JavaValue6HandleP5KlassP6SymbolS6_P6Thread+0x60
V  [libjvm.dylib+0x3b1e38]  _ZL12thread_entryP10JavaThreadP6Thread+0x78
V  [libjvm.dylib+0x62f444]  _ZN10JavaThread17thread_main_innerEv+0x80
V  [libjvm.dylib+0x62f270]  _ZN10JavaThread3runEv+0x128
V  [libjvm.dylib+0x62d2f0]  _ZN6Thread8call_runEv+0x7c
V  [libjvm.dylib+0x52ed78]  _ZL19thread_native_entryP6Thread+0x11c
C  [libsystem_pthread.dylib+0x726c]  _pthread_start+0x94

Java frames: (J=compiled Java code, j=interpreted, Vv=VM code)
J 2950  com.sun.glass.ui.mac.MacApplication._submitForLaterInvocation(Ljava/lang/Runnable;)V (0 bytes) @ 0x0000000110f95350 [0x0000000110f952c0+0x0000000000000090]
J 2880 c1 com.sun.glass.ui.mac.MacApplication.submitForLaterInvocation(Ljava/lang/Runnable;)V (6 bytes) @ 0x0000000109ebc6d8 [0x0000000109ebc640+0x0000000000000098]
j  com.sun.glass.ui.InvokeLaterDispatcher.run()V+82
v  ~StubRoutines::call_stub

siginfo: si_signo: 10 (SIGBUS), si_code: 1 (BUS_ADRALN), si_addr: 0x0000000110f9534c

Register to memory mapping:

 x0=0x00000001003e0000 points into unknown readable memory: 0x0000000000000000 | 00 00 00 00 00 00 00 00
 x1=0x00006000013fdf00 points into unknown readable memory: 0x0000a5444023df00 | 00 df 23 40 44 a5 00 00
 x2=0x0 is NULL
 x3=0x00000001c299704c: nanov2_free_definite_size+0 in /usr/lib/system/libsystem_malloc.dylib at 0x00000001c2995000
 x4=0x00000000000130a8 is an unknown value
 x5=0x0 is NULL
 x6=0x0 is NULL
 x7=0x00000000000005f6 is an unknown value
 x8=0x944f8e22717d00f6 is an unknown value
 x9=0x944f8e22717d00f6 is an unknown value
x10=0x00000000000007fb is an unknown value
x11=0x00000000000007fd is an unknown value
x12=0x00000000000001f1 is an unknown value
x13=0x00000000d3f071ed is an unknown value
x14=0x00000000d4107800 is an unknown value
x15=0x000000000000020f is an unknown value
x16=0x0000000080000000 is an unknown value
x17=0x0000000054000000 is an unknown value
x18=0x00000006cfd09d70 is pointing into object: [B 
{0x00000006cfd09920} - klass: {type array byte}
 - length: 1824
x19=0x00000000000000b9 is an unknown value
x20=0x00000001723ce9f0 is pointing into the stack for thread: 0x00000001459be000
x21=0x000000010195e1a0: _ZN19TemplateInterpreter13_active_tableE+0 in /Users/cleontan/Downloads/jdk-11.0.17.jdk/Contents/Home/lib/server/libjvm.dylib at 0x0000000101140000
x22=0x0000000125b51732 is pointing into metadata
x23=0x000000010938e600 is at code_begin+0 in an Interpreter codelet
method entry point (kind = zerolocals)  [0x000000010938e600, 0x000000010938e9c0]  960 bytes
x24=0x000000080011c168 is a pointer to class: 
com.sun.glass.ui.mac.MacApplication {0x000000080011c168}
x25=0x00000001723cedd0 is pointing into the stack for thread: 0x00000001459be000
x26=0x0000000125b51cf8 is pointing into metadata
x27=0x0 is NULL
x28=0x00000001459be000 is a thread


Registers:
 x0=0x00000001003e0000  x1=0x00006000013fdf00  x2=0x0000000000000000  x3=0x00000001c299704c
 x4=0x00000000000130a8  x5=0x0000000000000000  x6=0x0000000000000000  x7=0x00000000000005f6
 x8=0x944f8e22717d00f6  x9=0x944f8e22717d00f6 x10=0x00000000000007fb x11=0x00000000000007fd
x12=0x00000000000001f1 x13=0x00000000d3f071ed x14=0x00000000d4107800 x15=0x000000000000020f
x16=0x0000000080000000 x17=0x0000000054000000 x18=0x00000006cfd09d70 x19=0x00000000000000b9
x20=0x00000001723ce9f0 x21=0x000000010195e1a0 x22=0x0000000125b51732 x23=0x000000010938e600
x24=0x000000080011c168 x25=0x00000001723cedd0 x26=0x0000000125b51cf8 x27=0x0000000000000000
x28=0x00000001459be000  fp=0x00000001723ce970  lr=0x0e36800110f9534c  sp=0x00000001723ce920
pc=0x0000000110f9534c cpsr=0x0000000060001000
Top of Stack: (sp=0x00000001723ce920)
0x00000001723ce920:   00000006ce80fe50 00000006cf8159c0
0x00000001723ce930:   00000001723cea98 000000010938e600
0x00000001723ce940:   00000001723ce960 00000001016efce8
0x00000001723ce950:   0000000000000001 00000001459be000
0x00000001723ce960:   00000001723ce9a0 c70b00010144f4ec
0x00000001723ce970:   00000001723cea60 0000000109ebc6d8
0x00000001723ce980:   00000006cf8159c0 00000006ce119a88
0x00000001723ce990:   00000006ce119ad8 00000006ce119ac8
0x00000001723ce9a0:   00000001723cea60 000000010939edec
0x00000001723ce9b0:   00000001723cea60 000000010938aff4
0x00000001723ce9c0:   00000001343190b0 0000000125b2b878
0x00000001723ce9d0:   0000000000000000 00000001723ce9c0
0x00000001723ce9e0:   00000006ce119ac8 00000006ce800840
0x00000001723ce9f0:   00000006cf8159c0 00000006ce80fe50
0x00000001723cea00:   0000000000000003 0000000000000000
0x00000001723cea10:   00000001723cea00 0000000125b51732
0x00000001723cea20:   00000001723cea98 0000000125b51cf8
0x00000001723cea30:   00000006ce8009e0 0000000000000000
0x00000001723cea40:   0000000000000000 0000000125b517d0
0x00000001723cea50:   00000001723ce9f0 00000001723cea90
0x00000001723cea60:   00000001723ceb70 0000000109384144
0x00000001723cea70:   0000000000000000 0000000000000000
0x00000001723cea80:   00000006ce8009c8 00000006cf8159c0
0x00000001723cea90:   00000006ce119ac8 00000006ce800840
0x00000001723ceaa0:   0000000000000000 0000000000000000
0x00000001723ceab0:   0000000000000000 0000000000000000
0x00000001723ceac0:   0000000000000000 0000000000000000
0x00000001723cead0:   0000000000000000 0000000000000000
0x00000001723ceae0:   0000000000000000 0000000000000000
0x00000001723ceaf0:   0000000000000000 00000001723cedd0
0x00000001723ceb00:   000000000000000a 000000010938e600
0x00000001723ceb10:   00000001723ced30 00000001723cec58 

Instructions: (pc=0x0000000110f9534c)
0x0000000110f9524c:   00 00 00 00 00 00 00 00 00 00 00 00 e0 01 00 00
0x0000000110f9525c:   00 00 00 00 00 00 00 00 00 00 00 00 0c 60 03 f8
0x0000000110f9526c:   95 01 c2 03 01 00 54 70 1c 60 03 f8 95 01 c2 03
0x0000000110f9527c:   01 00 4c 70 30 60 0c 60 1c 60 01 f0 1c c0 01 f0
0x0000000110f9528c:   34 c0 00 00 00 00 00 00 00 00 00 00 00 00 00 00
0x0000000110f9529c:   00 00 00 00 00 00 00 00 00 00 00 00 00 00 00 00
0x0000000110f952ac:   00 00 00 00 00 00 00 00 00 00 00 00 00 00 00 00
0x0000000110f952bc:   00 00 00 00 28 08 40 b9 3f 01 08 6b 80 00 00 54
0x0000000110f952cc:   88 20 fc 90 08 01 1c 91 00 01 1f d6 1f 20 03 d5
0x0000000110f952dc:   e9 53 40 d1 3f 01 00 f9 fd 7b bf a9 fd 03 00 91
0x0000000110f952ec:   ff 43 01 d1 e2 07 00 f9 5f 00 1f eb e2 23 00 91
0x0000000110f952fc:   e2 03 82 9a e1 03 00 f9 3f 00 1f eb e1 03 00 d1
0x0000000110f9530c:   e1 03 81 9a 08 02 00 10 88 9f 01 f9 e8 03 00 91
0x0000000110f9531c:   88 9b 01 f9 c8 4d f8 f0 08 09 4f 39 88 06 00 35
0x0000000110f9532c:   80 43 0d 91 e8 03 7e b2 89 23 0f 91 28 fd 9f 88
0x0000000110f9533c:   08 41 83 d2 88 ba a4 f2 28 00 c0 f2 00 01 3f d6
0x0000000110f9534c:   df 3f 03 d5 a8 00 80 d2 88 cb 03 b9 bf 3b 03 d5
0x0000000110f9535c:   88 23 04 91 08 fd df c8 c8 03 18 37 88 db 40 b9
0x0000000110f9536c:   88 03 00 35 e8 03 7d b2 89 23 0f 91 28 fd 9f 88
0x0000000110f9537c:   88 d3 4f 39 1f 09 00 71 00 02 00 54 c8 4d f8 f0
0x0000000110f9538c:   08 09 4f 39 08 05 00 35 9f 9b 01 f9 9f 9f 01 f9
0x0000000110f9539c:   82 73 40 f9 5f 80 00 f9 bf 03 00 91 fd 7b c1 a8
0x0000000110f953ac:   88 07 40 f9 48 00 00 b5 c0 03 5f d6 68 1f fc f0
0x0000000110f953bc:   08 01 02 91 00 01 1f d6 08 4e 9b d2 c8 2d a0 f2
0x0000000110f953cc:   28 00 c0 f2 00 01 3f d6 df 3f 03 d5 ec ff ff 17
0x0000000110f953dc:   e0 03 1c aa 88 4b 81 d2 e8 2e a0 f2 28 00 c0 f2
0x0000000110f953ec:   00 01 3f d6 df 3f 03 d5 df ff ff 17 e1 0b bf a9
0x0000000110f953fc:   01 fa 96 d2 41 b6 a4 f2 21 00 c0 f2 e0 03 1c aa
0x0000000110f9540c:   e8 33 bf a9 08 ce 97 d2 c8 2d a0 f2 28 00 c0 f2
0x0000000110f9541c:   00 01 3f d6 e8 33 c1 a8 df 3f 03 d5 e1 0b c1 a8
0x0000000110f9542c:   c0 ff ff 17 01 fa 96 d2 41 b6 a4 f2 21 00 c0 f2
0x0000000110f9543c:   e0 03 1c aa e8 33 bf a9 08 e8 97 d2 c8 2d a0 f2 


Stack slot to memory mapping:
stack at sp + 0 slots: 0x00000006ce80fe50 is an oop: com.sun.glass.ui.mac.MacApplication 
{0x00000006ce80fe50} - klass: 'com/sun/glass/ui/mac/MacApplication'
stack at sp + 1 slots: 0x00000006cf8159c0 is an oop: com.sun.glass.ui.InvokeLaterDispatcher$Future 
{0x00000006cf8159c0} - klass: 'com/sun/glass/ui/InvokeLaterDispatcher$Future'
stack at sp + 2 slots: 0x00000001723cea98 is pointing into the stack for thread: 0x00000001459be000
stack at sp + 3 slots: 0x000000010938e600 is at code_begin+0 in an Interpreter codelet
method entry point (kind = zerolocals)  [0x000000010938e600, 0x000000010938e9c0]  960 bytes
stack at sp + 4 slots: 0x00000001723ce960 is pointing into the stack for thread: 0x00000001459be000
stack at sp + 5 slots: 0x00000001016efce8: _ZN34ThreadInVMfromJavaNoAsyncExceptionD2Ev+0x40 in /Users/cleontan/Downloads/jdk-11.0.17.jdk/Contents/Home/lib/server/libjvm.dylib at 0x0000000101140000
stack at sp + 6 slots: 0x0000000000000001 is an unknown value
stack at sp + 7 slots: 0x00000001459be000 is a thread



---------------  P R O C E S S  ---------------

Threads class SMR info:
_java_thread_list=0x0000600001161da0, length=16, elements={
0x0000000147009800, 0x0000000135823000, 0x0000000147008800, 0x0000000145812000,
0x000000014683a000, 0x000000014683d000, 0x000000014880e000, 0x000000014604e000,
0x000000014808f800, 0x0000000146848000, 0x0000000145868800, 0x00000001459be000,
0x00000001261ec000, 0x0000000148267000, 0x00000001470ca000, 0x00000001468a0000
}

Java Threads: ( => current thread )
  0x0000000147009800 JavaThread "main" [_thread_blocked, id=6147, stack(0x000000016fbdc000,0x000000016fddf000)]
  0x0000000135823000 JavaThread "Reference Handler" daemon [_thread_blocked, id=18947, stack(0x0000000170a30000,0x0000000170c33000)]
  0x0000000147008800 JavaThread "Finalizer" daemon [_thread_blocked, id=14595, stack(0x0000000170c3c000,0x0000000170e3f000)]
  0x0000000145812000 JavaThread "Signal Dispatcher" daemon [_thread_blocked, id=17667, stack(0x0000000170f60000,0x0000000171163000)]
  0x000000014683a000 JavaThread "Service Thread" daemon [_thread_blocked, id=21763, stack(0x000000017116c000,0x000000017136f000)]
  0x000000014683d000 JavaThread "C2 CompilerThread0" daemon [_thread_blocked, id=43267, stack(0x0000000171378000,0x000000017157b000)]
  0x000000014880e000 JavaThread "C1 CompilerThread0" daemon [_thread_blocked, id=42755, stack(0x0000000171584000,0x0000000171787000)]
  0x000000014604e000 JavaThread "Sweeper thread" daemon [_thread_blocked, id=41987, stack(0x0000000171790000,0x0000000171993000)]
  0x000000014808f800 JavaThread "Common-Cleaner" daemon [_thread_blocked, id=23299, stack(0x0000000171ba8000,0x0000000171dab000)]
  0x0000000146848000 JavaThread "JavaFX-Launcher" [_thread_blocked, id=23811, stack(0x0000000171db4000,0x0000000171fb7000)]
  0x0000000145868800 JavaThread "QuantumRenderer-0" daemon [_thread_blocked, id=40707, stack(0x0000000171fc0000,0x00000001721c3000)]
=>0x00000001459be000 JavaThread "InvokeLaterDispatcher" daemon [_thread_in_native, id=28423, stack(0x00000001721cc000,0x00000001723cf000)]
  0x00000001261ec000 JavaThread "JavaFX Application Thread" [_thread_in_native, id=259, stack(0x000000016f354000,0x000000016fb50000)]
  0x0000000148267000 JavaThread "Prism Font Disposer" daemon [_thread_blocked, id=73731, stack(0x00000001732b8000,0x00000001734bb000)]
  0x00000001470ca000 JavaThread "Cleaner-0" daemon [_thread_blocked, id=64535, stack(0x00000001734c4000,0x00000001736c7000)]
  0x00000001468a0000 JavaThread "PulseTimer-CVDisplayLink thread" daemon [_thread_in_native, id=88079, stack(0x00000001723d8000,0x000000017245b000)]

Other Threads:
  0x0000000145811800 VMThread "VM Thread" [stack: 0x0000000170824000,0x0000000170a27000] [id=19715]
  0x0000000145837000 WatcherThread [stack: 0x000000017199c000,0x0000000171b9f000] [id=41731]
  0x000000014800e000 GCTaskThread "GC Thread#0" [stack: 0x000000016fde8000,0x000000016ffeb000] [id=11523]
  0x000000014825d000 GCTaskThread "GC Thread#1" [stack: 0x0000000172670000,0x0000000172873000] [id=76807]
  0x000000014825e000 GCTaskThread "GC Thread#2" [stack: 0x000000017287c000,0x0000000172a7f000] [id=54531]
  0x0000000145a33000 GCTaskThread "GC Thread#3" [stack: 0x0000000172a88000,0x0000000172c8b000] [id=75779]
  0x0000000148265800 GCTaskThread "GC Thread#4" [stack: 0x0000000172c94000,0x0000000172e97000] [id=55043]
  0x0000000148266000 GCTaskThread "GC Thread#5" [stack: 0x0000000172ea0000,0x00000001730a3000] [id=75011]
  0x0000000146041000 ConcurrentGCThread "G1 Main Marker" [stack: 0x000000016fff4000,0x00000001701f7000] [id=20995]
  0x0000000146042000 ConcurrentGCThread "G1 Conc#0" [stack: 0x0000000170200000,0x0000000170403000] [id=12291]
  0x0000000146123000 ConcurrentGCThread "G1 Conc#1" [stack: 0x00000001730ac000,0x00000001732af000] [id=55563]
  0x000000014808e800 ConcurrentGCThread "G1 Refine#0" [stack: 0x000000017040c000,0x000000017060f000] [id=12803]
  0x0000000146833800 ConcurrentGCThread "G1 Young RemSet Sampling" [stack: 0x0000000170618000,0x000000017081b000] [id=19971]

Threads with active compile tasks:

VM state:not at safepoint (normal execution)

VM Mutex/Monitor currently owned by a thread: None

Heap address: 0x00000006c0000000, size: 4096 MB, Compressed Oops mode: Zero based, Oop shift amount: 3
Narrow klass base: 0x0000000800000000, Narrow klass shift: 0
Compressed class space size: 1073741824 Address: 0x0000000800000000

Heap:
 garbage-first heap   total 262144K, used 73298K [0x00000006c0000000, 0x00000007c0000000)
  region size 1024K, 35 young (35840K), 7 survivors (7168K)
 Metaspace       used 25816K, capacity 26898K, committed 27184K, reserved 1073152K
  class space    used 3265K, capacity 3700K, committed 3712K, reserved 1048576K
Heap Regions: E=young(eden), S=young(survivor), O=old, HS=humongous(starts), HC=humongous(continues), CS=collection set, F=free, A=archive, TAMS=top-at-mark-start (previous, next)
|   0|0x00000006c0000000, 0x00000006c0100000, 0x00000006c0100000|100%|HS|  |TAMS 0x00000006c0100000, 0x00000006c0000000| Complete 
|   1|0x00000006c0100000, 0x00000006c0200000, 0x00000006c0200000|100%|HC|  |TAMS 0x00000006c0200000, 0x00000006c0100000| Complete 
|   2|0x00000006c0200000, 0x00000006c0300000, 0x00000006c0300000|100%|HC|  |TAMS 0x00000006c0300000, 0x00000006c0200000| Complete 
|   3|0x00000006c0300000, 0x00000006c0400000, 0x00000006c0400000|100%|HC|  |TAMS 0x00000006c0400000, 0x00000006c0300000| Complete 
|   4|0x00000006c0400000, 0x00000006c0500000, 0x00000006c0500000|100%|HC|  |TAMS 0x00000006c0500000, 0x00000006c0400000| Complete 
|   5|0x00000006c0500000, 0x00000006c0600000, 0x00000006c0600000|100%|HC|  |TAMS 0x00000006c0600000, 0x00000006c0500000| Complete 
|   6|0x00000006c0600000, 0x00000006c0700000, 0x00000006c0700000|100%|HC|  |TAMS 0x00000006c0700000, 0x00000006c0600000| Complete 
|   7|0x00000006c0700000, 0x00000006c0800000, 0x00000006c0800000|100%|HC|  |TAMS 0x00000006c0800000, 0x00000006c0700000| Complete 
|   8|0x00000006c0800000, 0x00000006c0900000, 0x00000006c0900000|100%|HC|  |TAMS 0x00000006c0900000, 0x00000006c0800000| Complete 
|   9|0x00000006c0900000, 0x00000006c0a00000, 0x00000006c0a00000|100%|HC|  |TAMS 0x00000006c0a00000, 0x00000006c0900000| Complete 
|  10|0x00000006c0a00000, 0x00000006c0b00000, 0x00000006c0b00000|100%|HC|  |TAMS 0x00000006c0b00000, 0x00000006c0a00000| Complete 
|  11|0x00000006c0b00000, 0x00000006c0c00000, 0x00000006c0c00000|100%|HC|  |TAMS 0x00000006c0c00000, 0x00000006c0b00000| Complete 
|  12|0x00000006c0c00000, 0x00000006c0d00000, 0x00000006c0d00000|100%|HC|  |TAMS 0x00000006c0d00000, 0x00000006c0c00000| Complete 
|  13|0x00000006c0d00000, 0x00000006c0e00000, 0x00000006c0e00000|100%|HC|  |TAMS 0x00000006c0e00000, 0x00000006c0d00000| Complete 
|  14|0x00000006c0e00000, 0x00000006c0f00000, 0x00000006c0f00000|100%|HC|  |TAMS 0x00000006c0f00000, 0x00000006c0e00000| Complete 
|  15|0x00000006c0f00000, 0x00000006c1000000, 0x00000006c1000000|100%|HC|  |TAMS 0x00000006c1000000, 0x00000006c0f00000| Complete 
|  16|0x00000006c1000000, 0x00000006c1100000, 0x00000006c1100000|100%|HC|  |TAMS 0x00000006c1100000, 0x00000006c1000000| Complete 
|  17|0x00000006c1100000, 0x00000006c1200000, 0x00000006c1200000|100%|HC|  |TAMS 0x00000006c1200000, 0x00000006c1100000| Complete 
|  18|0x00000006c1200000, 0x00000006c1300000, 0x00000006c1300000|100%|HC|  |TAMS 0x00000006c1300000, 0x00000006c1200000| Complete 
|  19|0x00000006c1300000, 0x00000006c1400000, 0x00000006c1400000|100%|HC|  |TAMS 0x00000006c1400000, 0x00000006c1300000| Complete 
|  20|0x00000006c1400000, 0x00000006c1500000, 0x00000006c1500000|100%|HC|  |TAMS 0x00000006c1500000, 0x00000006c1400000| Complete 
|  21|0x00000006c1500000, 0x00000006c1600000, 0x00000006c1600000|100%|HC|  |TAMS 0x00000006c1600000, 0x00000006c1500000| Complete 
|  22|0x00000006c1600000, 0x00000006c1700000, 0x00000006c1700000|100%|HC|  |TAMS 0x00000006c1700000, 0x00000006c1600000| Complete 
|  23|0x00000006c1700000, 0x00000006c1800000, 0x00000006c1800000|100%|HC|  |TAMS 0x00000006c1800000, 0x00000006c1700000| Complete 
|  24|0x00000006c1800000, 0x00000006c1900000, 0x00000006c1900000|100%|HC|  |TAMS 0x00000006c1900000, 0x00000006c1800000| Complete 
|  25|0x00000006c1900000, 0x00000006c1a00000, 0x00000006c1a00000|100%|HC|  |TAMS 0x00000006c1a00000, 0x00000006c1900000| Complete 
|  26|0x00000006c1a00000, 0x00000006c1b00000, 0x00000006c1b00000|100%|HC|  |TAMS 0x00000006c1b00000, 0x00000006c1a00000| Complete 
|  27|0x00000006c1b00000, 0x00000006c1c00000, 0x00000006c1c00000|100%|HC|  |TAMS 0x00000006c1c00000, 0x00000006c1b00000| Complete 
|  28|0x00000006c1c00000, 0x00000006c1d00000, 0x00000006c1d00000|100%|HC|  |TAMS 0x00000006c1d00000, 0x00000006c1c00000| Complete 
|  29|0x00000006c1d00000, 0x00000006c1e00000, 0x00000006c1e00000|100%|HC|  |TAMS 0x00000006c1e00000, 0x00000006c1d00000| Complete 
|  30|0x00000006c1e00000, 0x00000006c1f00000, 0x00000006c1f00000|100%|HC|  |TAMS 0x00000006c1f00000, 0x00000006c1e00000| Complete 
|  31|0x00000006c1f00000, 0x00000006c2000000, 0x00000006c2000000|100%|HC|  |TAMS 0x00000006c2000000, 0x00000006c1f00000| Complete 
|  32|0x00000006c2000000, 0x00000006c2100000, 0x00000006c2100000|100%|HC|  |TAMS 0x00000006c2100000, 0x00000006c2000000| Complete 
|  33|0x00000006c2100000, 0x00000006c2200000, 0x00000006c2200000|100%|HC|  |TAMS 0x00000006c2200000, 0x00000006c2100000| Complete 
|  34|0x00000006c2200000, 0x00000006c2300000, 0x00000006c2300000|100%|HC|  |TAMS 0x00000006c2300000, 0x00000006c2200000| Complete 
|  35|0x00000006c2300000, 0x00000006c23fd200, 0x00000006c2400000| 98%| O|  |TAMS 0x00000006c23fd200, 0x00000006c2300000| Untracked 
|  36|0x00000006c2400000, 0x00000006c2500000, 0x00000006c2500000|100%|HS|  |TAMS 0x00000006c2400000, 0x00000006c2400000| Complete 
|  37|0x00000006c2500000, 0x00000006c2600000, 0x00000006c2600000|100%|HC|  |TAMS 0x00000006c2500000, 0x00000006c2500000| Complete 
|  38|0x00000006c2600000, 0x00000006c2600000, 0x00000006c2700000|  0%| F|  |TAMS 0x00000006c2600000, 0x00000006c2600000| Untracked 
|  39|0x00000006c2700000, 0x00000006c2700000, 0x00000006c2800000|  0%| F|  |TAMS 0x00000006c2700000, 0x00000006c2700000| Untracked 
|  40|0x00000006c2800000, 0x00000006c2800000, 0x00000006c2900000|  0%| F|  |TAMS 0x00000006c2800000, 0x00000006c2800000| Untracked 
|  41|0x00000006c2900000, 0x00000006c2900000, 0x00000006c2a00000|  0%| F|  |TAMS 0x00000006c2900000, 0x00000006c2900000| Untracked 
|  42|0x00000006c2a00000, 0x00000006c2a00000, 0x00000006c2b00000|  0%| F|  |TAMS 0x00000006c2a00000, 0x00000006c2a00000| Untracked 
|  43|0x00000006c2b00000, 0x00000006c2b00000, 0x00000006c2c00000|  0%| F|  |TAMS 0x00000006c2b00000, 0x00000006c2b00000| Untracked 
|  44|0x00000006c2c00000, 0x00000006c2c00000, 0x00000006c2d00000|  0%| F|  |TAMS 0x00000006c2c00000, 0x00000006c2c00000| Untracked 
|  45|0x00000006c2d00000, 0x00000006c2d00000, 0x00000006c2e00000|  0%| F|  |TAMS 0x00000006c2d00000, 0x00000006c2d00000| Untracked 
|  46|0x00000006c2e00000, 0x00000006c2e00000, 0x00000006c2f00000|  0%| F|  |TAMS 0x00000006c2e00000, 0x00000006c2e00000| Untracked 
|  47|0x00000006c2f00000, 0x00000006c2f00000, 0x00000006c3000000|  0%| F|  |TAMS 0x00000006c2f00000, 0x00000006c2f00000| Untracked 
|  48|0x00000006c3000000, 0x00000006c3000000, 0x00000006c3100000|  0%| F|  |TAMS 0x00000006c3000000, 0x00000006c3000000| Untracked 
|  49|0x00000006c3100000, 0x00000006c3100000, 0x00000006c3200000|  0%| F|  |TAMS 0x00000006c3100000, 0x00000006c3100000| Untracked 
|  50|0x00000006c3200000, 0x00000006c3200000, 0x00000006c3300000|  0%| F|  |TAMS 0x00000006c3200000, 0x00000006c3200000| Untracked 
|  51|0x00000006c3300000, 0x00000006c3300000, 0x00000006c3400000|  0%| F|  |TAMS 0x00000006c3300000, 0x00000006c3300000| Untracked 
|  52|0x00000006c3400000, 0x00000006c3400000, 0x00000006c3500000|  0%| F|  |TAMS 0x00000006c3400000, 0x00000006c3400000| Untracked 
|  53|0x00000006c3500000, 0x00000006c3500000, 0x00000006c3600000|  0%| F|  |TAMS 0x00000006c3500000, 0x00000006c3500000| Untracked 
|  54|0x00000006c3600000, 0x00000006c3600000, 0x00000006c3700000|  0%| F|  |TAMS 0x00000006c3600000, 0x00000006c3600000| Untracked 
|  55|0x00000006c3700000, 0x00000006c3700000, 0x00000006c3800000|  0%| F|  |TAMS 0x00000006c3700000, 0x00000006c3700000| Untracked 
|  56|0x00000006c3800000, 0x00000006c3800000, 0x00000006c3900000|  0%| F|  |TAMS 0x00000006c3800000, 0x00000006c3800000| Untracked 
|  57|0x00000006c3900000, 0x00000006c3900000, 0x00000006c3a00000|  0%| F|  |TAMS 0x00000006c3900000, 0x00000006c3900000| Untracked 
|  58|0x00000006c3a00000, 0x00000006c3a00000, 0x00000006c3b00000|  0%| F|  |TAMS 0x00000006c3a00000, 0x00000006c3a00000| Untracked 
|  59|0x00000006c3b00000, 0x00000006c3b00000, 0x00000006c3c00000|  0%| F|  |TAMS 0x00000006c3b00000, 0x00000006c3b00000| Untracked 
|  60|0x00000006c3c00000, 0x00000006c3c00000, 0x00000006c3d00000|  0%| F|  |TAMS 0x00000006c3c00000, 0x00000006c3c00000| Untracked 
|  61|0x00000006c3d00000, 0x00000006c3d00000, 0x00000006c3e00000|  0%| F|  |TAMS 0x00000006c3d00000, 0x00000006c3d00000| Untracked 
|  62|0x00000006c3e00000, 0x00000006c3e00000, 0x00000006c3f00000|  0%| F|  |TAMS 0x00000006c3e00000, 0x00000006c3e00000| Untracked 
|  63|0x00000006c3f00000, 0x00000006c3f00000, 0x00000006c4000000|  0%| F|  |TAMS 0x00000006c3f00000, 0x00000006c3f00000| Untracked 
|  64|0x00000006c4000000, 0x00000006c4000000, 0x00000006c4100000|  0%| F|  |TAMS 0x00000006c4000000, 0x00000006c4000000| Untracked 
|  65|0x00000006c4100000, 0x00000006c4100000, 0x00000006c4200000|  0%| F|  |TAMS 0x00000006c4100000, 0x00000006c4100000| Untracked 
|  66|0x00000006c4200000, 0x00000006c4200000, 0x00000006c4300000|  0%| F|  |TAMS 0x00000006c4200000, 0x00000006c4200000| Untracked 
|  67|0x00000006c4300000, 0x00000006c4300000, 0x00000006c4400000|  0%| F|  |TAMS 0x00000006c4300000, 0x00000006c4300000| Untracked 
|  68|0x00000006c4400000, 0x00000006c4400000, 0x00000006c4500000|  0%| F|  |TAMS 0x00000006c4400000, 0x00000006c4400000| Untracked 
|  69|0x00000006c4500000, 0x00000006c4500000, 0x00000006c4600000|  0%| F|  |TAMS 0x00000006c4500000, 0x00000006c4500000| Untracked 
|  70|0x00000006c4600000, 0x00000006c4600000, 0x00000006c4700000|  0%| F|  |TAMS 0x00000006c4600000, 0x00000006c4600000| Untracked 
|  71|0x00000006c4700000, 0x00000006c4700000, 0x00000006c4800000|  0%| F|  |TAMS 0x00000006c4700000, 0x00000006c4700000| Untracked 
|  72|0x00000006c4800000, 0x00000006c4800000, 0x00000006c4900000|  0%| F|  |TAMS 0x00000006c4800000, 0x00000006c4800000| Untracked 
|  73|0x00000006c4900000, 0x00000006c4900000, 0x00000006c4a00000|  0%| F|  |TAMS 0x00000006c4900000, 0x00000006c4900000| Untracked 
|  74|0x00000006c4a00000, 0x00000006c4a00000, 0x00000006c4b00000|  0%| F|  |TAMS 0x00000006c4a00000, 0x00000006c4a00000| Untracked 
|  75|0x00000006c4b00000, 0x00000006c4b00000, 0x00000006c4c00000|  0%| F|  |TAMS 0x00000006c4b00000, 0x00000006c4b00000| Untracked 
|  76|0x00000006c4c00000, 0x00000006c4c00000, 0x00000006c4d00000|  0%| F|  |TAMS 0x00000006c4c00000, 0x00000006c4c00000| Untracked 
|  77|0x00000006c4d00000, 0x00000006c4d00000, 0x00000006c4e00000|  0%| F|  |TAMS 0x00000006c4d00000, 0x00000006c4d00000| Untracked 
|  78|0x00000006c4e00000, 0x00000006c4e00000, 0x00000006c4f00000|  0%| F|  |TAMS 0x00000006c4e00000, 0x00000006c4e00000| Untracked 
|  79|0x00000006c4f00000, 0x00000006c4f00000, 0x00000006c5000000|  0%| F|  |TAMS 0x00000006c4f00000, 0x00000006c4f00000| Untracked 
|  80|0x00000006c5000000, 0x00000006c5000000, 0x00000006c5100000|  0%| F|  |TAMS 0x00000006c5000000, 0x00000006c5000000| Untracked 
|  81|0x00000006c5100000, 0x00000006c5100000, 0x00000006c5200000|  0%| F|  |TAMS 0x00000006c5100000, 0x00000006c5100000| Untracked 
|  82|0x00000006c5200000, 0x00000006c5200000, 0x00000006c5300000|  0%| F|  |TAMS 0x00000006c5200000, 0x00000006c5200000| Untracked 
|  83|0x00000006c5300000, 0x00000006c5300000, 0x00000006c5400000|  0%| F|  |TAMS 0x00000006c5300000, 0x00000006c5300000| Untracked 
|  84|0x00000006c5400000, 0x00000006c5400000, 0x00000006c5500000|  0%| F|  |TAMS 0x00000006c5400000, 0x00000006c5400000| Untracked 
|  85|0x00000006c5500000, 0x00000006c5500000, 0x00000006c5600000|  0%| F|  |TAMS 0x00000006c5500000, 0x00000006c5500000| Untracked 
|  86|0x00000006c5600000, 0x00000006c5600000, 0x00000006c5700000|  0%| F|  |TAMS 0x00000006c5600000, 0x00000006c5600000| Untracked 
|  87|0x00000006c5700000, 0x00000006c5700000, 0x00000006c5800000|  0%| F|  |TAMS 0x00000006c5700000, 0x00000006c5700000| Untracked 
|  88|0x00000006c5800000, 0x00000006c5800000, 0x00000006c5900000|  0%| F|  |TAMS 0x00000006c5800000, 0x00000006c5800000| Untracked 
|  89|0x00000006c5900000, 0x00000006c5900000, 0x00000006c5a00000|  0%| F|  |TAMS 0x00000006c5900000, 0x00000006c5900000| Untracked 
|  90|0x00000006c5a00000, 0x00000006c5a00000, 0x00000006c5b00000|  0%| F|  |TAMS 0x00000006c5a00000, 0x00000006c5a00000| Untracked 
|  91|0x00000006c5b00000, 0x00000006c5b00000, 0x00000006c5c00000|  0%| F|  |TAMS 0x00000006c5b00000, 0x00000006c5b00000| Untracked 
|  92|0x00000006c5c00000, 0x00000006c5c00000, 0x00000006c5d00000|  0%| F|  |TAMS 0x00000006c5c00000, 0x00000006c5c00000| Untracked 
|  93|0x00000006c5d00000, 0x00000006c5d00000, 0x00000006c5e00000|  0%| F|  |TAMS 0x00000006c5d00000, 0x00000006c5d00000| Untracked 
|  94|0x00000006c5e00000, 0x00000006c5e00000, 0x00000006c5f00000|  0%| F|  |TAMS 0x00000006c5e00000, 0x00000006c5e00000| Untracked 
|  95|0x00000006c5f00000, 0x00000006c5f00000, 0x00000006c6000000|  0%| F|  |TAMS 0x00000006c5f00000, 0x00000006c5f00000| Untracked 
|  96|0x00000006c6000000, 0x00000006c6000000, 0x00000006c6100000|  0%| F|  |TAMS 0x00000006c6000000, 0x00000006c6000000| Untracked 
|  97|0x00000006c6100000, 0x00000006c6100000, 0x00000006c6200000|  0%| F|  |TAMS 0x00000006c6100000, 0x00000006c6100000| Untracked 
|  98|0x00000006c6200000, 0x00000006c6200000, 0x00000006c6300000|  0%| F|  |TAMS 0x00000006c6200000, 0x00000006c6200000| Untracked 
|  99|0x00000006c6300000, 0x00000006c6300000, 0x00000006c6400000|  0%| F|  |TAMS 0x00000006c6300000, 0x00000006c6300000| Untracked 
| 100|0x00000006c6400000, 0x00000006c6400000, 0x00000006c6500000|  0%| F|  |TAMS 0x00000006c6400000, 0x00000006c6400000| Untracked 
| 101|0x00000006c6500000, 0x00000006c6500000, 0x00000006c6600000|  0%| F|  |TAMS 0x00000006c6500000, 0x00000006c6500000| Untracked 
| 102|0x00000006c6600000, 0x00000006c6600000, 0x00000006c6700000|  0%| F|  |TAMS 0x00000006c6600000, 0x00000006c6600000| Untracked 
| 103|0x00000006c6700000, 0x00000006c6700000, 0x00000006c6800000|  0%| F|  |TAMS 0x00000006c6700000, 0x00000006c6700000| Untracked 
| 104|0x00000006c6800000, 0x00000006c6800000, 0x00000006c6900000|  0%| F|  |TAMS 0x00000006c6800000, 0x00000006c6800000| Untracked 
| 105|0x00000006c6900000, 0x00000006c6900000, 0x00000006c6a00000|  0%| F|  |TAMS 0x00000006c6900000, 0x00000006c6900000| Untracked 
| 106|0x00000006c6a00000, 0x00000006c6a00000, 0x00000006c6b00000|  0%| F|  |TAMS 0x00000006c6a00000, 0x00000006c6a00000| Untracked 
| 107|0x00000006c6b00000, 0x00000006c6b00000, 0x00000006c6c00000|  0%| F|  |TAMS 0x00000006c6b00000, 0x00000006c6b00000| Untracked 
| 108|0x00000006c6c00000, 0x00000006c6c00000, 0x00000006c6d00000|  0%| F|  |TAMS 0x00000006c6c00000, 0x00000006c6c00000| Untracked 
| 109|0x00000006c6d00000, 0x00000006c6d00000, 0x00000006c6e00000|  0%| F|  |TAMS 0x00000006c6d00000, 0x00000006c6d00000| Untracked 
| 110|0x00000006c6e00000, 0x00000006c6e00000, 0x00000006c6f00000|  0%| F|  |TAMS 0x00000006c6e00000, 0x00000006c6e00000| Untracked 
| 111|0x00000006c6f00000, 0x00000006c6f00000, 0x00000006c7000000|  0%| F|  |TAMS 0x00000006c6f00000, 0x00000006c6f00000| Untracked 
| 112|0x00000006c7000000, 0x00000006c7000000, 0x00000006c7100000|  0%| F|  |TAMS 0x00000006c7000000, 0x00000006c7000000| Untracked 
| 113|0x00000006c7100000, 0x00000006c7100000, 0x00000006c7200000|  0%| F|  |TAMS 0x00000006c7100000, 0x00000006c7100000| Untracked 
| 114|0x00000006c7200000, 0x00000006c7200000, 0x00000006c7300000|  0%| F|  |TAMS 0x00000006c7200000, 0x00000006c7200000| Untracked 
| 115|0x00000006c7300000, 0x00000006c7300000, 0x00000006c7400000|  0%| F|  |TAMS 0x00000006c7300000, 0x00000006c7300000| Untracked 
| 116|0x00000006c7400000, 0x00000006c7400000, 0x00000006c7500000|  0%| F|  |TAMS 0x00000006c7400000, 0x00000006c7400000| Untracked 
| 117|0x00000006c7500000, 0x00000006c7500000, 0x00000006c7600000|  0%| F|  |TAMS 0x00000006c7500000, 0x00000006c7500000| Untracked 
| 118|0x00000006c7600000, 0x00000006c7600000, 0x00000006c7700000|  0%| F|  |TAMS 0x00000006c7600000, 0x00000006c7600000| Untracked 
| 119|0x00000006c7700000, 0x00000006c7700000, 0x00000006c7800000|  0%| F|  |TAMS 0x00000006c7700000, 0x00000006c7700000| Untracked 
| 120|0x00000006c7800000, 0x00000006c7800000, 0x00000006c7900000|  0%| F|  |TAMS 0x00000006c7800000, 0x00000006c7800000| Untracked 
| 121|0x00000006c7900000, 0x00000006c7900000, 0x00000006c7a00000|  0%| F|  |TAMS 0x00000006c7900000, 0x00000006c7900000| Untracked 
| 122|0x00000006c7a00000, 0x00000006c7a00000, 0x00000006c7b00000|  0%| F|  |TAMS 0x00000006c7a00000, 0x00000006c7a00000| Untracked 
| 123|0x00000006c7b00000, 0x00000006c7b00000, 0x00000006c7c00000|  0%| F|  |TAMS 0x00000006c7b00000, 0x00000006c7b00000| Untracked 
| 124|0x00000006c7c00000, 0x00000006c7c00000, 0x00000006c7d00000|  0%| F|  |TAMS 0x00000006c7c00000, 0x00000006c7c00000| Untracked 
| 125|0x00000006c7d00000, 0x00000006c7d00000, 0x00000006c7e00000|  0%| F|  |TAMS 0x00000006c7d00000, 0x00000006c7d00000| Untracked 
| 126|0x00000006c7e00000, 0x00000006c7e00000, 0x00000006c7f00000|  0%| F|  |TAMS 0x00000006c7e00000, 0x00000006c7e00000| Untracked 
| 127|0x00000006c7f00000, 0x00000006c7f00000, 0x00000006c8000000|  0%| F|  |TAMS 0x00000006c7f00000, 0x00000006c7f00000| Untracked 
| 128|0x00000006c8000000, 0x00000006c8000000, 0x00000006c8100000|  0%| F|  |TAMS 0x00000006c8000000, 0x00000006c8000000| Untracked 
| 129|0x00000006c8100000, 0x00000006c8100000, 0x00000006c8200000|  0%| F|  |TAMS 0x00000006c8100000, 0x00000006c8100000| Untracked 
| 130|0x00000006c8200000, 0x00000006c8200000, 0x00000006c8300000|  0%| F|  |TAMS 0x00000006c8200000, 0x00000006c8200000| Untracked 
| 131|0x00000006c8300000, 0x00000006c8300000, 0x00000006c8400000|  0%| F|  |TAMS 0x00000006c8300000, 0x00000006c8300000| Untracked 
| 132|0x00000006c8400000, 0x00000006c8400000, 0x00000006c8500000|  0%| F|  |TAMS 0x00000006c8400000, 0x00000006c8400000| Untracked 
| 133|0x00000006c8500000, 0x00000006c8500000, 0x00000006c8600000|  0%| F|  |TAMS 0x00000006c8500000, 0x00000006c8500000| Untracked 
| 134|0x00000006c8600000, 0x00000006c8600000, 0x00000006c8700000|  0%| F|  |TAMS 0x00000006c8600000, 0x00000006c8600000| Untracked 
| 135|0x00000006c8700000, 0x00000006c8700000, 0x00000006c8800000|  0%| F|  |TAMS 0x00000006c8700000, 0x00000006c8700000| Untracked 
| 136|0x00000006c8800000, 0x00000006c8800000, 0x00000006c8900000|  0%| F|  |TAMS 0x00000006c8800000, 0x00000006c8800000| Untracked 
| 137|0x00000006c8900000, 0x00000006c8900000, 0x00000006c8a00000|  0%| F|  |TAMS 0x00000006c8900000, 0x00000006c8900000| Untracked 
| 138|0x00000006c8a00000, 0x00000006c8a00000, 0x00000006c8b00000|  0%| F|  |TAMS 0x00000006c8a00000, 0x00000006c8a00000| Untracked 
| 139|0x00000006c8b00000, 0x00000006c8b00000, 0x00000006c8c00000|  0%| F|  |TAMS 0x00000006c8b00000, 0x00000006c8b00000| Untracked 
| 140|0x00000006c8c00000, 0x00000006c8c00000, 0x00000006c8d00000|  0%| F|  |TAMS 0x00000006c8c00000, 0x00000006c8c00000| Untracked 
| 141|0x00000006c8d00000, 0x00000006c8d00000, 0x00000006c8e00000|  0%| F|  |TAMS 0x00000006c8d00000, 0x00000006c8d00000| Untracked 
| 142|0x00000006c8e00000, 0x00000006c8e00000, 0x00000006c8f00000|  0%| F|  |TAMS 0x00000006c8e00000, 0x00000006c8e00000| Untracked 
| 143|0x00000006c8f00000, 0x00000006c8f00000, 0x00000006c9000000|  0%| F|  |TAMS 0x00000006c8f00000, 0x00000006c8f00000| Untracked 
| 144|0x00000006c9000000, 0x00000006c9000000, 0x00000006c9100000|  0%| F|  |TAMS 0x00000006c9000000, 0x00000006c9000000| Untracked 
| 145|0x00000006c9100000, 0x00000006c9100000, 0x00000006c9200000|  0%| F|  |TAMS 0x00000006c9100000, 0x00000006c9100000| Untracked 
| 146|0x00000006c9200000, 0x00000006c9200000, 0x00000006c9300000|  0%| F|  |TAMS 0x00000006c9200000, 0x00000006c9200000| Untracked 
| 147|0x00000006c9300000, 0x00000006c9300000, 0x00000006c9400000|  0%| F|  |TAMS 0x00000006c9300000, 0x00000006c9300000| Untracked 
| 148|0x00000006c9400000, 0x00000006c9400000, 0x00000006c9500000|  0%| F|  |TAMS 0x00000006c9400000, 0x00000006c9400000| Untracked 
| 149|0x00000006c9500000, 0x00000006c9500000, 0x00000006c9600000|  0%| F|  |TAMS 0x00000006c9500000, 0x00000006c9500000| Untracked 
| 150|0x00000006c9600000, 0x00000006c9600000, 0x00000006c9700000|  0%| F|  |TAMS 0x00000006c9600000, 0x00000006c9600000| Untracked 
| 151|0x00000006c9700000, 0x00000006c9700000, 0x00000006c9800000|  0%| F|  |TAMS 0x00000006c9700000, 0x00000006c9700000| Untracked 
| 152|0x00000006c9800000, 0x00000006c9800000, 0x00000006c9900000|  0%| F|  |TAMS 0x00000006c9800000, 0x00000006c9800000| Untracked 
| 153|0x00000006c9900000, 0x00000006c9900000, 0x00000006c9a00000|  0%| F|  |TAMS 0x00000006c9900000, 0x00000006c9900000| Untracked 
| 154|0x00000006c9a00000, 0x00000006c9a00000, 0x00000006c9b00000|  0%| F|  |TAMS 0x00000006c9a00000, 0x00000006c9a00000| Untracked 
| 155|0x00000006c9b00000, 0x00000006c9b00000, 0x00000006c9c00000|  0%| F|  |TAMS 0x00000006c9b00000, 0x00000006c9b00000| Untracked 
| 156|0x00000006c9c00000, 0x00000006c9c00000, 0x00000006c9d00000|  0%| F|  |TAMS 0x00000006c9c00000, 0x00000006c9c00000| Untracked 
| 157|0x00000006c9d00000, 0x00000006c9d00000, 0x00000006c9e00000|  0%| F|  |TAMS 0x00000006c9d00000, 0x00000006c9d00000| Untracked 
| 158|0x00000006c9e00000, 0x00000006c9e00000, 0x00000006c9f00000|  0%| F|  |TAMS 0x00000006c9e00000, 0x00000006c9e00000| Untracked 
| 159|0x00000006c9f00000, 0x00000006c9f00000, 0x00000006ca000000|  0%| F|  |TAMS 0x00000006c9f00000, 0x00000006c9f00000| Untracked 
| 160|0x00000006ca000000, 0x00000006ca000000, 0x00000006ca100000|  0%| F|  |TAMS 0x00000006ca000000, 0x00000006ca000000| Untracked 
| 161|0x00000006ca100000, 0x00000006ca100000, 0x00000006ca200000|  0%| F|  |TAMS 0x00000006ca100000, 0x00000006ca100000| Untracked 
| 162|0x00000006ca200000, 0x00000006ca200000, 0x00000006ca300000|  0%| F|  |TAMS 0x00000006ca200000, 0x00000006ca200000| Untracked 
| 163|0x00000006ca300000, 0x00000006ca300000, 0x00000006ca400000|  0%| F|  |TAMS 0x00000006ca300000, 0x00000006ca300000| Untracked 
| 164|0x00000006ca400000, 0x00000006ca400000, 0x00000006ca500000|  0%| F|  |TAMS 0x00000006ca400000, 0x00000006ca400000| Untracked 
| 165|0x00000006ca500000, 0x00000006ca500000, 0x00000006ca600000|  0%| F|  |TAMS 0x00000006ca500000, 0x00000006ca500000| Untracked 
| 166|0x00000006ca600000, 0x00000006ca600000, 0x00000006ca700000|  0%| F|  |TAMS 0x00000006ca600000, 0x00000006ca600000| Untracked 
| 167|0x00000006ca700000, 0x00000006ca700000, 0x00000006ca800000|  0%| F|  |TAMS 0x00000006ca700000, 0x00000006ca700000| Untracked 
| 168|0x00000006ca800000, 0x00000006ca800000, 0x00000006ca900000|  0%| F|  |TAMS 0x00000006ca800000, 0x00000006ca800000| Untracked 
| 169|0x00000006ca900000, 0x00000006ca900000, 0x00000006caa00000|  0%| F|  |TAMS 0x00000006ca900000, 0x00000006ca900000| Untracked 
| 170|0x00000006caa00000, 0x00000006caa00000, 0x00000006cab00000|  0%| F|  |TAMS 0x00000006caa00000, 0x00000006caa00000| Untracked 
| 171|0x00000006cab00000, 0x00000006cab00000, 0x00000006cac00000|  0%| F|  |TAMS 0x00000006cab00000, 0x00000006cab00000| Untracked 
| 172|0x00000006cac00000, 0x00000006cac00000, 0x00000006cad00000|  0%| F|  |TAMS 0x00000006cac00000, 0x00000006cac00000| Untracked 
| 173|0x00000006cad00000, 0x00000006cad00000, 0x00000006cae00000|  0%| F|  |TAMS 0x00000006cad00000, 0x00000006cad00000| Untracked 
| 174|0x00000006cae00000, 0x00000006cae00000, 0x00000006caf00000|  0%| F|  |TAMS 0x00000006cae00000, 0x00000006cae00000| Untracked 
| 175|0x00000006caf00000, 0x00000006caf00000, 0x00000006cb000000|  0%| F|  |TAMS 0x00000006caf00000, 0x00000006caf00000| Untracked 
| 176|0x00000006cb000000, 0x00000006cb000000, 0x00000006cb100000|  0%| F|  |TAMS 0x00000006cb000000, 0x00000006cb000000| Untracked 
| 177|0x00000006cb100000, 0x00000006cb100000, 0x00000006cb200000|  0%| F|  |TAMS 0x00000006cb100000, 0x00000006cb100000| Untracked 
| 178|0x00000006cb200000, 0x00000006cb200000, 0x00000006cb300000|  0%| F|  |TAMS 0x00000006cb200000, 0x00000006cb200000| Untracked 
| 179|0x00000006cb300000, 0x00000006cb300000, 0x00000006cb400000|  0%| F|  |TAMS 0x00000006cb300000, 0x00000006cb300000| Untracked 
| 180|0x00000006cb400000, 0x00000006cb400000, 0x00000006cb500000|  0%| F|  |TAMS 0x00000006cb400000, 0x00000006cb400000| Untracked 
| 181|0x00000006cb500000, 0x00000006cb500000, 0x00000006cb600000|  0%| F|  |TAMS 0x00000006cb500000, 0x00000006cb500000| Untracked 
| 182|0x00000006cb600000, 0x00000006cb600000, 0x00000006cb700000|  0%| F|  |TAMS 0x00000006cb600000, 0x00000006cb600000| Untracked 
| 183|0x00000006cb700000, 0x00000006cb700000, 0x00000006cb800000|  0%| F|  |TAMS 0x00000006cb700000, 0x00000006cb700000| Untracked 
| 184|0x00000006cb800000, 0x00000006cb800000, 0x00000006cb900000|  0%| F|  |TAMS 0x00000006cb800000, 0x00000006cb800000| Untracked 
| 185|0x00000006cb900000, 0x00000006cb900000, 0x00000006cba00000|  0%| F|  |TAMS 0x00000006cb900000, 0x00000006cb900000| Untracked 
| 186|0x00000006cba00000, 0x00000006cba00000, 0x00000006cbb00000|  0%| F|  |TAMS 0x00000006cba00000, 0x00000006cba00000| Untracked 
| 187|0x00000006cbb00000, 0x00000006cbb00000, 0x00000006cbc00000|  0%| F|  |TAMS 0x00000006cbb00000, 0x00000006cbb00000| Untracked 
| 188|0x00000006cbc00000, 0x00000006cbc00000, 0x00000006cbd00000|  0%| F|  |TAMS 0x00000006cbc00000, 0x00000006cbc00000| Untracked 
| 189|0x00000006cbd00000, 0x00000006cbd00000, 0x00000006cbe00000|  0%| F|  |TAMS 0x00000006cbd00000, 0x00000006cbd00000| Untracked 
| 190|0x00000006cbe00000, 0x00000006cbe00000, 0x00000006cbf00000|  0%| F|  |TAMS 0x00000006cbe00000, 0x00000006cbe00000| Untracked 
| 191|0x00000006cbf00000, 0x00000006cbf00000, 0x00000006cc000000|  0%| F|  |TAMS 0x00000006cbf00000, 0x00000006cbf00000| Untracked 
| 192|0x00000006cc000000, 0x00000006cc000000, 0x00000006cc100000|  0%| F|  |TAMS 0x00000006cc000000, 0x00000006cc000000| Untracked 
| 193|0x00000006cc100000, 0x00000006cc100000, 0x00000006cc200000|  0%| F|  |TAMS 0x00000006cc100000, 0x00000006cc100000| Untracked 
| 194|0x00000006cc200000, 0x00000006cc200000, 0x00000006cc300000|  0%| F|  |TAMS 0x00000006cc200000, 0x00000006cc200000| Untracked 
| 195|0x00000006cc300000, 0x00000006cc300000, 0x00000006cc400000|  0%| F|  |TAMS 0x00000006cc300000, 0x00000006cc300000| Untracked 
| 196|0x00000006cc400000, 0x00000006cc400000, 0x00000006cc500000|  0%| F|  |TAMS 0x00000006cc400000, 0x00000006cc400000| Untracked 
| 197|0x00000006cc500000, 0x00000006cc500000, 0x00000006cc600000|  0%| F|  |TAMS 0x00000006cc500000, 0x00000006cc500000| Untracked 
| 198|0x00000006cc600000, 0x00000006cc600000, 0x00000006cc700000|  0%| F|  |TAMS 0x00000006cc600000, 0x00000006cc600000| Untracked 
| 199|0x00000006cc700000, 0x00000006cc700000, 0x00000006cc800000|  0%| F|  |TAMS 0x00000006cc700000, 0x00000006cc700000| Untracked 
| 200|0x00000006cc800000, 0x00000006cc800000, 0x00000006cc900000|  0%| F|  |TAMS 0x00000006cc800000, 0x00000006cc800000| Untracked 
| 201|0x00000006cc900000, 0x00000006cc900000, 0x00000006cca00000|  0%| F|  |TAMS 0x00000006cc900000, 0x00000006cc900000| Untracked 
| 202|0x00000006cca00000, 0x00000006cca00000, 0x00000006ccb00000|  0%| F|  |TAMS 0x00000006cca00000, 0x00000006cca00000| Untracked 
| 203|0x00000006ccb00000, 0x00000006ccb00000, 0x00000006ccc00000|  0%| F|  |TAMS 0x00000006ccb00000, 0x00000006ccb00000| Untracked 
| 204|0x00000006ccc00000, 0x00000006ccc00000, 0x00000006ccd00000|  0%| F|  |TAMS 0x00000006ccc00000, 0x00000006ccc00000| Untracked 
| 205|0x00000006ccd00000, 0x00000006ccd00000, 0x00000006cce00000|  0%| F|  |TAMS 0x00000006ccd00000, 0x00000006ccd00000| Untracked 
| 206|0x00000006cce00000, 0x00000006cce00000, 0x00000006ccf00000|  0%| F|  |TAMS 0x00000006cce00000, 0x00000006cce00000| Untracked 
| 207|0x00000006ccf00000, 0x00000006ccf00000, 0x00000006cd000000|  0%| F|  |TAMS 0x00000006ccf00000, 0x00000006ccf00000| Untracked 
| 208|0x00000006cd000000, 0x00000006cd000000, 0x00000006cd100000|  0%| F|  |TAMS 0x00000006cd000000, 0x00000006cd000000| Untracked 
| 209|0x00000006cd100000, 0x00000006cd100000, 0x00000006cd200000|  0%| F|  |TAMS 0x00000006cd100000, 0x00000006cd100000| Untracked 
| 210|0x00000006cd200000, 0x00000006cd200000, 0x00000006cd300000|  0%| F|  |TAMS 0x00000006cd200000, 0x00000006cd200000| Untracked 
| 211|0x00000006cd300000, 0x00000006cd300000, 0x00000006cd400000|  0%| F|  |TAMS 0x00000006cd300000, 0x00000006cd300000| Untracked 
| 212|0x00000006cd400000, 0x00000006cd400000, 0x00000006cd500000|  0%| F|  |TAMS 0x00000006cd400000, 0x00000006cd400000| Untracked 
| 213|0x00000006cd500000, 0x00000006cd500000, 0x00000006cd600000|  0%| F|  |TAMS 0x00000006cd500000, 0x00000006cd500000| Untracked 
| 214|0x00000006cd600000, 0x00000006cd600000, 0x00000006cd700000|  0%| F|  |TAMS 0x00000006cd600000, 0x00000006cd600000| Untracked 
| 215|0x00000006cd700000, 0x00000006cd700000, 0x00000006cd800000|  0%| F|  |TAMS 0x00000006cd700000, 0x00000006cd700000| Untracked 
| 216|0x00000006cd800000, 0x00000006cd800000, 0x00000006cd900000|  0%| F|  |TAMS 0x00000006cd800000, 0x00000006cd800000| Untracked 
| 217|0x00000006cd900000, 0x00000006cd900000, 0x00000006cda00000|  0%| F|  |TAMS 0x00000006cd900000, 0x00000006cd900000| Untracked 
| 218|0x00000006cda00000, 0x00000006cda00000, 0x00000006cdb00000|  0%| F|  |TAMS 0x00000006cda00000, 0x00000006cda00000| Untracked 
| 219|0x00000006cdb00000, 0x00000006cdb00000, 0x00000006cdc00000|  0%| F|  |TAMS 0x00000006cdb00000, 0x00000006cdb00000| Untracked 
| 220|0x00000006cdc00000, 0x00000006cdc00000, 0x00000006cdd00000|  0%| F|  |TAMS 0x00000006cdc00000, 0x00000006cdc00000| Untracked 
| 221|0x00000006cdd00000, 0x00000006cdd80800, 0x00000006cde00000| 50%| E|  |TAMS 0x00000006cdd00000, 0x00000006cdd00000| Complete 
| 222|0x00000006cde00000, 0x00000006cdf00000, 0x00000006cdf00000|100%| E|CS|TAMS 0x00000006cde00000, 0x00000006cde00000| Complete 
| 223|0x00000006cdf00000, 0x00000006cdf977c8, 0x00000006ce000000| 59%| S|CS|TAMS 0x00000006cdf00000, 0x00000006cdf00000| Complete 
| 224|0x00000006ce000000, 0x00000006ce100000, 0x00000006ce100000|100%| S|CS|TAMS 0x00000006ce000000, 0x00000006ce000000| Complete 
| 225|0x00000006ce100000, 0x00000006ce200000, 0x00000006ce200000|100%| S|CS|TAMS 0x00000006ce100000, 0x00000006ce100000| Complete 
| 226|0x00000006ce200000, 0x00000006ce300000, 0x00000006ce300000|100%| S|CS|TAMS 0x00000006ce200000, 0x00000006ce200000| Complete 
| 227|0x00000006ce300000, 0x00000006ce400000, 0x00000006ce400000|100%| S|CS|TAMS 0x00000006ce300000, 0x00000006ce300000| Complete 
| 228|0x00000006ce400000, 0x00000006ce500000, 0x00000006ce500000|100%| S|CS|TAMS 0x00000006ce400000, 0x00000006ce400000| Complete 
| 229|0x00000006ce500000, 0x00000006ce600000, 0x00000006ce600000|100%| E|CS|TAMS 0x00000006ce500000, 0x00000006ce500000| Complete 
| 230|0x00000006ce600000, 0x00000006ce700000, 0x00000006ce700000|100%| E|CS|TAMS 0x00000006ce600000, 0x00000006ce600000| Complete 
| 231|0x00000006ce700000, 0x00000006ce800000, 0x00000006ce800000|100%| E|CS|TAMS 0x00000006ce700000, 0x00000006ce700000| Complete 
| 232|0x00000006ce800000, 0x00000006ce900000, 0x00000006ce900000|100%| S|CS|TAMS 0x00000006ce800000, 0x00000006ce800000| Complete 
| 233|0x00000006ce900000, 0x00000006cea00000, 0x00000006cea00000|100%| E|CS|TAMS 0x00000006ce900000, 0x00000006ce900000| Complete 
| 234|0x00000006cea00000, 0x00000006ceb00000, 0x00000006ceb00000|100%| E|CS|TAMS 0x00000006cea00000, 0x00000006cea00000| Complete 
| 235|0x00000006ceb00000, 0x00000006cec00000, 0x00000006cec00000|100%| E|CS|TAMS 0x00000006ceb00000, 0x00000006ceb00000| Complete 
| 236|0x00000006cec00000, 0x00000006ced00000, 0x00000006ced00000|100%| E|CS|TAMS 0x00000006cec00000, 0x00000006cec00000| Complete 
| 237|0x00000006ced00000, 0x00000006cee00000, 0x00000006cee00000|100%| E|CS|TAMS 0x00000006ced00000, 0x00000006ced00000| Complete 
| 238|0x00000006cee00000, 0x00000006cef00000, 0x00000006cef00000|100%| E|CS|TAMS 0x00000006cee00000, 0x00000006cee00000| Complete 
| 239|0x00000006cef00000, 0x00000006cf000000, 0x00000006cf000000|100%| E|CS|TAMS 0x00000006cef00000, 0x00000006cef00000| Complete 
| 240|0x00000006cf000000, 0x00000006cf100000, 0x00000006cf100000|100%| E|CS|TAMS 0x00000006cf000000, 0x00000006cf000000| Complete 
| 241|0x00000006cf100000, 0x00000006cf200000, 0x00000006cf200000|100%| E|CS|TAMS 0x00000006cf100000, 0x00000006cf100000| Complete 
| 242|0x00000006cf200000, 0x00000006cf300000, 0x00000006cf300000|100%| E|CS|TAMS 0x00000006cf200000, 0x00000006cf200000| Complete 
| 243|0x00000006cf300000, 0x00000006cf400000, 0x00000006cf400000|100%| E|CS|TAMS 0x00000006cf300000, 0x00000006cf300000| Complete 
| 244|0x00000006cf400000, 0x00000006cf500000, 0x00000006cf500000|100%| E|CS|TAMS 0x00000006cf400000, 0x00000006cf400000| Complete 
| 245|0x00000006cf500000, 0x00000006cf600000, 0x00000006cf600000|100%| E|CS|TAMS 0x00000006cf500000, 0x00000006cf500000| Complete 
| 246|0x00000006cf600000, 0x00000006cf700000, 0x00000006cf700000|100%| E|CS|TAMS 0x00000006cf600000, 0x00000006cf600000| Complete 
| 247|0x00000006cf700000, 0x00000006cf800000, 0x00000006cf800000|100%| E|CS|TAMS 0x00000006cf700000, 0x00000006cf700000| Complete 
| 248|0x00000006cf800000, 0x00000006cf900000, 0x00000006cf900000|100%| E|CS|TAMS 0x00000006cf800000, 0x00000006cf800000| Complete 
| 249|0x00000006cf900000, 0x00000006cfa00000, 0x00000006cfa00000|100%| E|CS|TAMS 0x00000006cf900000, 0x00000006cf900000| Complete 
| 250|0x00000006cfa00000, 0x00000006cfb00000, 0x00000006cfb00000|100%| E|CS|TAMS 0x00000006cfa00000, 0x00000006cfa00000| Complete 
| 251|0x00000006cfb00000, 0x00000006cfc00000, 0x00000006cfc00000|100%| E|CS|TAMS 0x00000006cfb00000, 0x00000006cfb00000| Complete 
| 252|0x00000006cfc00000, 0x00000006cfd00000, 0x00000006cfd00000|100%| E|CS|TAMS 0x00000006cfc00000, 0x00000006cfc00000| Complete 
| 253|0x00000006cfd00000, 0x00000006cfe00000, 0x00000006cfe00000|100%| E|CS|TAMS 0x00000006cfd00000, 0x00000006cfd00000| Complete 
| 254|0x00000006cfe00000, 0x00000006cff00000, 0x00000006cff00000|100%| E|CS|TAMS 0x00000006cfe00000, 0x00000006cfe00000| Complete 
| 255|0x00000006cff00000, 0x00000006d0000000, 0x00000006d0000000|100%| E|CS|TAMS 0x00000006cff00000, 0x00000006cff00000| Complete 

Card table byte_map: [0x0000000118384000,0x0000000118b84000] _byte_map_base: 0x0000000114d84000

Marking Bits (Prev, Next): (CMBitMap*) 0x0000000146008a50, (CMBitMap*) 0x0000000146008a18
 Prev Bits: [0x000000011d384000, 0x0000000121384000)
 Next Bits: [0x0000000119384000, 0x000000011d384000)

Polling page: 0x000000010043c000

Metaspace:

Usage:
  Non-class:     22.65 MB capacity,    22.02 MB ( 97%) used,   531.16 KB (  2%) free+waste,   115.06 KB ( <1%) overhead. 
      Class:      3.61 MB capacity,     3.19 MB ( 88%) used,   373.56 KB ( 10%) free+waste,    61.25 KB (  2%) overhead. 
       Both:     26.27 MB capacity,    25.21 MB ( 96%) used,   904.72 KB (  3%) free+waste,   176.31 KB ( <1%) overhead. 

Virtual space:
  Non-class space:       24.00 MB reserved,      22.92 MB ( 96%) committed 
      Class space:        1.00 GB reserved,       3.62 MB ( <1%) committed 
             Both:        1.02 GB reserved,      26.55 MB (  3%) committed 

Chunk freelists:
   Non-Class:  4.25 KB
       Class:  0 bytes
        Both:  4.25 KB

CodeHeap 'non-profiled nmethods': size=120032Kb used=1737Kb max_used=1737Kb free=118294Kb
 bounds [0x0000000110e4c000, 0x00000001110bc000, 0x0000000118384000]
CodeHeap 'profiled nmethods': size=120016Kb used=8779Kb max_used=8779Kb free=111236Kb
 bounds [0x0000000109918000, 0x000000010a1b8000, 0x0000000110e4c000]
CodeHeap 'non-nmethods': size=5712Kb used=1250Kb max_used=1331Kb free=4461Kb
 bounds [0x0000000109384000, 0x00000001095f4000, 0x0000000109918000]
 total_blobs=4657 nmethods=3866 adapters=706
 compilation: enabled
              stopped_count=0, restarted_count=0
 full_count=0

Compilation events (10 events):
Event: 33.407 Thread 0x000000014880e000 3916       3       javafx.animation.Animation::getTotalDuration (24 bytes)
Event: 33.407 Thread 0x000000014880e000 nmethod 3916 0x000000010a1a8410 code [0x000000010a1a85c0, 0x000000010a1a89c0]
Event: 33.407 Thread 0x000000014880e000 3917       3       javafx.scene.text.Text::getFont (24 bytes)
Event: 33.408 Thread 0x000000014880e000 nmethod 3917 0x000000010a1a8b10 code [0x000000010a1a8d80, 0x000000010a1a9840]
Event: 33.408 Thread 0x000000014880e000 3918       1       javafx.geometry.Bounds::getMinZ (5 bytes)
Event: 33.408 Thread 0x000000014880e000 nmethod 3918 0x0000000110ffa690 code [0x0000000110ffa800, 0x0000000110ffa950]
Event: 33.410 Thread 0x000000014683d000 3919       4       com.sun.prism.impl.BaseContext::setRenderTarget (47 bytes)
Event: 33.435 Thread 0x000000014683d000 nmethod 3919 0x0000000110ffaa10 code [0x0000000110ffafc0, 0x0000000110ffcee0]
Event: 33.510 Thread 0x000000014880e000 3920       3       javafx.scene.Node::doComputeIntersects (133 bytes)
Event: 33.511 Thread 0x000000014880e000 nmethod 3920 0x000000010a1a9b90 code [0x000000010a1a9ec0, 0x000000010a1aaaf0]

GC Heap History (4 events):
Event: 0.786 GC heap before
{Heap before GC invocations=0 (full 0):
 garbage-first heap   total 262144K, used 59392K [0x00000006c0000000, 0x00000007c0000000)
  region size 1024K, 24 young (24576K), 0 survivors (0K)
 Metaspace       used 15078K, capacity 15501K, committed 15744K, reserved 1062912K
  class space    used 1636K, capacity 1837K, committed 1920K, reserved 1048576K
}
Event: 0.791 GC heap after
{Heap after GC invocations=1 (full 0):
 garbage-first heap   total 262144K, used 39924K [0x00000006c0000000, 0x00000007c0000000)
  region size 1024K, 3 young (3072K), 3 survivors (3072K)
 Metaspace       used 15078K, capacity 15501K, committed 15744K, reserved 1062912K
  class space    used 1636K, capacity 1837K, committed 1920K, reserved 1048576K
}
Event: 1.232 GC heap before
{Heap before GC invocations=1 (full 0):
 garbage-first heap   total 262144K, used 62452K [0x00000006c0000000, 0x00000007c0000000)
  region size 1024K, 26 young (26624K), 3 survivors (3072K)
 Metaspace       used 20570K, capacity 21180K, committed 21296K, reserved 1067008K
  class space    used 2596K, capacity 2906K, committed 2944K, reserved 1048576K
}
Event: 1.247 GC heap after
{Heap after GC invocations=2 (full 0):
 garbage-first heap   total 262144K, used 43602K [0x00000006c0000000, 0x00000007c0000000)
  region size 1024K, 7 young (7168K), 7 survivors (7168K)
 Metaspace       used 20570K, capacity 21180K, committed 21296K, reserved 1067008K
  class space    used 2596K, capacity 2906K, committed 2944K, reserved 1048576K
}

Deoptimization events (10 events):
Event: 1.373 Thread 0x00000001261ec000 Uncommon trap: reason=unstable_if action=reinterpret pc=0x0000000110ea2710 method=java.util.concurrent.ConcurrentHashMap.putVal(Ljava/lang/Object;Ljava/lang/Object;Z)Ljava/lang/Object; @ 148 c2
Event: 1.444 Thread 0x00000001261ec000 Uncommon trap: reason=unstable_if action=reinterpret pc=0x0000000110e78aa0 method=jdk.internal.org.objectweb.asm.Type.getArgumentsAndReturnSizes(Ljava/lang/String;)I @ 47 c2
Event: 7.194 Thread 0x0000000145868800 Uncommon trap: reason=unstable_if action=reinterpret pc=0x0000000110f4a8a8 method=com.sun.marlin.Renderer._endRendering(IILcom/sun/marlin/MarlinAlphaConsumer;)V @ 1978 c2
Event: 7.195 Thread 0x0000000145868800 Uncommon trap: reason=unstable_if action=reinterpret pc=0x0000000110f41dbc method=com.sun.marlin.Renderer._endRendering(IILcom/sun/marlin/MarlinAlphaConsumer;)V @ 2015 c2
Event: 7.345 Thread 0x0000000145868800 Uncommon trap: reason=unstable_if action=reinterpret pc=0x0000000110f3a6cc method=com.sun.marlin.Renderer._endRendering(IILcom/sun/marlin/MarlinAlphaConsumer;)V @ 2015 c2
Event: 28.079 Thread 0x00000001261ec000 Uncommon trap: reason=array_check action=maybe_recompile pc=0x0000000110fcf7d8 method=javafx.css.SimpleSelector.applies(Ljavafx/css/Styleable;[Ljava/util/Set;I)Z @ 37 c2
Event: 28.079 Thread 0x00000001261ec000 Uncommon trap: reason=array_check action=maybe_recompile pc=0x0000000110fcf7d8 method=javafx.css.SimpleSelector.applies(Ljavafx/css/Styleable;[Ljava/util/Set;I)Z @ 37 c2
Event: 28.079 Thread 0x00000001261ec000 Uncommon trap: reason=array_check action=maybe_recompile pc=0x0000000110fcf7d8 method=javafx.css.SimpleSelector.applies(Ljavafx/css/Styleable;[Ljava/util/Set;I)Z @ 37 c2
Event: 28.079 Thread 0x00000001261ec000 Uncommon trap: reason=array_check action=maybe_recompile pc=0x0000000110fcf7d8 method=javafx.css.SimpleSelector.applies(Ljavafx/css/Styleable;[Ljava/util/Set;I)Z @ 37 c2
Event: 29.615 Thread 0x00000001261ec000 Uncommon trap: reason=unstable_if action=reinterpret pc=0x0000000110fd87b4 method=com.sun.javafx.scene.control.inputmap.KeyBinding.getSpecificity(Ljavafx/scene/input/KeyEvent;)I @ 93 c2

Classes redefined (0 events):
No events

Internal exceptions (10 events):
Event: 1.231 Thread 0x00000001261ec000 Exception <a 'java/lang/NoSuchMethodError'{0x00000006ce91b120}: java.lang.invoke.Invokers$Holder.linkToTargetMethod(Ljava/lang/Object;ILjava/lang/Object;)Ljava/lang/Object;> (0x00000006ce91b120) thrown at [open/src/hotspot/share/interpreter/linkResolver.c
Event: 1.302 Thread 0x00000001261ec000 Exception <a 'java/lang/NoSuchMethodError'{0x00000006cfdddc20}: java.lang.invoke.DirectMethodHandle$Holder.invokeInterface(Ljava/lang/Object;Ljava/lang/Object;Ljava/lang/Object;)Ljava/lang/Object;> (0x00000006cfdddc20) thrown at [open/src/hotspot/share/in
Event: 1.302 Thread 0x00000001261ec000 Exception <a 'java/lang/IncompatibleClassChangeError'{0x00000006cfde0dd8}: Found class java.lang.Object, but interface was expected> (0x00000006cfde0dd8) thrown at [open/src/hotspot/share/interpreter/linkResolver.cpp, line 838]
Event: 1.444 Thread 0x0000000145868800 Exception <a 'java/lang/NoSuchMethodError'{0x00000006cf75fd60}: java.lang.invoke.DirectMethodHandle$Holder.invokeStaticInit(Ljava/lang/Object;Ljava/lang/Object;)I> (0x00000006cf75fd60) thrown at [open/src/hotspot/share/interpreter/linkResolver.cpp, line 7
Event: 1.445 Thread 0x00000001261ec000 Exception <a 'java/lang/NoSuchMethodError'{0x00000006cf7b8468}: java.lang.invoke.DirectMethodHandle$Holder.invokeStaticInit(Ljava/lang/Object;Ljava/lang/Object;Ljava/lang/Object;)J> (0x00000006cf7b8468) thrown at [open/src/hotspot/share/interpreter/linkRe
Event: 1.446 Thread 0x00000001261ec000 Exception <a 'java/lang/NoSuchMethodError'{0x00000006cf7d0aa8}: java.lang.invoke.DirectMethodHandle$Holder.invokeStatic(Ljava/lang/Object;Ljava/lang/Object;J)Ljava/lang/Object;> (0x00000006cf7d0aa8) thrown at [open/src/hotspot/share/interpreter/linkResolv
Event: 1.446 Thread 0x00000001261ec000 Exception <a 'java/lang/NoSuchMethodError'{0x00000006cf7d6c20}: java.lang.invoke.Invokers$Holder.linkToTargetMethod(Ljava/lang/Object;JLjava/lang/Object;)Ljava/lang/Object;> (0x00000006cf7d6c20) thrown at [open/src/hotspot/share/interpreter/linkResolver.c
Event: 3.469 Thread 0x00000001261ec000 Exception <a 'java/lang/NoSuchMethodError'{0x00000006cf2c7f38}: java.lang.invoke.DirectMethodHandle$Holder.invokeStatic(Ljava/lang/Object;Ljava/lang/Object;Ljava/lang/Object;Ljava/lang/Object;Ljava/lang/Object;Ljava/lang/Object;I)Ljava/lang/Object;> (0x00
Event: 3.504 Thread 0x0000000145868800 Exception <a 'java/lang/NoSuchMethodError'{0x00000006cf3c0358}: java.lang.invoke.DirectMethodHandle$Holder.invokeStaticInit(Ljava/lang/Object;I)Ljava/lang/Object;> (0x00000006cf3c0358) thrown at [open/src/hotspot/share/interpreter/linkResolver.cpp, line 7
Event: 7.414 Thread 0x00000001261ec000 Exception <a 'java/lang/NoSuchMethodError'{0x00000006cef5c680}: java.lang.invoke.DelegatingMethodHandle$Holder.reinvoke_L(Ljava/lang/Object;ILjava/lang/Object;)Ljava/lang/Object;> (0x00000006cef5c680) thrown at [open/src/hotspot/share/interpreter/linkReso

Events (10 events):
Event: 28.079 Thread 0x00000001261ec000 DEOPT UNPACKING pc=0x00000001093a6f9c sp=0x000000016fb480d0 mode 2
Event: 28.079 Thread 0x00000001261ec000 Uncommon trap: trap_request=0xffffffd6 fr.pc=0x0000000110fcf7d8 relative=0x0000000000001e18
Event: 28.079 Thread 0x00000001261ec000 DEOPT PACKING pc=0x0000000110fcf7d8 sp=0x000000016fb48190
Event: 28.079 Thread 0x00000001261ec000 DEOPT UNPACKING pc=0x00000001093a6f9c sp=0x000000016fb480d0 mode 2
Event: 28.079 Thread 0x00000001261ec000 Uncommon trap: trap_request=0xffffffd6 fr.pc=0x0000000110fcf7d8 relative=0x0000000000001e18
Event: 28.079 Thread 0x00000001261ec000 DEOPT PACKING pc=0x0000000110fcf7d8 sp=0x000000016fb48190
Event: 28.079 Thread 0x00000001261ec000 DEOPT UNPACKING pc=0x00000001093a6f9c sp=0x000000016fb480d0 mode 2
Event: 29.615 Thread 0x00000001261ec000 Uncommon trap: trap_request=0xffffff4d fr.pc=0x0000000110fd87b4 relative=0x00000000000002b4
Event: 29.615 Thread 0x00000001261ec000 DEOPT PACKING pc=0x0000000110fd87b4 sp=0x000000016fb4a4c0
Event: 29.615 Thread 0x00000001261ec000 DEOPT UNPACKING pc=0x00000001093a6f9c sp=0x000000016fb4a3e0 mode 2


Dynamic libraries:
0x00000001003e8000 	/Users/cleontan/Downloads/jdk-11.0.17.jdk/Contents/Home/lib/jli/libjli.dylib
0x00000001d956f000 	/System/Library/Frameworks/Cocoa.framework/Versions/A/Cocoa
0x00000001c5779000 	/System/Library/Frameworks/AppKit.framework/Versions/C/AppKit
0x00000001c8c90000 	/System/Library/Frameworks/CoreData.framework/Versions/A/CoreData
0x00000001c3ad4000 	/System/Library/Frameworks/Foundation.framework/Versions/C/Foundation
0x00000001cd6ec000 	/usr/lib/libSystem.B.dylib
0x00000001c6632000 	/System/Library/PrivateFrameworks/UIFoundation.framework/Versions/A/UIFoundation
0x00000001d373b000 	/System/Library/PrivateFrameworks/RemoteViewServices.framework/Versions/A/RemoteViewServices
0x00000001cbbac000 	/System/Library/PrivateFrameworks/XCTTargetBootstrap.framework/Versions/A/XCTTargetBootstrap
0x00000001cf42c000 	/System/Library/PrivateFrameworks/InternationalSupport.framework/Versions/A/InternationalSupport
0x00000001cf4b5000 	/System/Library/PrivateFrameworks/UserActivity.framework/Versions/A/UserActivity
0x00000001ce923000 	/usr/lib/libspindump.dylib
0x00000001c68a3000 	/System/Library/Frameworks/UniformTypeIdentifiers.framework/Versions/A/UniformTypeIdentifiers
0x00000001ca0f4000 	/usr/lib/libapp_launch_measurement.dylib
0x00000001c961c000 	/System/Library/PrivateFrameworks/CoreAnalytics.framework/Versions/A/CoreAnalytics
0x00000001ca0f7000 	/System/Library/PrivateFrameworks/CoreAutoLayout.framework/Versions/A/CoreAutoLayout
0x00000001cb49b000 	/System/Library/Frameworks/Metal.framework/Versions/A/Metal
0x00000001cc214000 	/usr/lib/liblangid.dylib
0x00000001cbbb1000 	/System/Library/PrivateFrameworks/CoreSVG.framework/Versions/A/CoreSVG
0x00000001c7d3a000 	/System/Library/PrivateFrameworks/SkyLight.framework/Versions/A/SkyLight
0x00000001c8116000 	/System/Library/Frameworks/CoreGraphics.framework/Versions/A/CoreGraphics
0x00000001d3e07000 	/System/Library/Frameworks/Accelerate.framework/Versions/A/Accelerate
0x00000001ce39a000 	/System/Library/PrivateFrameworks/IconServices.framework/Versions/A/IconServices
0x00000001cb47d000 	/System/Library/Frameworks/IOSurface.framework/Versions/A/IOSurface
0x00000001c964d000 	/usr/lib/libDiagnosticMessagesClient.dylib
0x00000001cd635000 	/usr/lib/libz.1.dylib
0x00000001d730c000 	/System/Library/Frameworks/ApplicationServices.framework/Versions/A/ApplicationServices
0x00000001cbb94000 	/System/Library/PrivateFrameworks/DFRFoundation.framework/Versions/A/DFRFoundation
0x00000001c5009000 	/usr/lib/libicucore.A.dylib
0x00000001d02da000 	/System/Library/Frameworks/AudioToolbox.framework/Versions/A/AudioToolbox
0x00000001cf438000 	/System/Library/PrivateFrameworks/DataDetectorsCore.framework/Versions/A/DataDetectorsCore
0x00000001e5e58000 	/System/Library/PrivateFrameworks/TextInput.framework/Versions/A/TextInput
0x00000001c7caf000 	/usr/lib/libMobileGestalt.dylib
0x00000001cb860000 	/System/Library/Frameworks/Carbon.framework/Versions/A/Frameworks/HIToolbox.framework/Versions/A/HIToolbox
0x00000001c9acd000 	/System/Library/Frameworks/QuartzCore.framework/Versions/A/QuartzCore
0x00000001c4c8a000 	/System/Library/Frameworks/Security.framework/Versions/A/Security
0x00000001d377b000 	/System/Library/Frameworks/Carbon.framework/Versions/A/Frameworks/SpeechRecognition.framework/Versions/A/SpeechRecognition
0x00000001c9e49000 	/System/Library/PrivateFrameworks/CoreUI.framework/Versions/A/CoreUI
0x00000001c4566000 	/System/Library/Frameworks/CoreAudio.framework/Versions/A/CoreAudio
0x00000001c9741000 	/System/Library/Frameworks/DiskArbitration.framework/Versions/A/DiskArbitration
0x00000001ced2d000 	/System/Library/PrivateFrameworks/MultitouchSupport.framework/Versions/A/MultitouchSupport
0x00000001c7cad000 	/usr/lib/libenergytrace.dylib
0x00000001c5641000 	/System/Library/Frameworks/IOKit.framework/Versions/A/IOKit
0x00000001d3b6a000 	/System/Library/Frameworks/CoreServices.framework/Versions/A/CoreServices
0x00000001ca084000 	/System/Library/PrivateFrameworks/PerformanceAnalysis.framework/Versions/A/PerformanceAnalysis
0x00000002242ff000 	/System/Library/Frameworks/OpenGL.framework/Versions/A/OpenGL
0x00000001ccc87000 	/System/Library/PrivateFrameworks/MobileKeyBag.framework/Versions/A/MobileKeyBag
0x00000001c2a07000 	/usr/lib/libobjc.A.dylib
0x00000001c8724000 	/System/Library/Frameworks/ColorSync.framework/Versions/A/ColorSync
0x00000001c2bd0000 	/System/Library/Frameworks/CoreFoundation.framework/Versions/A/CoreFoundation
0x00000001cbe30000 	/System/Library/Frameworks/CoreImage.framework/Versions/A/CoreImage
0x00000001c438a000 	/System/Library/Frameworks/CoreText.framework/Versions/A/CoreText
0x00000001cbbe1000 	/System/Library/Frameworks/ImageIO.framework/Versions/A/ImageIO
0x00000001cd6f2000 	/System/Library/PrivateFrameworks/SoftLinking.framework/Versions/A/SoftLinking
0x00000001ca142000 	/usr/lib/libxml2.2.dylib
0x00000001c2aca000 	/usr/lib/libc++.1.dylib
0x00000001cd98b000 	/usr/lib/libcompression.dylib
0x00000001cf388000 	/System/Library/PrivateFrameworks/TextureIO.framework/Versions/A/TextureIO
0x00000001ce0b3000 	/usr/lib/libate.dylib
0x00000001cd6e6000 	/usr/lib/system/libcache.dylib
0x00000001cd6a4000 	/usr/lib/system/libcommonCrypto.dylib
0x00000001cd6cd000 	/usr/lib/system/libcompiler_rt.dylib
0x00000001cd6c4000 	/usr/lib/system/libcopyfile.dylib
0x00000001c290b000 	/usr/lib/system/libcorecrypto.dylib
0x00000001c29c0000 	/usr/lib/system/libdispatch.dylib
0x00000001c2b8e000 	/usr/lib/system/libdyld.dylib
0x00000001cd6dc000 	/usr/lib/system/libkeymgr.dylib
0x00000001cd67f000 	/usr/lib/system/libmacho.dylib
0x00000001ccd6f000 	/usr/lib/system/libquarantine.dylib
0x00000001cd6d9000 	/usr/lib/system/libremovefile.dylib
0x00000001c7d06000 	/usr/lib/system/libsystem_asl.dylib
0x00000001c28ad000 	/usr/lib/system/libsystem_blocks.dylib
0x00000001c2a48000 	/usr/lib/system/libsystem_c.dylib
0x00000001cd6d1000 	/usr/lib/system/libsystem_collections.dylib
0x00000001cc204000 	/usr/lib/system/libsystem_configuration.dylib
0x00000001cb45e000 	/usr/lib/system/libsystem_containermanager.dylib
0x00000001cd3dc000 	/usr/lib/system/libsystem_coreservices.dylib
0x00000001c52bf000 	/usr/lib/system/libsystem_darwin.dylib
0x00000001cd6dd000 	/usr/lib/system/libsystem_dnssd.dylib
0x00000001c2a45000 	/usr/lib/system/libsystem_featureflags.dylib
0x00000001c2ba3000 	/usr/lib/system/libsystem_info.dylib
0x00000001cd647000 	/usr/lib/system/libsystem_m.dylib
0x00000001c2995000 	/usr/lib/system/libsystem_malloc.dylib
0x00000001c7c94000 	/usr/lib/system/libsystem_networkextension.dylib
0x00000001c5718000 	/usr/lib/system/libsystem_notify.dylib
0x00000001d3a41000 	/usr/lib/system/libsystem_product_info_filter.dylib
0x00000001cc209000 	/usr/lib/system/libsystem_sandbox.dylib
0x00000001cd6d6000 	/usr/lib/system/libsystem_secinit.dylib
0x00000001c2b49000 	/usr/lib/system/libsystem_kernel.dylib
0x00000001c2b9b000 	/usr/lib/system/libsystem_platform.dylib
0x00000001c2b81000 	/usr/lib/system/libsystem_pthread.dylib
0x00000001c946a000 	/usr/lib/system/libsystem_symptoms.dylib
0x00000001c28f1000 	/usr/lib/system/libsystem_trace.dylib
0x00000001cd6b1000 	/usr/lib/system/libunwind.dylib
0x00000001c28af000 	/usr/lib/system/libxpc.dylib
0x00000001c2b31000 	/usr/lib/libc++abi.dylib
0x00000001cd6bc000 	/usr/lib/liboah.dylib
0x00000001cdf78000 	/usr/lib/liblzma.5.dylib
0x00000001c37c7000 	/System/Library/Frameworks/SystemConfiguration.framework/Versions/A/SystemConfiguration
0x00000001cd6ee000 	/usr/lib/libfakelink.dylib
0x00000001c77df000 	/System/Library/Frameworks/CFNetwork.framework/Versions/A/CFNetwork
0x00000001cd834000 	/usr/lib/libarchive.2.dylib
0x00000001cc210000 	/System/Library/PrivateFrameworks/AppleSystemInfo.framework/Versions/A/AppleSystemInfo
0x00000001ccd9a000 	/usr/lib/libbsm.0.dylib
0x00000001c6d4c000 	/usr/lib/libnetwork.dylib
0x00000001cd688000 	/usr/lib/system/libkxld.dylib
0x00000001cc9b4000 	/System/Library/PrivateFrameworks/IOMobileFramebuffer.framework/Versions/A/IOMobileFramebuffer
0x00000002426e9000 	/usr/lib/libCoreEntitlements.dylib
0x00000001cd3be000 	/System/Library/PrivateFrameworks/AppleFSCompression.framework/Versions/A/AppleFSCompression
0x00000001ccd82000 	/usr/lib/libcoretls.dylib
0x00000001cdf91000 	/usr/lib/libcoretls_cfhelpers.dylib
0x00000001cd986000 	/usr/lib/libpam.2.dylib
0x00000001c9080000 	/usr/lib/libsqlite3.dylib
0x00000001cdffa000 	/usr/lib/libxar.1.dylib
0x00000001cd3cf000 	/usr/lib/libbz2.1.0.dylib
0x00000001cd6f3000 	/usr/lib/libpcap.A.dylib
0x00000001c9461000 	/usr/lib/libdns_services.dylib
0x00000001cd959000 	/usr/lib/libapple_nghttp2.dylib
0x00000001cd730000 	/usr/lib/libiconv.2.dylib
0x00000001cd67e000 	/usr/lib/libcharset.1.dylib
0x00000001ca0c0000 	/System/Library/Frameworks/CoreServices.framework/Versions/A/Frameworks/FSEvents.framework/Versions/A/FSEvents
0x00000001c52ca000 	/System/Library/Frameworks/CoreServices.framework/Versions/A/Frameworks/CarbonCore.framework/Versions/A/CarbonCore
0x00000001c96a1000 	/System/Library/Frameworks/CoreServices.framework/Versions/A/Frameworks/Metadata.framework/Versions/A/Metadata
0x00000001cd3e2000 	/System/Library/Frameworks/CoreServices.framework/Versions/A/Frameworks/OSServices.framework/Versions/A/OSServices
0x00000001cd8ba000 	/System/Library/Frameworks/CoreServices.framework/Versions/A/Frameworks/SearchKit.framework/Versions/A/SearchKit
0x00000001c93ef000 	/System/Library/Frameworks/CoreServices.framework/Versions/A/Frameworks/AE.framework/Versions/A/AE
0x00000001c3117000 	/System/Library/Frameworks/CoreServices.framework/Versions/A/Frameworks/LaunchServices.framework/Versions/A/LaunchServices
0x00000001cdf21000 	/System/Library/Frameworks/CoreServices.framework/Versions/A/Frameworks/DictionaryServices.framework/Versions/A/DictionaryServices
0x00000001ca0cd000 	/System/Library/Frameworks/CoreServices.framework/Versions/A/Frameworks/SharedFileList.framework/Versions/A/SharedFileList
0x00000001ccd72000 	/usr/lib/libCheckFix.dylib
0x00000001c7d1e000 	/System/Library/PrivateFrameworks/TCC.framework/Versions/A/TCC
0x00000001cc216000 	/System/Library/PrivateFrameworks/CoreNLP.framework/Versions/A/CoreNLP
0x00000001c9650000 	/System/Library/PrivateFrameworks/MetadataUtilities.framework/Versions/A/MetadataUtilities
0x00000001c3881000 	/usr/lib/libmecabra.dylib
0x00000001ccdab000 	/usr/lib/libmecab.dylib
0x00000001c384d000 	/usr/lib/libCRFSuite.dylib
0x00000001cce08000 	/usr/lib/libgermantok.dylib
0x00000001cd932000 	/usr/lib/libThaiTokenizer.dylib
0x00000001c9749000 	/System/Library/Frameworks/Accelerate.framework/Versions/A/Frameworks/vImage.framework/Versions/A/vImage
0x00000001d3b41000 	/System/Library/Frameworks/Accelerate.framework/Versions/A/Frameworks/vecLib.framework/Versions/A/vecLib
0x00000001ce03f000 	/System/Library/Frameworks/Accelerate.framework/Versions/A/Frameworks/vecLib.framework/Versions/A/libvMisc.dylib
0x00000001cc8bb000 	/System/Library/Frameworks/Accelerate.framework/Versions/A/Frameworks/vecLib.framework/Versions/A/libvDSP.dylib
0x00000001c34a2000 	/System/Library/Frameworks/Accelerate.framework/Versions/A/Frameworks/vecLib.framework/Versions/A/libBLAS.dylib
0x00000001cda5c000 	/System/Library/Frameworks/Accelerate.framework/Versions/A/Frameworks/vecLib.framework/Versions/A/libLAPACK.dylib
0x00000001cce0b000 	/System/Library/Frameworks/Accelerate.framework/Versions/A/Frameworks/vecLib.framework/Versions/A/libLinearAlgebra.dylib
0x00000001cd971000 	/System/Library/Frameworks/Accelerate.framework/Versions/A/Frameworks/vecLib.framework/Versions/A/libSparseBLAS.dylib
0x00000001cda57000 	/System/Library/Frameworks/Accelerate.framework/Versions/A/Frameworks/vecLib.framework/Versions/A/libQuadrature.dylib
0x00000001cc30f000 	/System/Library/Frameworks/Accelerate.framework/Versions/A/Frameworks/vecLib.framework/Versions/A/libBNNS.dylib
0x00000001c3760000 	/System/Library/Frameworks/Accelerate.framework/Versions/A/Frameworks/vecLib.framework/Versions/A/libSparse.dylib
0x00000001cc307000 	/System/Library/PrivateFrameworks/LinguisticData.framework/Versions/A/LinguisticData
0x00000001c3718000 	/System/Library/PrivateFrameworks/Lexicon.framework/Versions/A/Lexicon
0x00000001ce037000 	/usr/lib/libChineseTokenizer.dylib
0x00000001c3ec6000 	/System/Library/PrivateFrameworks/LanguageModeling.framework/Versions/A/LanguageModeling
0x00000001cd934000 	/System/Library/PrivateFrameworks/AppleSauce.framework/Versions/A/AppleSauce
0x00000001cc9a1000 	/System/Library/PrivateFrameworks/CoreEmoji.framework/Versions/A/CoreEmoji
0x00000001cd822000 	/usr/lib/libcmph.dylib
0x00000001ca0a0000 	/System/Library/Frameworks/OpenDirectory.framework/Versions/A/Frameworks/CFOpenDirectory.framework/Versions/A/CFOpenDirectory
0x00000001ca090000 	/System/Library/Frameworks/OpenDirectory.framework/Versions/A/OpenDirectory
0x00000001cdf93000 	/System/Library/PrivateFrameworks/APFS.framework/Versions/A/APFS
0x00000001cccc2000 	/System/Library/Frameworks/SecurityFoundation.framework/Versions/A/SecurityFoundation
0x00000001ce009000 	/usr/lib/libutil.dylib
0x00000001c5603000 	/System/Library/PrivateFrameworks/CoreServicesStore.framework/Versions/A/CoreServicesStore
0x00000001ce00d000 	/usr/lib/libxslt.1.dylib
0x00000001ccd56000 	/System/Library/PrivateFrameworks/BackgroundTaskManagement.framework/Versions/A/BackgroundTaskManagement
0x00000001cf2a9000 	/System/Library/Frameworks/ImageIO.framework/Versions/A/Resources/libRadiance.dylib
0x00000001cf2b2000 	/System/Library/Frameworks/ImageIO.framework/Versions/A/Resources/libJPEG.dylib
0x00000001cf205000 	/System/Library/Frameworks/ImageIO.framework/Versions/A/Resources/libPng.dylib
0x00000001cf227000 	/System/Library/Frameworks/ImageIO.framework/Versions/A/Resources/libTIFF.dylib
0x00000001cf30d000 	/System/Library/Frameworks/ImageIO.framework/Versions/A/Resources/libGIF.dylib
0x00000001cec3d000 	/System/Library/Frameworks/ImageIO.framework/Versions/A/Resources/libJP2.dylib
0x00000001ce35f000 	/usr/lib/libexpat.1.dylib
0x00000001cebf8000 	/System/Library/PrivateFrameworks/AppleJPEG.framework/Versions/A/AppleJPEG
0x00000001cb71c000 	/System/Library/PrivateFrameworks/FontServices.framework/libFontParser.dylib
0x00000001c9394000 	/System/Library/PrivateFrameworks/RunningBoardServices.framework/Versions/A/RunningBoardServices
0x00000001d9c46000 	/System/Library/PrivateFrameworks/IOSurfaceAccelerator.framework/Versions/A/IOSurfaceAccelerator
0x00000001ced29000 	/System/Library/PrivateFrameworks/WatchdogClient.framework/Versions/A/WatchdogClient
0x00000001c3fc6000 	/System/Library/Frameworks/CoreDisplay.framework/Versions/A/CoreDisplay
0x00000001cb606000 	/System/Library/Frameworks/CoreMedia.framework/Versions/A/CoreMedia
0x00000001cb491000 	/System/Library/PrivateFrameworks/IOAccelerator.framework/Versions/A/IOAccelerator
0x00000001ca230000 	/System/Library/Frameworks/CoreVideo.framework/Versions/A/CoreVideo
0x00000001cd984000 	/System/Library/Frameworks/MetalPerformanceShaders.framework/Versions/A/MetalPerformanceShaders
0x00000001ced68000 	/System/Library/Frameworks/VideoToolbox.framework/Versions/A/VideoToolbox
0x00000001c92d8000 	/System/Library/PrivateFrameworks/BaseBoard.framework/Versions/A/BaseBoard
0x00000001c9066000 	/System/Library/PrivateFrameworks/ProtocolBuffer.framework/Versions/A/ProtocolBuffer
0x00000001cf2a4000 	/System/Library/PrivateFrameworks/GPUWrangler.framework/Versions/A/GPUWrangler
0x00000001cf284000 	/System/Library/PrivateFrameworks/IOPresentment.framework/Versions/A/IOPresentment
0x00000001cf2ac000 	/System/Library/PrivateFrameworks/DSExternalDisplay.framework/Versions/A/DSExternalDisplay
0x00000002242f2000 	/System/Library/Frameworks/OpenGL.framework/Versions/A/Libraries/libCoreFSCache.dylib
0x000000022f1bc000 	/System/Library/PrivateFrameworks/GPUCompiler.framework/Versions/31001/Libraries/libGPUCompilerUtils.dylib
0x00000001cf312000 	/System/Library/PrivateFrameworks/CMCaptureCore.framework/Versions/A/CMCaptureCore
0x00000001ce910000 	/System/Library/PrivateFrameworks/AppServerSupport.framework/Versions/A/AppServerSupport
0x00000001d0b98000 	/System/Library/PrivateFrameworks/perfdata.framework/Versions/A/perfdata
0x00000001c40e6000 	/System/Library/PrivateFrameworks/AudioToolboxCore.framework/Versions/A/AudioToolboxCore
0x00000001cb5df000 	/System/Library/PrivateFrameworks/caulk.framework/Versions/A/caulk
0x00000001d048d000 	/usr/lib/libAudioStatistics.dylib
0x00000001e24ab000 	/System/Library/PrivateFrameworks/SystemPolicy.framework/Versions/A/SystemPolicy
0x00000001d06f9000 	/usr/lib/libSMC.dylib
0x00000001d944d000 	/System/Library/Frameworks/CoreMIDI.framework/Versions/A/CoreMIDI
0x00000001cf1d3000 	/usr/lib/libAudioToolboxUtility.dylib
0x00000001de60e000 	/System/Library/PrivateFrameworks/OSAServicesClient.framework/Versions/A/OSAServicesClient
0x00000001d0ba5000 	/usr/lib/libperfcheck.dylib
0x00000001e2fca000 	/usr/lib/libmis.dylib
0x0000000224354000 	/System/Library/Frameworks/OpenGL.framework/Versions/A/Libraries/libGLU.dylib
0x0000000224313000 	/System/Library/Frameworks/OpenGL.framework/Versions/A/Libraries/libGFXShared.dylib
0x0000000224500000 	/System/Library/Frameworks/OpenGL.framework/Versions/A/Libraries/libGL.dylib
0x000000022431c000 	/System/Library/Frameworks/OpenGL.framework/Versions/A/Libraries/libGLImage.dylib
0x0000000224310000 	/System/Library/Frameworks/OpenGL.framework/Versions/A/Libraries/libCVMSPluginSupport.dylib
0x00000002242f9000 	/System/Library/Frameworks/OpenGL.framework/Versions/A/Libraries/libCoreVMClient.dylib
0x00000001cc190000 	/System/Library/Frameworks/MetalPerformanceShaders.framework/Versions/A/Frameworks/MPSCore.framework/Versions/A/MPSCore
0x00000001cd331000 	/System/Library/Frameworks/MetalPerformanceShaders.framework/Versions/A/Frameworks/MPSImage.framework/Versions/A/MPSImage
0x00000001cce20000 	/System/Library/Frameworks/MetalPerformanceShaders.framework/Versions/A/Frameworks/MPSNeuralNetwork.framework/Versions/A/MPSNeuralNetwork
0x00000001cd259000 	/System/Library/Frameworks/MetalPerformanceShaders.framework/Versions/A/Frameworks/MPSMatrix.framework/Versions/A/MPSMatrix
0x00000001cd032000 	/System/Library/Frameworks/MetalPerformanceShaders.framework/Versions/A/Frameworks/MPSRayIntersector.framework/Versions/A/MPSRayIntersector
0x00000001cd28a000 	/System/Library/Frameworks/MetalPerformanceShaders.framework/Versions/A/Frameworks/MPSNDArray.framework/Versions/A/MPSNDArray
0x0000000226dfb000 	/System/Library/Frameworks/MetalPerformanceShaders.framework/Versions/A/Frameworks/MPSFunctions.framework/Versions/A/MPSFunctions
0x00000001c3378000 	/System/Library/PrivateFrameworks/MetalTools.framework/Versions/A/MetalTools
0x00000001cc20e000 	/System/Library/PrivateFrameworks/AggregateDictionary.framework/Versions/A/AggregateDictionary
0x00000001ce144000 	/usr/lib/libIOReport.dylib
0x00000001d8466000 	/System/Library/PrivateFrameworks/ASEProcessing.framework/Versions/A/ASEProcessing
0x00000001ce4b9000 	/System/Library/PrivateFrameworks/FaceCore.framework/Versions/A/FaceCore
0x00000001ce4ab000 	/System/Library/PrivateFrameworks/GraphVisualizer.framework/Versions/A/GraphVisualizer
0x000000022f0d3000 	/System/Library/PrivateFrameworks/FontServices.framework/Versions/A/FontServices
0x00000001ce8cc000 	/System/Library/PrivateFrameworks/OTSVG.framework/Versions/A/OTSVG
0x00000001c9df9000 	/System/Library/Frameworks/ApplicationServices.framework/Versions/A/Frameworks/ATS.framework/Versions/A/Resources/libFontRegistry.dylib
0x00000001ce919000 	/System/Library/PrivateFrameworks/FontServices.framework/libhvf.dylib
0x000000022f0d4000 	/System/Library/PrivateFrameworks/FontServices.framework/libXTFontStaticRegistryData.dylib
0x00000002246a1000 	/System/Library/Frameworks/OpenCL.framework/Versions/A/OpenCL
0x00000001ce313000 	/System/Library/PrivateFrameworks/AppleVA.framework/Versions/A/AppleVA
0x00000001d04b5000 	/System/Library/Frameworks/ApplicationServices.framework/Versions/A/Frameworks/ATS.framework/Versions/A/ATS
0x00000001c8823000 	/System/Library/Frameworks/ApplicationServices.framework/Versions/A/Frameworks/HIServices.framework/Versions/A/HIServices
0x00000001cf31c000 	/System/Library/Frameworks/ApplicationServices.framework/Versions/A/Frameworks/PrintCore.framework/Versions/A/PrintCore
0x00000001d084c000 	/System/Library/Frameworks/ApplicationServices.framework/Versions/A/Frameworks/QD.framework/Versions/A/QD
0x00000001d0844000 	/System/Library/Frameworks/ApplicationServices.framework/Versions/A/Frameworks/ColorSyncLegacy.framework/Versions/A/ColorSyncLegacy
0x00000001d04a1000 	/System/Library/Frameworks/ApplicationServices.framework/Versions/A/Frameworks/SpeechSynthesis.framework/Versions/A/SpeechSynthesis
0x00000001cf2dd000 	/System/Library/Frameworks/ApplicationServices.framework/Versions/A/Frameworks/ATSUI.framework/Versions/A/ATSUI
0x00000001d07d9000 	/usr/lib/libcups.2.dylib
0x00000001d0bb3000 	/System/Library/Frameworks/Kerberos.framework/Versions/A/Kerberos
0x00000001d0bc4000 	/System/Library/Frameworks/GSS.framework/Versions/A/GSS
0x00000001d0525000 	/usr/lib/libresolv.9.dylib
0x00000001ce928000 	/System/Library/PrivateFrameworks/Heimdal.framework/Versions/A/Heimdal
0x00000001d769c000 	/System/Library/Frameworks/Kerberos.framework/Versions/A/Libraries/libHeimdalProxy.dylib
0x00000001c9473000 	/System/Library/Frameworks/Network.framework/Versions/A/Network
0x00000001ce37a000 	/usr/lib/libheimdal-asn1.dylib
0x00000001d0c14000 	/System/Library/PrivateFrameworks/CommonAuth.framework/Versions/A/CommonAuth
0x00000001d041b000 	/System/Library/PrivateFrameworks/AudioSession.framework/Versions/A/AudioSession
0x00000001ce40c000 	/System/Library/PrivateFrameworks/MediaExperience.framework/Versions/A/MediaExperience
0x00000001d02a0000 	/System/Library/PrivateFrameworks/AudioSession.framework/libSessionUtility.dylib
0x00000001d0858000 	/System/Library/PrivateFrameworks/AudioResourceArbitration.framework/Versions/A/AudioResourceArbitration
0x00000001d4a1e000 	/System/Library/PrivateFrameworks/PowerLog.framework/Versions/A/PowerLog
0x00000001ce384000 	/System/Library/PrivateFrameworks/IconFoundation.framework/Versions/A/IconFoundation
0x00000001d3767000 	/System/Library/PrivateFrameworks/SpeechRecognitionCore.framework/Versions/A/SpeechRecognitionCore
0x0000000101140000 	/Users/cleontan/Downloads/jdk-11.0.17.jdk/Contents/Home/lib/server/libjvm.dylib
0x0000000100450000 	/Users/cleontan/Downloads/jdk-11.0.17.jdk/Contents/Home/lib/libverify.dylib
0x000000010049c000 	/Users/cleontan/Downloads/jdk-11.0.17.jdk/Contents/Home/lib/libjava.dylib
0x0000000100468000 	/Users/cleontan/Downloads/jdk-11.0.17.jdk/Contents/Home/lib/libjimage.dylib
0x0000000100510000 	/Users/cleontan/Downloads/jdk-11.0.17.jdk/Contents/Home/lib/libzip.dylib
0x00000001010a4000 	/Users/cleontan/Downloads/jdk-11.0.17.jdk/Contents/Home/lib/libnio.dylib
0x00000001010c0000 	/Users/cleontan/Downloads/jdk-11.0.17.jdk/Contents/Home/lib/libnet.dylib
0x00000001010e4000 	/Users/cleontan/.openjfx/cache/17/libprism_es2.dylib
0x00000001c55c6000 	/System/Library/PrivateFrameworks/CoreServicesInternal.framework/Versions/A/CoreServicesInternal
0x000000022450a000 	/System/Library/Frameworks/OpenGL.framework/Versions/A/Resources/GLEngine.bundle/GLEngine
0x0000000224392000 	/System/Library/Frameworks/OpenGL.framework/Versions/A/Libraries/libGLProgrammability.dylib
0x0000000125dc0000 	/System/Library/Extensions/AppleMetalOpenGLRenderer.bundle/Contents/MacOS/AppleMetalOpenGLRenderer
0x0000000224679000 	/System/Library/Frameworks/OpenGL.framework/Versions/A/Resources/GLRendererFloat.bundle/GLRendererFloat
0x00000002251fb000 	/System/Library/Extensions/AGXMetalG14G.bundle/Contents/MacOS/AGXMetalG14G
0x00000001e2fe6000 	/System/Library/PrivateFrameworks/GPURawCounter.framework/Versions/A/GPURawCounter
0x00000001dd777000 	/System/Library/PrivateFrameworks/IOGPU.framework/Versions/A/IOGPU
0x0000000125d34000 	/Users/cleontan/.openjfx/cache/17/libglass.dylib
0x00000001d4c76000 	/System/Library/Frameworks/FileProvider.framework/Versions/A/FileProvider
0x00000001c9240000 	/System/Library/Frameworks/Accounts.framework/Versions/A/Accounts
0x00000001d4dfa000 	/System/Library/PrivateFrameworks/GenerationalStorage.framework/Versions/A/GenerationalStorage
0x00000001d59bd000 	/System/Library/PrivateFrameworks/CoreSymbolication.framework/Versions/A/CoreSymbolication
0x00000001d4a12000 	/System/Library/PrivateFrameworks/SymptomDiagnosticReporter.framework/Versions/A/SymptomDiagnosticReporter
0x00000001c68b7000 	/System/Library/PrivateFrameworks/DesktopServicesPriv.framework/Versions/A/DesktopServicesPriv
0x00000001c5728000 	/usr/lib/libsandbox.1.dylib
0x00000001ca2be000 	/System/Library/PrivateFrameworks/UserManagement.framework/Versions/A/UserManagement
0x00000001d597a000 	/System/Library/PrivateFrameworks/DebugSymbols.framework/Versions/A/DebugSymbols
0x00000001d0837000 	/System/Library/PrivateFrameworks/NetAuth.framework/Versions/A/NetAuth
0x00000001d1758000 	/System/Library/PrivateFrameworks/Sharing.framework/Versions/A/Sharing
0x00000001ca28e000 	/System/Library/PrivateFrameworks/login.framework/Versions/A/Frameworks/loginsupport.framework/Versions/A/loginsupport
0x00000001d6bb1000 	/System/Library/PrivateFrameworks/Apple80211.framework/Versions/A/Apple80211
0x00000001cd415000 	/System/Library/PrivateFrameworks/AuthKit.framework/Versions/A/AuthKit
0x00000001cca9d000 	/System/Library/PrivateFrameworks/CoreUtils.framework/Versions/A/CoreUtils
0x00000001cc9c0000 	/System/Library/Frameworks/CoreWLAN.framework/Versions/A/CoreWLAN
0x00000001d18c8000 	/System/Library/Frameworks/IOBluetooth.framework/Versions/A/IOBluetooth
0x00000001d6c11000 	/System/Library/PrivateFrameworks/CoreWiFi.framework/Versions/A/CoreWiFi
0x00000001d555a000 	/System/Library/PrivateFrameworks/FrontBoardServices.framework/Versions/A/FrontBoardServices
0x00000001d55f2000 	/System/Library/PrivateFrameworks/BoardServices.framework/Versions/A/BoardServices
0x00000001cccb0000 	/System/Library/PrivateFrameworks/AssertionServices.framework/Versions/A/AssertionServices
0x00000001d6d8e000 	/System/Library/PrivateFrameworks/BackBoardServices.framework/Versions/A/BackBoardServices
0x00000001d0cab000 	/System/Library/PrivateFrameworks/CorePhoneNumbers.framework/Versions/A/CorePhoneNumbers
0x00000001d0552000 	/System/Library/PrivateFrameworks/MultiverseSupport.framework/Versions/A/MultiverseSupport
0x00000001d700f000 	/System/Library/PrivateFrameworks/RemoteServiceDiscovery.framework/Versions/A/RemoteServiceDiscovery
0x00000001d4b42000 	/System/Library/PrivateFrameworks/DiskManagement.framework/Versions/A/DiskManagement
0x00000001d4a45000 	/System/Library/PrivateFrameworks/AppleIDAuthSupport.framework/Versions/A/AppleIDAuthSupport
0x0000000229638000 	/System/Library/PrivateFrameworks/AAAFoundation.framework/Versions/A/AAAFoundation
0x00000001d0c8a000 	/System/Library/PrivateFrameworks/KeychainCircle.framework/Versions/A/KeychainCircle
0x00000001d701f000 	/System/Library/PrivateFrameworks/RemoteXPC.framework/Versions/A/RemoteXPC
0x00000001d4b0e000 	/System/Library/PrivateFrameworks/MediaKit.framework/Versions/A/MediaKit
0x00000001d4a52000 	/System/Library/Frameworks/DiscRecording.framework/Versions/A/DiscRecording
0x00000001ce28f000 	/usr/lib/libCoreStorage.dylib
0x00000001d708b000 	/usr/lib/libcsfde.dylib
0x00000001d199d000 	/System/Library/PrivateFrameworks/ProtectedCloudStorage.framework/Versions/A/ProtectedCloudStorage
0x00000001d7083000 	/System/Library/PrivateFrameworks/EFILogin.framework/Versions/A/EFILogin
0x00000001d4e21000 	/System/Library/PrivateFrameworks/OctagonTrust.framework/Versions/A/OctagonTrust
0x000000022e25a000 	/System/Library/PrivateFrameworks/CoreUtilsExtras.framework/Versions/A/CoreUtilsExtras
0x00000001d4977000 	/System/Library/Frameworks/CoreBluetooth.framework/Versions/A/CoreBluetooth
0x00000001d7721000 	/System/Library/Frameworks/AudioUnit.framework/Versions/A/AudioUnit
0x00000001ce287000 	/usr/lib/libMatch.1.dylib
0x00000001e74ce000 	/System/Library/Frameworks/Accelerate.framework/Versions/A/Frameworks/vImage.framework/Versions/A/Libraries/libCGInterfaces.dylib
0x000000013052c000 	/usr/lib/libobjc-trampolines.dylib
0x00000001c9f88000 	/System/Library/PrivateFrameworks/ViewBridge.framework/Versions/A/ViewBridge
0x00000001ce9eb000 	/System/Library/PrivateFrameworks/login.framework/Versions/A/login
0x0000000132d00000 	/Users/cleontan/.openjfx/cache/17/libjavafx_iio.dylib
0x000000013278c000 	/Users/cleontan/.openjfx/cache/17/libjavafx_font.dylib
0x0000000242846000 	/usr/lib/libRosetta.dylib
0x00000001d3e90000 	/System/Library/PrivateFrameworks/SystemAdministration.framework/Versions/A/SystemAdministration
0x00000001cf523000 	/System/Library/Frameworks/MediaToolbox.framework/Versions/A/MediaToolbox
0x00000001d372f000 	/System/Library/Frameworks/DirectoryService.framework/Versions/A/DirectoryService
0x00000001d6f18000 	/System/Library/PrivateFrameworks/DiskImages.framework/Versions/A/DiskImages
0x00000001ccd61000 	/System/Library/Frameworks/ServiceManagement.framework/Versions/A/ServiceManagement
0x00000001d7101000 	/System/Library/PrivateFrameworks/LoginUIKit.framework/Versions/A/Frameworks/LoginUICore.framework/Versions/A/LoginUICore
0x00000001ceba1000 	/usr/lib/libodfde.dylib
0x00000001d4c42000 	/System/Library/PrivateFrameworks/CoreAVCHD.framework/Versions/A/CoreAVCHD
0x00000001d3e52000 	/System/Library/Frameworks/MediaAccessibility.framework/Versions/A/MediaAccessibility
0x00000001d4c3e000 	/System/Library/PrivateFrameworks/Mangrove.framework/Versions/A/Mangrove
0x00000001d3e5f000 	/System/Library/PrivateFrameworks/AlgosScoreFramework.framework/Versions/A/AlgosScoreFramework
0x000000022b33d000 	/System/Library/PrivateFrameworks/CMPhoto.framework/Versions/A/CMPhoto
0x00000001d4c32000 	/System/Library/PrivateFrameworks/CoreAUC.framework/Versions/A/CoreAUC
0x00000001d7097000 	/usr/lib/libcurl.4.dylib
0x0000000242bee000 	/usr/lib/libcrypto.46.dylib
0x0000000243097000 	/usr/lib/libssl.48.dylib
0x00000001d6dae000 	/System/Library/Frameworks/LDAP.framework/Versions/A/LDAP
0x00000001d6dea000 	/System/Library/PrivateFrameworks/TrustEvaluationAgent.framework/Versions/A/TrustEvaluationAgent
0x00000001d053e000 	/usr/lib/libsasl2.2.dylib
0x00000001d3e85000 	/System/Library/PrivateFrameworks/CoreDaemon.framework/Versions/B/CoreDaemon
0x00000001d3e7f000 	/System/Library/PrivateFrameworks/AppleSRP.framework/Versions/A/AppleSRP


VM Arguments:
jvm_args: -Dfile.encoding=UTF-8 -Duser.country=GB -Duser.language=en -Duser.variant 
java_command: duke.Duke
java_class_path (initial): /Users/cleontan/Coding stuff/ip/build/classes/java/main:/Users/cleontan/Coding stuff/ip/build/resources/main:/Users/cleontan/.gradle/caches/modules-2/files-2.1/org.openjfx/javafx-fxml/17/9ba33b0d9c19e9dcfd76fe7d95748a933e09b3b/javafx-fxml-17-mac-aarch64.jar:/Users/cleontan/.gradle/caches/modules-2/files-2.1/org.openjfx/javafx-controls/17/2254b351c1e6ce2ac9adcd3480fed883cebbb08b/javafx-controls-17-mac-aarch64.jar:/Users/cleontan/.gradle/caches/modules-2/files-2.1/org.openjfx/javafx-controls/17/7116001b777530c89e5c7381d39a2c9268f71e7e/javafx-controls-17.jar:/Users/cleontan/.gradle/caches/modules-2/files-2.1/org.openjfx/javafx-graphics/17/b6326f61f7e0effbf733d62e83b8317eb8e768b4/javafx-graphics-17-mac-aarch64.jar:/Users/cleontan/.gradle/caches/modules-2/files-2.1/org.openjfx/javafx-graphics/17/616d987ba02a86196d7feca443677fff908d5737/javafx-graphics-17.jar:/Users/cleontan/.gradle/caches/modules-2/files-2.1/org.openjfx/javafx-base/17/d77b645fa3e1a6270783178541944e4b4a457cd2/javafx-base-17-mac-aarch64.jar:/Users/cleontan/.gradle/caches/modules-2/files-2.1/org.openjfx/javafx-base/17/1e6732190939254735dc2a88eca88c5c7ccc719d/javafx-base-17.jar
Launcher Type: SUN_STANDARD

[Global flags]
     intx CICompilerCount                          = 4                                         {product} {ergonomic}
     uint ConcGCThreads                            = 2                                         {product} {ergonomic}
     uint G1ConcRefinementThreads                  = 8                                         {product} {ergonomic}
   size_t G1HeapRegionSize                         = 1048576                                   {product} {ergonomic}
    uintx GCDrainStackTargetSize                   = 64                                        {product} {ergonomic}
   size_t InitialHeapSize                          = 268435456                                 {product} {ergonomic}
   size_t MarkStackSize                            = 4194304                                   {product} {ergonomic}
   size_t MaxHeapSize                              = 4294967296                                {product} {ergonomic}
   size_t MaxNewSize                               = 2576351232                                {product} {ergonomic}
   size_t MinHeapDeltaBytes                        = 1048576                                   {product} {ergonomic}
    uintx NonNMethodCodeHeapSize                   = 5836492                                {pd product} {ergonomic}
    uintx NonProfiledCodeHeapSize                  = 122910874                              {pd product} {ergonomic}
    uintx ProfiledCodeHeapSize                     = 122910874                              {pd product} {ergonomic}
    uintx ReservedCodeCacheSize                    = 251658240                              {pd product} {ergonomic}
     bool SegmentedCodeCache                       = true                                      {product} {ergonomic}
     bool UseCompressedClassPointers               = true                                 {lp64_product} {ergonomic}
     bool UseCompressedOops                        = true                                 {lp64_product} {ergonomic}
     bool UseG1GC                                  = true                                      {product} {ergonomic}

Logging:
Log output configuration:
 #0: stdout all=warning uptime,level,tags
 #1: stderr all=off uptime,level,tags

Environment Variables:
PATH=/Users/cleontan/.rvm/gems/ruby-3.0.0/bin:/Users/cleontan/.rvm/gems/ruby-3.0.0@global/bin:/Users/cleontan/.rvm/rubies/ruby-3.0.0/bin:/opt/homebrew/opt/ruby/bin:/opt/homebrew/opt/ruby/bin:/opt/homebrew/opt/ruby/bin:/opt/homebrew/bin:/opt/homebrew/sbin:/usr/local/bin:/usr/bin:/bin:/usr/sbin:/sbin:/Library/Apple/usr/bin:/Users/cleontan/.rvm/bin
SHELL=/bin/zsh

Signal Handlers:
SIGSEGV: [libjvm.dylib+0x684680], sa_mask[0]=11111111011111110111111111111111, sa_flags=SA_ONSTACK|SA_RESTART|SA_SIGINFO
SIGBUS: [libjvm.dylib+0x684680], sa_mask[0]=11111111011111110111111111111111, sa_flags=SA_RESTART|SA_SIGINFO
SIGFPE: [libjvm.dylib+0x684680], sa_mask[0]=11111111011111110111111111111111, sa_flags=SA_RESTART|SA_SIGINFO
SIGPIPE: [libjvm.dylib+0x5311e0], sa_mask[0]=11111111011111110111111111111111, sa_flags=SA_RESTART|SA_SIGINFO
SIGXFSZ: [libjvm.dylib+0x5311e0], sa_mask[0]=11111111011111110111111111111111, sa_flags=SA_RESTART|SA_SIGINFO
SIGILL: [libjvm.dylib+0x684680], sa_mask[0]=11111111011111110111111111111111, sa_flags=SA_RESTART|SA_SIGINFO
SIGUSR2: [libjvm.dylib+0x5317e0], sa_mask[0]=00100000000000000000000000000000, sa_flags=SA_RESTART|SA_SIGINFO
SIGHUP: [libjvm.dylib+0x52fea0], sa_mask[0]=11111111011111110111111111111111, sa_flags=SA_RESTART|SA_SIGINFO
SIGINT: [libjvm.dylib+0x52fea0], sa_mask[0]=11111111011111110111111111111111, sa_flags=SA_RESTART|SA_SIGINFO
SIGTERM: [libjvm.dylib+0x52fea0], sa_mask[0]=11111111011111110111111111111111, sa_flags=SA_RESTART|SA_SIGINFO
SIGQUIT: [libjvm.dylib+0x52fea0], sa_mask[0]=11111111011111110111111111111111, sa_flags=SA_RESTART|SA_SIGINFO


---------------  S Y S T E M  ---------------

OS:uname:Darwin 21.6.0 Darwin Kernel Version 21.6.0: Sat Jun 18 17:07:28 PDT 2022; root:xnu-8020.140.41~1/RELEASE_ARM64_T8110 arm64
rlimit: STACK 8176k, CORE 0k, NPROC 2666, NOFILE 10240, AS infinity, DATA infinity, FSIZE infinity
load average:9.02 8.13 7.13

CPU:total 8 (initial active 8) 0x61:0x0:0xda33d83d:0, simd, crc, lse

Memory: 16k page, physical 16777216k(59328k free)

vm_info: Java HotSpot(TM) 64-Bit Server VM (11.0.17+10-LTS-269) for bsd-aarch64 JRE (11.0.17+10-LTS-269), built on Sep 13 2022 19:05:53 by "mach5one" with gcc Apple LLVM 12.0.0 (clang-1200.0.32.29)

END.
